Sandbox logs:
0 SELL -9x 4893
100 SELL -1x 4897
SELL -2x 10000
SELL -1x 10002
200 
300 SELL -1x 4898
400 SELL -8x 4894
500 SELL -1x 4898
600 
700 
800 SELL -1x 4894
900 BUY -11x 9998
1000 
1100 
1200 
1300 SELL -1x 10002
1400 
1500 SELL -1x 4896
BUY -4x 9998
1600 
1700 
1800 SELL -4x 10000
1900 BUY -1x 4891
2000 
2100 
2200 BUY -4x 9998
2300 
2400 
2500 
2600 SELL -1x 10002
2700 
2800 
2900 
3000 SELL -1x 4896
3100 
3200 SELL -2x 10002
3300 SELL -1x 10002
3400 
3500 SELL -4x 4894
3600 
3700 SELL -4x 4893
3800 
3900 
4000 SELL -1x 10002
4100 SELL -5x 10000
4200 SELL -1x 4893
SELL -5x 10002
4300 
4400 
4500 
4600 
4700 SELL -5x 4893
4800 SELL -1x 4898
4900 
5000 SELL -10x 4893
5100 
5200 SELL -7x 4894
SELL -5x 10000
5300 BUY -12x 9998
5400 
5500 SELL -1x 4895
5600 SELL -2x 4896
5700 SELL -4x 4899
5800 
5900 
6000 
6100 SELL -1x 4895
6200 SELL -1x 4900
6300 
6400 
6500 
6600 
6700 
6800 SELL -5x 10000
6900 
7000 SELL -1x 4894
7100 BUY -5x 9998
7200 
7300 
7400 SELL -1x 10002
7500 
7600 SELL -1x 10002
7700 
7800 
7900 
8000 SELL -1x 4901
SELL -3x 10000
8100 
8200 SELL -4x 4899
8300 SELL -9x 4897
8400 SELL -5x 4898
8500 SELL -3x 4901
8600 
8700 SELL -1x 4901
8800 
8900 
9000 
9100 BUY -1x 9998
9200 
9300 SELL -2x 4896
SELL -11x 10002
9400 SELL -1x 10002
9500 SELL -1x 10002
9600 
9700 
9800 SELL -1x 4896
9900 
10000 
10100 SELL -4x 10002
10200 
10300 
10400 
10500 
10600 
10700 BUY -3x 9998
10800 
10900 SELL -1x 4895
11000 
11100 
11200 
11300 
11400 
11500 SELL -1x 4894
11600 SELL -2x 4893
11700 SELL -4x 10000
11800 SELL -10x 4894
11900 SELL -1x 4894
SELL -4x 10000
SELL -1x 10002
12000 
12100 SELL -2x 4894
BUY -8x 9998
12200 SELL -2x 4894
12300 
12400 SELL -5x 4894
SELL -1x 10002
12500 SELL -3x 10000
12600 SELL -4x 10000
12700 SELL -1x 10002
12800 SELL -4x 10000
12900 
13000 
13100 
13200 SELL -1x 4897
13300 SELL -1x 4893
SELL -2x 10002
13400 
13500 SELL -5x 4897
13600 
13700 SELL -2x 4897
SELL -1x 10002
13800 SELL -1x 4894
13900 
14000 SELL -6x 10002
14100 SELL -2x 4894
14200 
14300 SELL -2x 4898
14400 SELL -4x 10002
14500 
14600 
14700 
14800 SELL -1x 4894
BUY -1x 9998
14900 
15000 
15100 BUY -1x 9998
15200 SELL -2x 4894
SELL -4x 10000
15300 
15400 
15500 BUY -11x 9998
15600 
15700 
15800 SELL -6x 4893
15900 
16000 
16100 
16200 
16300 SELL -1x 4893
16400 
16500 
16600 
16700 SELL -2x 4894
SELL -1x 10002
16800 SELL -2x 10000
16900 SELL -2x 4894
17000 SELL -1x 4894
17100 SELL -1x 4894
17200 
17300 
17400 BUY -11x 9998
17500 
17600 SELL -1x 4895
17700 SELL -2x 4895
17800 BUY -3x 9998
17900 BUY -1x 9998
18000 
18100 
18200 SELL -2x 4895
18300 
18400 SELL -1x 4899
18500 SELL -1x 4899
18600 SELL -1x 4894
18700 SELL -1x 10002
18800 
18900 SELL -8x 4899
SELL -1x 10002
19000 
19100 
19200 
19300 SELL -4x 4894
BUY -6x 9998
19400 
19500 
19600 SELL -1x 10002
19700 SELL -2x 4894
19800 
19900 BUY -1x 9998
20000 BUY -1x 9998
20100 SELL -1x 4893
BUY -4x 9998
20200 SELL -1x 10002
20300 SELL -4x 10002
20400 SELL -1x 4893
SELL -2x 10002
20500 SELL -8x 4893
20600 BUY -4x 9998
20700 
20800 
20900 
21000 
21100 
21200 SELL -1x 4896
BUY -1x 9998
21300 
21400 
21500 
21600 SELL -1x 4896
21700 
21800 SELL -1x 4893
21900 
22000 
22100 SELL -1x 4897
22200 SELL -1x 10002
22300 
22400 
22500 SELL -1x 4897
22600 SELL -1x 4896
22700 
22800 SELL -1x 10002
22900 SELL -2x 10002
23000 
23100 
23200 
23300 
23400 
23500 SELL -1x 4896
23600 BUY -1x 4891
23700 SELL -1x 4896
23800 
23900 
24000 
24100 
24200 
24300 BUY -1x 4891
SELL -1x 10002
24400 
24500 
24600 
24700 SELL -6x 4893
24800 
24900 
25000 SELL -1x 10002
25100 SELL -1x 4894
25200 
25300 
25400 SELL -3x 10002
25500 
25600 
25700 
25800 SELL -1x 10002
25900 
26000 SELL -1x 4894
26100 SELL -1x 4894
SELL -1x 10002
26200 SELL -1x 10002
26300 BUY -1x 4889
26400 
26500 
26600 BUY -4x 9998
26700 SELL -1x 4893
26800 SELL -1x 10002
26900 
27000 
27100 BUY -1x 9998
27200 SELL -1x 4894
27300 
27400 BUY -3x 9998
27500 
27600 
27700 
27800 
27900 
28000 
28100 
28200 BUY -1x 4890
28300 
28400 
28500 BUY -1x 4888
28600 BUY -1x 4888
28700 
28800 BUY -8x 4891
28900 
29000 SELL -1x 10002
29100 
29200 
29300 SELL -1x 4893
29400 
29500 
29600 
29700 
29800 SELL -1x 4893
29900 
30000 
30100 
30200 BUY -2x 4889
BUY -1x 9998
30300 SELL -4x 10002
30400 
30500 
30600 SELL -1x 10002
30700 
30800 
30900 
31000 
31100 SELL -1x 10002
31200 BUY -7x 4891
31300 
31400 
31500 
31600 BUY -3x 9998
31700 
31800 
31900 
32000 BUY -10x 4891
32100 
32200 BUY -5x 4891
32300 SELL -3x 10000
32400 
32500 SELL -1x 10002
32600 BUY -2x 4891
32700 
32800 
32900 BUY -10x 4890
33000 
33100 BUY -26x 4891
33200 BUY -1x 4890
33300 BUY -1x 4890
33400 
33500 BUY -4x 4890
33600 BUY -27x 4891
BUY -2x 9998
33700 BUY -26x 4891
33800 BUY -4x 4889
33900 BUY -28x 4891
34000 BUY -30x 4891
34100 BUY -27x 4891
34200 BUY -3x 4889
34300 BUY -29x 4891
34400 BUY -2x 4890
34500 BUY -24x 4891
34600 BUY -24x 4891
34700 BUY -25x 4891
34800 BUY -4x 4886
34900 BUY -24x 4891
35000 BUY -29x 4891
35100 BUY -23x 4890
35200 BUY -24x 4890
35300 BUY -23x 4890
35400 BUY -27x 4890
SELL -1x 10002
35500 BUY -29x 4890
35600 BUY -3x 4887
35700 BUY -9x 4888
35800 BUY -23x 4889
35900 BUY -30x 4889
36000 BUY -9x 4888
36100 BUY -23x 4890
36200 BUY -1x 4890
36300 BUY -31x 4890
36400 BUY -8x 4888
36500 BUY -1x 4885
36600 BUY -31x 4891
36700 BUY -22x 4891
SELL -1x 10002
36800 BUY -2x 4885
36900 BUY -22x 4891
37000 BUY -22x 4890
37100 BUY -24x 4891
SELL -5x 10000
37200 BUY -29x 4891
37300 BUY -23x 4890
37400 BUY -22x 4889
37500 BUY -31x 4889
SELL -5x 10000
37600 BUY -1x 4889
37700 BUY -20x 4890
SELL -1x 10002
37800 BUY -2x 4889
37900 BUY -29x 4889
38000 BUY -30x 4889
38100 BUY -1x 4889
38200 BUY -2x 4889
38300 BUY -22x 4890
38400 BUY -31x 4890
38500 BUY -2x 4889
38600 BUY -31x 4890
SELL -1x 10002
38700 BUY -2x 4890
38800 BUY -2x 4890
38900 BUY -25x 4891
39000 BUY -24x 4890
39100 BUY -30x 4890
BUY -3x 9998
39200 BUY -21x 4889
39300 BUY -24x 4890
39400 BUY -21x 4891
39500 BUY -29x 4891
39600 BUY -31x 4890
39700 BUY -1x 4889
39800 BUY -24x 4890
BUY -1x 9998
39900 BUY -29x 4890
40000 BUY -26x 4890
SELL -11x 10002
40100 BUY -30x 4890
40200 BUY -7x 4889
40300 BUY -30x 4890
SELL -4x 10002
40400 BUY -25x 4891
40500 BUY -5x 4885
40600 BUY -28x 4890
SELL -1x 10002
40700 BUY -30x 4890
40800 BUY -21x 4890
40900 BUY -25x 4890
41000 BUY -3x 4885
41100 BUY -2x 4890
41200 BUY -20x 4891
41300 BUY -27x 4891
41400 BUY -5x 4886
41500 BUY -2x 4891
41600 BUY -26x 4891
41700 BUY -23x 4891
41800 BUY -4x 4888
41900 BUY -8x 4890
42000 BUY -1x 9998
42100 SELL -2x 10002
42200 
42300 
42400 BUY -2x 4891
42500 
42600 
42700 
42800 
42900 SELL -5x 10002
43000 BUY -6x 4890
43100 
43200 BUY -5x 4891
43300 
43400 
43500 BUY -7x 4891
43600 BUY -7x 4891
43700 BUY -6x 4890
43800 
43900 BUY -1x 4887
44000 BUY -1x 4888
SELL -4x 10002
44100 
44200 
44300 BUY -2x 9998
44400 
44500 
44600 
44700 
44800 
44900 
45000 BUY -1x 4888
45100 BUY -1x 9998
45200 SELL -1x 10002
45300 
45400 
45500 BUY -3x 9998
45600 
45700 SELL -1x 10002
45800 SELL -5x 10000
45900 
46000 BUY -1x 9998
46100 
46200 
46300 
46400 SELL -1x 4895
46500 BUY -1x 9998
46600 SELL -1x 4895
46700 
46800 
46900 
47000 
47100 BUY -1x 9998
47200 SELL -1x 4895
47300 
47400 
47500 BUY -1x 9998
47600 
47700 
47800 
47900 
48000 SELL -2x 10002
48100 
48200 
48300 SELL -1x 4895
48400 
48500 SELL -10x 4894
48600 
48700 
48800 
48900 
49000 
49100 
49200 SELL -3x 10002
49300 
49400 
49500 
49600 
49700 SELL -1x 4896
49800 
49900 
50000 SELL -2x 4893
50100 SELL -4x 10002
50200 SELL -7x 4894
50300 
50400 
50500 SELL -4x 10000
50600 SELL -1x 4895
50700 
50800 
50900 
51000 
51100 
51200 SELL -10x 4895
51300 BUY -5x 9998
51400 
51500 
51600 
51700 SELL -12x 4896
51800 
51900 
52000 
52100 
52200 
52300 
52400 SELL -3x 10002
52500 
52600 
52700 
52800 
52900 
53000 
53100 BUY -5x 9998
53200 SELL -1x 4897
53300 
53400 BUY -1x 9998
53500 
53600 
53700 
53800 SELL -8x 4893
53900 
54000 
54100 
54200 
54300 SELL -1x 10002
54400 
54500 
54600 SELL -2x 10002
54700 
54800 
54900 SELL -1x 4898
55000 
55100 SELL -2x 4894
55200 SELL -7x 4895
55300 
55400 SELL -8x 4895
55500 
55600 
55700 
55800 
55900 
56000 SELL -2x 10000
56100 BUY -1x 9998
56200 SELL -3x 4897
56300 
56400 
56500 
56600 
56700 SELL -6x 4895
56800 
56900 
57000 SELL -2x 4894
57100 SELL -1x 4899
57200 SELL -6x 4894
57300 SELL -1x 4894
57400 
57500 
57600 SELL -4x 10000
57700 SELL -2x 4893
57800 
57900 
58000 
58100 SELL -7x 4894
58200 
58300 
58400 
58500 SELL -5x 4894
58600 
58700 SELL -1x 4893
BUY -1x 9998
58800 
58900 SELL -1x 4899
59000 
59100 SELL -9x 4894
59200 SELL -1x 10002
59300 SELL -5x 4894
59400 SELL -1x 10002
59500 
59600 SELL -1x 10002
59700 SELL -1x 4899
59800 SELL -11x 4894
59900 SELL -2x 4894
60000 SELL -1x 4898
BUY -3x 9998
60100 
60200 SELL -1x 4894
60300 SELL -3x 4894
60400 BUY -1x 9998
60500 
60600 
60700 
60800 SELL -1x 4899
60900 SELL -1x 4899
61000 BUY -1x 9998
61100 
61200 
61300 
61400 
61500 SELL -1x 4898
61600 
61700 
61800 SELL -1x 4893
61900 
62000 
62100 
62200 SELL -9x 4893
62300 
62400 
62500 
62600 SELL -12x 4897
62700 SELL -4x 4894
62800 
62900 SELL -5x 4894
SELL -11x 10002
63000 
63100 BUY -1x 9998
63200 
63300 SELL -1x 4899
SELL -4x 10002
63400 SELL -2x 4894
63500 
63600 SELL -1x 4899
63700 
63800 BUY -1x 9998
63900 
64000 BUY -11x 9998
64100 
64200 SELL -2x 4895
64300 SELL -4x 4896
64400 
64500 
64600 
64700 SELL -1x 10002
64800 
64900 BUY -4x 9998
65000 
65100 SELL -10x 4896
65200 
65300 
65400 SELL -1x 4900
65500 
65600 SELL -3x 4895
65700 
65800 SELL -4x 10002
65900 SELL -2x 4895
66000 SELL -6x 4897
66100 SELL -1x 4899
66200 SELL -1x 10002
66300 SELL -6x 4898
SELL -3x 10000
66400 
66500 SELL -1x 4897
66600 SELL -1x 4896
SELL -3x 10002
66700 SELL -2x 4896
66800 
66900 
67000 
67100 
67200 
67300 BUY -8x 4891
67400 
67500 
67600 
67700 
67800 
67900 
68000 
68100 
68200 BUY -1x 9998
68300 
68400 SELL -1x 10002
68500 SELL -1x 4897
68600 BUY -1x 9998
68700 SELL -10x 4894
68800 
68900 SELL -4x 4897
69000 
69100 
69200 
69300 
69400 
69500 
69600 
69700 SELL -1x 10002
69800 
69900 SELL -10x 4896
SELL -1x 10002
70000 
70100 SELL -1x 10002
70200 SELL -2x 4896
70300 SELL -11x 4896
70400 SELL -13x 10002
70500 SELL -4x 4898
SELL -1x 10002
70600 SELL -3x 10000
SELL -1x 10002
70700 
70800 SELL -2x 4895
BUY -5x 9998
70900 
71000 SELL -8x 4895
BUY -3x 9998
71100 SELL -4x 4896
71200 SELL -1x 4896
BUY -1x 9998
71300 SELL -2x 4896
71400 SELL -2x 10002
71500 
71600 SELL -7x 4896
71700 BUY -1x 9998
71800 BUY -1x 9998
71900 
72000 SELL -6x 4896
72100 BUY -1x 9998
72200 BUY -1x 9998
72300 
72400 
72500 SELL -4x 10000
72600 SELL -4x 4896
72700 
72800 
72900 
73000 
73100 
73200 
73300 
73400 
73500 SELL -12x 4898
73600 BUY -1x 9998
73700 SELL -4x 10002
73800 SELL -1x 4893
73900 
74000 SELL -5x 10000
74100 
74200 
74300 SELL -1x 4897
74400 
74500 SELL -1x 4896
74600 BUY -2x 9998
74700 
74800 
74900 
75000 BUY -4x 9998
75100 
75200 
75300 
75400 
75500 
75600 BUY -9x 9998
75700 SELL -1x 4898
75800 
75900 
76000 SELL -8x 4893
76100 SELL -1x 10002
76200 SELL -9x 4893
76300 SELL -7x 4893
76400 
76500 SELL -2x 10000
76600 
76700 SELL -2x 4896
76800 
76900 SELL -4x 4894
77000 
77100 SELL -10x 4895
77200 
77300 SELL -4x 4895
77400 
77500 
77600 SELL -3x 4895
77700 SELL -1x 10002
77800 SELL -2x 4895
77900 SELL -2x 4895
BUY -1x 9998
78000 
78100 
78200 SELL -1x 4899
SELL -1x 10002
78300 
78400 
78500 SELL -2x 4894
78600 
78700 SELL -1x 4894
78800 SELL -3x 4899
78900 SELL -1x 4894
BUY -1x 9998
79000 
79100 BUY -5x 9998
79200 
79300 SELL -1x 4895
79400 
79500 
79600 
79700 
79800 
79900 SELL -1x 4894
80000 SELL -1x 4894
80100 
80200 
80300 
80400 
80500 BUY -1x 9998
80600 
80700 SELL -3x 4895
80800 SELL -2x 4894
80900 
81000 
81100 
81200 
81300 SELL -1x 4899
SELL -1x 10002
81400 SELL -1x 4894
81500 SELL -3x 4895
81600 SELL -1x 10002
81700 
81800 SELL -5x 4896
81900 
82000 
82100 SELL -4x 4894
BUY -1x 9998
82200 
82300 SELL -2x 4894
82400 
82500 SELL -1x 4896
BUY -3x 9998
82600 SELL -2x 4893
82700 
82800 SELL -4x 4897
82900 SELL -10x 4893
83000 SELL -8x 4894
83100 BUY -5x 9998
83200 
83300 
83400 
83500 SELL -1x 4898
83600 SELL -1x 4893
83700 SELL -1x 4893
83800 BUY -2x 9998
83900 SELL -4x 4894
84000 
84100 
84200 SELL -1x 4895
84300 BUY -1x 4891
84400 
84500 
84600 SELL -1x 4894
84700 
84800 
84900 
85000 
85100 
85200 SELL -4x 10000
85300 
85400 
85500 BUY -5x 4891
85600 
85700 
85800 
85900 BUY -8x 9998
86000 BUY -1x 4890
86100 
86200 SELL -3x 4895
86300 
86400 
86500 
86600 BUY -1x 4891
BUY -8x 9998
86700 
86800 
86900 SELL -1x 4895
87000 
87100 
87200 
87300 
87400 
87500 SELL -2x 4893
87600 SELL -1x 4895
87700 BUY -5x 4891
87800 BUY -1x 9998
87900 SELL -1x 4895
88000 SELL -1x 10002
88100 
88200 BUY -3x 9998
88300 
88400 SELL -1x 4896
88500 
88600 
88700 BUY -1x 9998
88800 
88900 
89000 
89100 BUY -1x 4889
89200 
89300 
89400 
89500 
89600 BUY -1x 4888
89700 
89800 
89900 
90000 BUY -3x 4891
90100 BUY -1x 9998
90200 
90300 SELL -1x 10002
90400 
90500 
90600 
90700 
90800 BUY -7x 4891
BUY -1x 9998
90900 
91000 SELL -1x 10002
91100 
91200 
91300 SELL -3x 10002
91400 
91500 
91600 BUY -1x 4889
91700 
91800 BUY -1x 4889
SELL -6x 10000
91900 
92000 
92100 
92200 SELL -3x 10002
92300 
92400 
92500 
92600 BUY -1x 4889
92700 
92800 
92900 
93000 
93100 
93200 
93300 
93400 
93500 
93600 BUY -1x 9998
93700 
93800 BUY -5x 9998
93900 
94000 
94100 
94200 
94300 
94400 
94500 
94600 
94700 
94800 
94900 SELL -4x 10002
95000 
95100 SELL -1x 4893
95200 
95300 SELL -1x 4893
95400 
95500 
95600 BUY -1x 9998
95700 SELL -1x 10002
95800 BUY -1x 9998
95900 SELL -1x 4896
96000 SELL -1x 4896
96100 
96200 
96300 
96400 
96500 
96600 SELL -5x 10000
96700 
96800 
96900 BUY -1x 9998
97000 
97100 
97200 SELL -9x 4897
97300 SELL -1x 4897
97400 SELL -1x 4897
97500 
97600 SELL -2x 4893
SELL -6x 10000
97700 
97800 
97900 SELL -3x 10002
98000 
98100 SELL -8x 4893
98200 
98300 BUY -1x 9998
98400 
98500 SELL -2x 4893
BUY -1x 9998
98600 
98700 
98800 SELL -4x 4894
98900 
99000 
99100 
99200 
99300 SELL -1x 4895
BUY -1x 9998
99400 
99500 BUY -3x 9998
99600 
99700 
99800 
99900 


Submission logs:
2023-03-20T21:51:51Z Orders for product BANANAS exceeded limit of 20 set
2023-03-20T21:51:52Z Orders for product BANANAS exceeded limit of 20 set
2023-03-20T21:51:52Z Orders for product PEARLS exceeded limit of 20 set
2023-03-20T21:51:53Z Orders for product BANANAS exceeded limit of 20 set
2023-03-20T21:51:53Z Orders for product PEARLS exceeded limit of 20 set
2023-03-20T21:51:54Z Orders for product BANANAS exceeded limit of 20 set
2023-03-20T21:51:54Z Orders for product PEARLS exceeded limit of 20 set
2023-03-20T21:51:55Z Orders for product BANANAS exceeded limit of 20 set
2023-03-20T21:51:55Z Orders for product PEARLS exceeded limit of 20 set
2023-03-20T21:51:56Z Orders for product BANANAS exceeded limit of 20 set
2023-03-20T21:51:56Z Orders for product PEARLS exceeded limit of 20 set
2023-03-20T21:51:57Z Orders for product BANANAS exceeded limit of 20 set
2023-03-20T21:51:57Z Orders for product PEARLS exceeded limit of 20 set
2023-03-20T21:51:58Z Orders for product BANANAS exceeded limit of 20 set
2023-03-20T21:51:58Z Orders for product PEARLS exceeded limit of 20 set
2023-03-20T21:51:59Z Orders for product BANANAS exceeded limit of 20 set
2023-03-20T21:51:59Z Orders for product PEARLS exceeded limit of 20 set
2023-03-20T21:52:00Z Orders for product BANANAS exceeded limit of 20 set
2023-03-20T21:52:00Z Orders for product PEARLS exceeded limit of 20 set
2023-03-20T21:52:01Z Orders for product BANANAS exceeded limit of 20 set
2023-03-20T21:52:01Z Orders for product PEARLS exceeded limit of 20 set
2023-03-20T21:52:02Z Orders for product BANANAS exceeded limit of 20 set
2023-03-20T21:52:02Z Orders for product PEARLS exceeded limit of 20 set
2023-03-20T21:52:03Z Orders for product PEARLS exceeded limit of 20 set
2023-03-20T21:52:03Z Orders for product BANANAS exceeded limit of 20 set
2023-03-20T21:52:04Z Orders for product PEARLS exceeded limit of 20 set
2023-03-20T21:52:04Z Orders for product BANANAS exceeded limit of 20 set
2023-03-20T21:52:05Z Orders for product PEARLS exceeded limit of 20 set
2023-03-20T21:52:05Z Orders for product BANANAS exceeded limit of 20 set
2023-03-20T21:52:06Z Orders for product PEARLS exceeded limit of 20 set
2023-03-20T21:52:06Z Orders for product BANANAS exceeded limit of 20 set
2023-03-20T21:52:07Z Orders for product PEARLS exceeded limit of 20 set
2023-03-20T21:52:07Z Orders for product BANANAS exceeded limit of 20 set
2023-03-20T21:52:08Z Orders for product PEARLS exceeded limit of 20 set
2023-03-20T21:52:08Z Orders for product BANANAS exceeded limit of 20 set
2023-03-20T21:52:09Z Orders for product PEARLS exceeded limit of 20 set
2023-03-20T21:52:09Z Orders for product BANANAS exceeded limit of 20 set
2023-03-20T21:52:10Z Orders for product PEARLS exceeded limit of 20 set
2023-03-20T21:52:10Z Orders for product BANANAS exceeded limit of 20 set
2023-03-20T21:52:11Z Orders for product PEARLS exceeded limit of 20 set
2023-03-20T21:52:11Z Orders for product BANANAS exceeded limit of 20 set