Sandbox logs:
0 SELL -9x 4893
100 SELL -1x 4897
SELL -2x 10000
SELL -1x 10002
200 SELL -22x 4892
300 SELL -1x 4898
400 SELL -8x 4894
500 SELL -1x 4898
600 SELL -30x 4892
700 SELL -22x 4891
800 SELL -1x 4894
900 SELL -1x 4892
BUY -11x 9998
1000 SELL -31x 4891
1100 SELL -22x 4891
1200 SELL -22x 4891
1300 SELL -1x 10002
1400 
1500 SELL -1x 4896
BUY -4x 9998
1600 SELL -30x 4891
1700 
1800 SELL -4x 10000
1900 
2000 
2100 
2200 BUY -4x 9998
2300 
2400 
2500 SELL -3x 4891
2600 SELL -1x 10002
2700 
2800 
2900 SELL -22x 4891
3000 SELL -1x 4896
3100 SELL -6x 4892
3200 SELL -24x 4891
SELL -2x 10002
3300 SELL -25x 4891
SELL -1x 10002
3400 SELL -10x 4892
3500 SELL -4x 4894
3600 SELL -27x 4891
3700 SELL -4x 4893
3800 SELL -24x 4892
3900 SELL -26x 4892
4000 SELL -30x 4891
SELL -1x 10002
4100 SELL -24x 4892
SELL -5x 10000
4200 SELL -1x 4893
SELL -5x 10002
4300 SELL -26x 4892
4400 SELL -28x 4892
4500 SELL -26x 4892
4600 SELL -21x 4892
4700 SELL -5x 4893
4800 SELL -1x 4898
4900 SELL -24x 4893
5000 SELL -10x 4893
5100 SELL -26x 4893
5200 SELL -7x 4894
SELL -5x 10000
5300 SELL -22x 4893
BUY -12x 9998
5400 SELL -30x 4894
5500 SELL -1x 4895
5600 SELL -2x 4896
5700 SELL -4x 4899
5800 SELL -30x 4894
5900 SELL -23x 4895
6000 SELL -30x 4894
6100 SELL -1x 4895
6200 SELL -1x 4900
6300 SELL -22x 4894
6400 SELL -24x 4894
6500 SELL -22x 4894
6600 SELL -29x 4894
6700 SELL -31x 4894
6800 SELL -30x 4893
SELL -5x 10000
6900 SELL -29x 4893
7000 SELL -1x 4894
7100 SELL -31x 4893
BUY -5x 9998
7200 SELL -23x 4893
7300 SELL -26x 4893
7400 SELL -22x 4894
SELL -1x 10002
7500 SELL -29x 4894
7600 SELL -27x 4894
SELL -1x 10002
7700 SELL -26x 4894
7800 SELL -23x 4894
7900 SELL -24x 4895
8000 SELL -1x 4901
SELL -3x 10000
8100 SELL -25x 4896
8200 SELL -4x 4899
8300 SELL -9x 4897
8400 SELL -5x 4898
8500 SELL -3x 4901
8600 SELL -29x 4896
8700 SELL -1x 4901
8800 SELL -31x 4896
8900 SELL -26x 4896
9000 SELL -23x 4895
9100 SELL -22x 4896
BUY -1x 9998
9200 SELL -27x 4896
9300 SELL -2x 4896
SELL -11x 10002
9400 SELL -30x 4895
SELL -1x 10002
9500 SELL -26x 4896
SELL -1x 10002
9600 SELL -21x 4896
9700 SELL -31x 4896
9800 SELL -1x 4896
9900 SELL -24x 4895
10000 SELL -27x 4895
10100 SELL -21x 4895
SELL -4x 10002
10200 SELL -20x 4895
10300 SELL -25x 4895
10400 SELL -25x 4895
10500 SELL -26x 4895
10600 SELL -20x 4895
10700 SELL -24x 4895
BUY -3x 9998
10800 SELL -23x 4895
10900 SELL -1x 4895
11000 SELL -27x 4894
11100 SELL -31x 4894
11200 SELL -30x 4894
11300 SELL -27x 4894
11400 SELL -30x 4894
11500 SELL -1x 4894
11600 SELL -2x 4893
11700 SELL -22x 4893
SELL -4x 10000
11800 SELL -10x 4894
11900 SELL -1x 4894
SELL -4x 10000
SELL -1x 10002
12000 SELL -28x 4893
12100 SELL -2x 4894
BUY -8x 9998
12200 SELL -2x 4894
12300 SELL -25x 4893
12400 SELL -5x 4894
SELL -1x 10002
12500 SELL -23x 4892
SELL -3x 10000
12600 SELL -26x 4892
SELL -4x 10000
12700 SELL -28x 4892
SELL -1x 10002
12800 SELL -30x 4892
SELL -4x 10000
12900 SELL -23x 4892
13000 SELL -32x 4892
13100 SELL -21x 4892
13200 SELL -1x 4897
13300 SELL -1x 4893
SELL -2x 10002
13400 SELL -26x 4893
13500 SELL -5x 4897
13600 SELL -26x 4893
13700 SELL -2x 4897
SELL -1x 10002
13800 SELL -1x 4894
13900 SELL -21x 4893
14000 SELL -30x 4894
SELL -6x 10002
14100 SELL -2x 4894
14200 SELL -21x 4893
14300 SELL -2x 4898
14400 SELL -22x 4894
SELL -4x 10002
14500 SELL -29x 4893
14600 SELL -28x 4893
14700 SELL -24x 4893
14800 SELL -1x 4894
BUY -1x 9998
14900 SELL -26x 4893
15000 SELL -27x 4893
15100 SELL -21x 4894
BUY -1x 9998
15200 SELL -2x 4894
SELL -4x 10000
15300 SELL -24x 4893
15400 SELL -30x 4893
15500 SELL -25x 4892
BUY -11x 9998
15600 SELL -23x 4892
15700 SELL -30x 4892
15800 SELL -6x 4893
15900 SELL -21x 4892
16000 SELL -22x 4892
16100 SELL -27x 4893
16200 SELL -27x 4893
16300 SELL -1x 4893
16400 SELL -27x 4893
16500 SELL -22x 4893
16600 SELL -26x 4893
16700 SELL -2x 4894
SELL -1x 10002
16800 SELL -27x 4893
SELL -2x 10000
16900 SELL -2x 4894
17000 SELL -1x 4894
17100 SELL -1x 4894
17200 SELL -28x 4893
17300 SELL -28x 4894
17400 SELL -25x 4893
BUY -11x 9998
17500 SELL -28x 4894
17600 SELL -1x 4895
17700 SELL -2x 4895
17800 SELL -32x 4894
BUY -3x 9998
17900 SELL -21x 4894
BUY -1x 9998
18000 SELL -24x 4895
18100 SELL -30x 4895
18200 SELL -2x 4895
18300 SELL -20x 4894
18400 SELL -1x 4899
18500 SELL -1x 4899
18600 SELL -1x 4894
18700 SELL -30x 4894
SELL -1x 10002
18800 SELL -24x 4895
18900 SELL -8x 4899
SELL -1x 10002
19000 SELL -31x 4894
19100 SELL -23x 4894
19200 SELL -26x 4894
19300 SELL -4x 4894
BUY -6x 9998
19400 SELL -26x 4894
19500 SELL -23x 4894
19600 SELL -27x 4894
SELL -1x 10002
19700 SELL -2x 4894
19800 SELL -28x 4893
19900 SELL -23x 4893
BUY -1x 9998
20000 SELL -26x 4893
BUY -1x 9998
20100 SELL -1x 4893
BUY -4x 9998
20200 SELL -20x 4893
SELL -1x 10002
20300 SELL -24x 4893
SELL -4x 10002
20400 SELL -1x 4893
SELL -2x 10002
20500 SELL -8x 4893
20600 SELL -25x 4892
BUY -4x 9998
20700 SELL -30x 4892
20800 SELL -26x 4891
20900 SELL -31x 4891
21000 SELL -26x 4891
21100 
21200 SELL -1x 4896
BUY -1x 9998
21300 SELL -22x 4891
21400 SELL -30x 4891
21500 SELL -2x 4892
21600 SELL -1x 4896
21700 SELL -27x 4892
21800 SELL -1x 4893
21900 SELL -27x 4892
22000 SELL -2x 4892
22100 SELL -1x 4897
22200 SELL -23x 4892
SELL -1x 10002
22300 SELL -30x 4892
22400 SELL -24x 4891
22500 SELL -1x 4897
22600 SELL -1x 4896
22700 SELL -26x 4891
22800 SELL -1x 4892
SELL -1x 10002
22900 SELL -22x 4891
SELL -2x 10002
23000 SELL -21x 4891
23100 SELL -28x 4891
23200 SELL -24x 4891
23300 SELL -23x 4891
23400 SELL -30x 4891
23500 SELL -1x 4896
23600 
23700 SELL -1x 4896
23800 SELL -22x 4891
23900 SELL -27x 4891
24000 
24100 
24200 SELL -24x 4891
24300 SELL -1x 10002
24400 
24500 
24600 
24700 SELL -6x 4893
24800 
24900 
25000 SELL -1x 10002
25100 SELL -1x 4894
25200 
25300 
25400 SELL -3x 10002
25500 
25600 
25700 
25800 SELL -1x 10002
25900 
26000 SELL -1x 4894
26100 SELL -1x 4894
SELL -1x 10002
26200 SELL -3x 4891
SELL -1x 10002
26300 BUY -1x 4889
26400 
26500 
26600 BUY -4x 9998
26700 SELL -1x 4893
26800 SELL -1x 10002
26900 
27000 
27100 BUY -1x 9998
27200 SELL -1x 4894
27300 
27400 BUY -3x 9998
27500 
27600 
27700 
27800 
27900 
28000 
28100 
28200 
28300 
28400 
28500 BUY -1x 4888
28600 BUY -1x 4888
28700 
28800 
28900 
29000 SELL -1x 10002
29100 
29200 
29300 SELL -1x 4893
29400 
29500 
29600 
29700 
29800 SELL -1x 4893
29900 
30000 
30100 
30200 BUY -2x 4889
BUY -1x 9998
30300 SELL -4x 10002
30400 
30500 
30600 SELL -1x 10002
30700 
30800 
30900 
31000 
31100 SELL -1x 4892
SELL -1x 10002
31200 
31300 
31400 
31500 
31600 BUY -3x 9998
31700 
31800 
31900 
32000 
32100 
32200 
32300 SELL -3x 10000
32400 
32500 SELL -1x 10002
32600 
32700 
32800 
32900 
33000 
33100 
33200 
33300 
33400 
33500 
33600 BUY -2x 9998
33700 
33800 BUY -4x 4889
33900 
34000 
34100 
34200 BUY -3x 4889
34300 
34400 
34500 
34600 
34700 
34800 BUY -4x 4886
34900 
35000 
35100 
35200 
35300 
35400 SELL -1x 10002
35500 
35600 BUY -3x 4887
35700 BUY -9x 4888
35800 BUY -23x 4889
35900 BUY -30x 4889
36000 BUY -9x 4888
36100 
36200 
36300 
36400 BUY -8x 4888
36500 BUY -1x 4885
36600 
36700 SELL -1x 10002
36800 BUY -2x 4885
36900 
37000 
37100 SELL -5x 10000
37200 
37300 
37400 BUY -22x 4889
37500 BUY -31x 4889
SELL -5x 10000
37600 BUY -1x 4889
37700 SELL -1x 10002
37800 BUY -2x 4889
37900 BUY -29x 4889
38000 BUY -30x 4889
38100 BUY -1x 4889
38200 BUY -2x 4889
38300 
38400 
38500 BUY -2x 4889
38600 SELL -1x 10002
38700 
38800 
38900 
39000 
39100 BUY -3x 9998
39200 BUY -21x 4889
39300 
39400 
39500 
39600 
39700 BUY -1x 4889
39800 BUY -1x 9998
39900 
40000 SELL -11x 10002
40100 
40200 BUY -7x 4889
40300 SELL -4x 10002
40400 
40500 BUY -5x 4885
40600 SELL -1x 10002
40700 
40800 
40900 
41000 BUY -3x 4885
41100 
41200 
41300 
41400 BUY -5x 4886
41500 
41600 
41700 
41800 BUY -4x 4888
41900 
42000 BUY -1x 9998
42100 SELL -2x 10002
42200 
42300 
42400 
42500 
42600 SELL -1x 4891
42700 
42800 
42900 SELL -5x 10002
43000 
43100 
43200 
43300 SELL -1x 4892
43400 
43500 
43600 
43700 
43800 
43900 BUY -1x 4887
44000 BUY -1x 4888
SELL -4x 10002
44100 
44200 
44300 BUY -2x 9998
44400 
44500 
44600 
44700 SELL -1x 4891
44800 
44900 
45000 BUY -1x 4888
45100 BUY -1x 9998
45200 SELL -1x 10002
45300 
45400 
45500 BUY -3x 9998
45600 
45700 SELL -1x 10002
45800 SELL -5x 10000
45900 SELL -7x 4891
46000 BUY -1x 9998
46100 SELL -25x 4891
46200 
46300 
46400 SELL -1x 4895
46500 BUY -1x 9998
46600 SELL -1x 4895
46700 
46800 
46900 
47000 
47100 BUY -1x 9998
47200 SELL -1x 4895
47300 
47400 SELL -8x 4891
47500 BUY -1x 9998
47600 
47700 SELL -1x 4891
47800 
47900 
48000 SELL -2x 10002
48100 
48200 
48300 SELL -1x 4895
48400 
48500 SELL -10x 4894
48600 
48700 
48800 
48900 
49000 
49100 
49200 SELL -3x 10002
49300 SELL -3x 4892
49400 SELL -23x 4891
49500 SELL -25x 4891
49600 
49700 SELL -1x 4896
49800 
49900 
50000 SELL -2x 4893
50100 SELL -2x 4892
SELL -4x 10002
50200 SELL -7x 4894
50300 
50400 
50500 SELL -7x 4891
SELL -4x 10000
50600 SELL -1x 4895
50700 SELL -9x 4891
50800 SELL -7x 4891
50900 SELL -1x 4891
51000 
51100 SELL -29x 4891
51200 SELL -10x 4895
51300 SELL -25x 4891
BUY -5x 9998
51400 SELL -23x 4891
51500 SELL -21x 4891
51600 SELL -23x 4891
51700 SELL -12x 4896
51800 SELL -25x 4891
51900 SELL -2x 4892
52000 SELL -3x 4892
52100 SELL -28x 4891
52200 SELL -22x 4891
52300 SELL -30x 4892
52400 SELL -1x 4892
SELL -3x 10002
52500 SELL -27x 4891
52600 SELL -31x 4891
52700 SELL -25x 4891
52800 SELL -28x 4891
52900 SELL -1x 4891
53000 SELL -30x 4891
53100 SELL -23x 4892
BUY -5x 9998
53200 SELL -1x 4897
53300 SELL -20x 4892
53400 SELL -32x 4892
BUY -1x 9998
53500 SELL -25x 4892
53600 SELL -23x 4892
53700 SELL -23x 4892
53800 SELL -8x 4893
53900 SELL -1x 4892
54000 SELL -22x 4891
54100 SELL -22x 4892
54200 SELL -20x 4891
54300 SELL -2x 4892
SELL -1x 10002
54400 SELL -22x 4892
54500 SELL -29x 4892
54600 SELL -30x 4892
SELL -2x 10002
54700 SELL -23x 4893
54800 SELL -25x 4893
54900 SELL -1x 4898
55000 SELL -22x 4893
55100 SELL -2x 4894
55200 SELL -7x 4895
55300 SELL -22x 4894
55400 SELL -8x 4895
55500 SELL -24x 4894
55600 SELL -23x 4894
55700 SELL -22x 4893
55800 SELL -26x 4894
55900 SELL -20x 4894
56000 SELL -25x 4895
SELL -2x 10000
56100 SELL -28x 4894
BUY -1x 9998
56200 SELL -3x 4897
56300 SELL -28x 4894
56400 SELL -29x 4894
56500 SELL -21x 4894
56600 SELL -30x 4894
56700 SELL -6x 4895
56800 SELL -23x 4894
56900 SELL -21x 4894
57000 SELL -2x 4894
57100 SELL -1x 4899
57200 SELL -6x 4894
57300 SELL -1x 4894
57400 SELL -28x 4893
57500 SELL -21x 4892
57600 SELL -22x 4892
SELL -4x 10000
57700 SELL -2x 4893
57800 SELL -28x 4892
57900 SELL -28x 4893
58000 SELL -28x 4892
58100 SELL -7x 4894
58200 SELL -29x 4893
58300 SELL -30x 4893
58400 SELL -25x 4893
58500 SELL -5x 4894
58600 SELL -23x 4893
58700 SELL -1x 4893
BUY -1x 9998
58800 SELL -31x 4893
58900 SELL -1x 4899
59000 SELL -24x 4894
59100 SELL -9x 4894
59200 SELL -25x 4893
SELL -1x 10002
59300 SELL -5x 4894
59400 SELL -23x 4894
SELL -1x 10002
59500 SELL -24x 4894
59600 SELL -25x 4894
SELL -1x 10002
59700 SELL -1x 4899
59800 SELL -11x 4894
59900 SELL -2x 4894
60000 SELL -1x 4898
BUY -3x 9998
60100 SELL -28x 4893
60200 SELL -1x 4894
60300 SELL -3x 4894
60400 SELL -24x 4893
BUY -1x 9998
60500 SELL -25x 4893
60600 SELL -21x 4893
60700 SELL -33x 4894
60800 SELL -1x 4899
60900 SELL -1x 4899
61000 SELL -26x 4894
BUY -1x 9998
61100 SELL -31x 4894
61200 SELL -22x 4894
61300 SELL -27x 4893
61400 SELL -28x 4893
61500 SELL -1x 4898
61600 SELL -28x 4893
61700 SELL -23x 4893
61800 SELL -1x 4893
61900 SELL -28x 4892
62000 SELL -24x 4892
62100 SELL -27x 4892
62200 SELL -9x 4893
62300 SELL -21x 4892
62400 SELL -24x 4892
62500 SELL -27x 4892
62600 SELL -12x 4897
62700 SELL -4x 4894
62800 SELL -22x 4893
62900 SELL -5x 4894
SELL -11x 10002
63000 SELL -30x 4893
63100 SELL -30x 4893
BUY -1x 9998
63200 SELL -25x 4893
63300 SELL -1x 4899
SELL -4x 10002
63400 SELL -2x 4894
63500 SELL -28x 4893
63600 SELL -1x 4899
END RequestId: a16ce27d-1320-445d-a719-ff884895c44b
REPORT RequestId: a16ce27d-1320-445d-a719-ff884895c44b	Duration: 1.77 ms	Billed Duration: 2 ms	Memory Size: 128 MB	Max Memory Used: 41 MB	

63700 SELL -21x 4894
63800 SELL -28x 4894
BUY -1x 9998
63900 SELL -22x 4894
64000 SELL -30x 4894
BUY -11x 9998
64100 SELL -28x 4894
64200 SELL -2x 4895
64300 SELL -4x 4896
64400 SELL -29x 4894
64500 SELL -22x 4895
64600 SELL -29x 4895
64700 SELL -29x 4895
SELL -1x 10002
64800 SELL -20x 4895
64900 SELL -32x 4895
BUY -4x 9998
65000 SELL -27x 4895
65100 SELL -10x 4896
65200 SELL -28x 4895
65300 SELL -29x 4894
65400 SELL -1x 4900
65500 SELL -20x 4894
65600 SELL -3x 4895
65700 SELL -23x 4894
65800 SELL -30x 4894
SELL -4x 10002
65900 SELL -2x 4895
66000 SELL -6x 4897
66100 SELL -1x 4899
66200 SELL -23x 4894
SELL -1x 10002
66300 SELL -6x 4898
SELL -3x 10000
66400 SELL -26x 4893
66500 SELL -1x 4897
66600 SELL -1x 4896
SELL -3x 10002
66700 SELL -2x 4896
66800 SELL -26x 4891
66900 SELL -20x 4891
67000 SELL -3x 4892
67100 SELL -26x 4891
67200 SELL -23x 4891
67300 
67400 SELL -29x 4891
67500 SELL -22x 4891
67600 SELL -26x 4891
67700 SELL -23x 4891
67800 SELL -32x 4892
67900 SELL -26x 4892
68000 SELL -25x 4892
68100 SELL -27x 4892
68200 SELL -24x 4892
BUY -1x 9998
68300 SELL -25x 4891
68400 SELL -31x 4892
SELL -1x 10002
68500 SELL -1x 4897
68600 SELL -27x 4892
BUY -1x 9998
68700 SELL -10x 4894
68800 SELL -31x 4893
68900 SELL -4x 4897
69000 SELL -28x 4893
69100 SELL -26x 4893
69200 SELL -21x 4893
69300 SELL -24x 4893
69400 SELL -22x 4893
69500 SELL -31x 4893
69600 SELL -27x 4893
69700 SELL -26x 4894
SELL -1x 10002
69800 SELL -22x 4894
69900 SELL -10x 4896
SELL -1x 10002
70000 SELL -30x 4895
70100 SELL -26x 4895
SELL -1x 10002
70200 SELL -2x 4896
70300 SELL -11x 4896
70400 SELL -31x 4895
SELL -13x 10002
70500 SELL -4x 4898
SELL -1x 10002
70600 SELL -22x 4894
SELL -3x 10000
SELL -1x 10002
70700 SELL -27x 4894
70800 SELL -2x 4895
BUY -5x 9998
70900 SELL -21x 4894
71000 SELL -8x 4895
BUY -3x 9998
71100 SELL -4x 4896
71200 SELL -1x 4896
BUY -1x 9998
71300 SELL -2x 4896
71400 SELL -27x 4895
SELL -2x 10002
71500 SELL -26x 4895
71600 SELL -7x 4896
71700 SELL -26x 4895
BUY -1x 9998
71800 SELL -22x 4894
BUY -1x 9998
71900 SELL -30x 4894
72000 SELL -6x 4896
72100 SELL -26x 4893
BUY -1x 9998
72200 SELL -25x 4892
BUY -1x 9998
72300 SELL -23x 4893
72400 SELL -25x 4893
72500 SELL -22x 4893
SELL -4x 10000
72600 SELL -4x 4896
72700 SELL -28x 4892
72800 SELL -29x 4893
72900 SELL -23x 4893
73000 SELL -21x 4893
73100 SELL -28x 4893
73200 SELL -24x 4893
73300 SELL -25x 4893
73400 SELL -30x 4893
73500 SELL -12x 4898
73600 SELL -30x 4893
BUY -1x 9998
73700 SELL -25x 4892
SELL -4x 10002
73800 SELL -1x 4893
73900 SELL -27x 4892
74000 SELL -29x 4892
SELL -5x 10000
74100 SELL -29x 4892
74200 SELL -1x 4892
74300 SELL -1x 4897
74400 SELL -23x 4891
74500 SELL -1x 4896
74600 SELL -2x 4891
BUY -2x 9998
74700 
74800 
74900 
75000 BUY -4x 9998
75100 
75200 
75300 SELL -8x 4892
75400 SELL -25x 4892
75500 SELL -23x 4892
75600 SELL -25x 4892
BUY -9x 9998
75700 SELL -1x 4898
75800 SELL -28x 4892
75900 SELL -24x 4892
76000 SELL -8x 4893
76100 SELL -28x 4892
SELL -1x 10002
76200 SELL -9x 4893
76300 SELL -7x 4893
76400 SELL -28x 4892
76500 SELL -28x 4893
SELL -2x 10000
76600 SELL -29x 4893
76700 SELL -2x 4896
76800 SELL -25x 4893
76900 SELL -4x 4894
77000 SELL -28x 4893
77100 SELL -10x 4895
77200 SELL -30x 4894
77300 SELL -4x 4895
77400 SELL -29x 4894
77500 SELL -24x 4895
77600 SELL -3x 4895
77700 SELL -31x 4894
SELL -1x 10002
77800 SELL -2x 4895
77900 SELL -2x 4895
BUY -1x 9998
78000 SELL -21x 4894
78100 SELL -23x 4895
78200 SELL -1x 4899
SELL -1x 10002
78300 SELL -25x 4894
78400 SELL -25x 4894
78500 SELL -2x 4894
78600 SELL -25x 4894
78700 SELL -1x 4894
78800 SELL -3x 4899
78900 SELL -1x 4894
BUY -1x 9998
79000 SELL -22x 4894
79100 SELL -20x 4894
BUY -5x 9998
79200 SELL -26x 4895
79300 SELL -1x 4895
79400 SELL -29x 4895
79500 SELL -28x 4895
79600 SELL -25x 4895
79700 SELL -25x 4895
79800 SELL -25x 4894
79900 SELL -1x 4894
80000 SELL -1x 4894
80100 SELL -22x 4894
80200 SELL -22x 4894
80300 SELL -21x 4894
80400 SELL -25x 4894
80500 SELL -22x 4894
BUY -1x 9998
80600 SELL -31x 4894
80700 SELL -3x 4895
80800 SELL -2x 4894
80900 SELL -28x 4894
81000 SELL -31x 4894
81100 SELL -24x 4894
81200 SELL -29x 4894
81300 SELL -1x 4899
SELL -1x 10002
81400 SELL -1x 4894
81500 SELL -3x 4895
81600 SELL -28x 4894
SELL -1x 10002
81700 SELL -26x 4895
81800 SELL -5x 4896
81900 SELL -28x 4895
82000 SELL -25x 4894
82100 SELL -4x 4894
BUY -1x 9998
82200 SELL -30x 4893
82300 SELL -2x 4894
82400 SELL -22x 4893
82500 SELL -1x 4896
BUY -3x 9998
82600 SELL -2x 4893
82700 SELL -30x 4892
82800 SELL -4x 4897
82900 SELL -10x 4893
83000 SELL -8x 4894
83100 SELL -26x 4893
BUY -5x 9998
83200 SELL -31x 4893
83300 SELL -23x 4894
83400 SELL -25x 4893
83500 SELL -1x 4898
83600 SELL -1x 4893
83700 SELL -1x 4893
83800 SELL -22x 4893
BUY -2x 9998
83900 SELL -4x 4894
84000 SELL -20x 4892
84100 SELL -30x 4891
84200 SELL -1x 4895
84300 
84400 
84500 SELL -3x 4891
84600 SELL -1x 4894
84700 SELL -25x 4891
84800 SELL -26x 4891
84900 
85000 SELL -1x 4891
85100 SELL -31x 4891
85200 SELL -21x 4891
SELL -4x 10000
85300 SELL -30x 4891
85400 SELL -22x 4891
85500 
85600 
85700 
85800 SELL -2x 4891
85900 SELL -1x 4891
BUY -8x 9998
86000 
86100 
86200 SELL -3x 4895
86300 SELL -10x 4891
86400 SELL -2x 4891
86500 SELL -21x 4891
86600 BUY -8x 9998
86700 SELL -27x 4891
86800 
86900 SELL -1x 4895
87000 SELL -27x 4891
87100 
87200 
87300 
87400 
87500 SELL -2x 4893
87600 SELL -1x 4895
87700 
87800 BUY -1x 9998
87900 SELL -1x 4895
88000 SELL -1x 10002
88100 
88200 SELL -2x 4891
BUY -3x 9998
88300 SELL -6x 4891
88400 SELL -1x 4896
88500 
88600 SELL -4x 4891
88700 BUY -1x 9998
88800 
88900 
89000 
89100 BUY -1x 4889
89200 
89300 
89400 
89500 
89600 BUY -1x 4888
89700 
89800 SELL -1x 4892
89900 
90000 
90100 BUY -1x 9998
90200 
90300 SELL -1x 10002
90400 
90500 
90600 
90700 
90800 BUY -1x 9998
90900 
91000 SELL -1x 10002
91100 
91200 
91300 SELL -3x 10002
91400 
91500 
91600 BUY -1x 4889
91700 
91800 BUY -1x 4889
SELL -6x 10000
91900 
92000 SELL -1x 4891
92100 
92200 SELL -3x 10002
92300 SELL -1x 4891
92400 
92500 
92600 BUY -1x 4889
92700 
92800 
92900 
93000 
93100 
93200 
93300 
93400 
93500 
93600 BUY -1x 9998
93700 
93800 BUY -5x 9998
93900 
94000 
94100 
94200 
94300 
94400 
94500 
94600 
94700 SELL -1x 4892
94800 
94900 SELL -4x 10002
95000 
95100 SELL -1x 4893
95200 
95300 SELL -1x 4893
95400 
95500 
95600 BUY -1x 9998
95700 SELL -2x 4891
SELL -1x 10002
95800 BUY -1x 9998
95900 SELL -1x 4896
96000 SELL -1x 4896
96100 SELL -26x 4891
96200 SELL -21x 4891
96300 SELL -23x 4891
96400 SELL -27x 4891
96500 SELL -27x 4891
96600 SELL -24x 4891
SELL -5x 10000
96700 SELL -32x 4891
96800 SELL -30x 4891
96900 SELL -23x 4892
BUY -1x 9998
97000 SELL -15x 4892
97100 SELL -29x 4892
97200 SELL -9x 4897
97300 SELL -1x 4897
97400 SELL -1x 4897
97500 SELL -24x 4892
97600 SELL -2x 4893
SELL -6x 10000
97700 SELL -29x 4892
97800 SELL -28x 4892
97900 SELL -23x 4893
SELL -3x 10002
98000 SELL -27x 4892
98100 SELL -8x 4893
98200 SELL -29x 4891
98300 SELL -21x 4891
BUY -1x 9998
98400 SELL -28x 4891
98500 SELL -2x 4893
BUY -1x 9998
98600 SELL -24x 4891
98700 
98800 SELL -4x 4894
98900 
99000 
99100 
99200 
99300 SELL -1x 4895
BUY -1x 9998
99400 
99500 BUY -3x 9998
99600 
99700 SELL -2x 4892
99800 
99900 SELL -5x 4891


Submission logs:
2023-03-20T21:41:55Z Orders for product PEARLS exceeded limit of 20 set
2023-03-20T21:41:55Z Orders for product BANANAS exceeded limit of 20 set
2023-03-20T21:41:56Z Orders for product PEARLS exceeded limit of 20 set
2023-03-20T21:41:56Z Orders for product BANANAS exceeded limit of 20 set
2023-03-20T21:41:57Z Orders for product PEARLS exceeded limit of 20 set
2023-03-20T21:41:57Z Orders for product BANANAS exceeded limit of 20 set
2023-03-20T21:41:58Z Orders for product PEARLS exceeded limit of 20 set
2023-03-20T21:41:58Z Orders for product BANANAS exceeded limit of 20 set
2023-03-20T21:41:59Z Orders for product PEARLS exceeded limit of 20 set
2023-03-20T21:41:59Z Orders for product BANANAS exceeded limit of 20 set
2023-03-20T21:42:00Z Orders for product PEARLS exceeded limit of 20 set
2023-03-20T21:42:00Z Orders for product BANANAS exceeded limit of 20 set
2023-03-20T21:42:01Z Orders for product PEARLS exceeded limit of 20 set
2023-03-20T21:42:01Z Orders for product BANANAS exceeded limit of 20 set
2023-03-20T21:42:02Z Orders for product BANANAS exceeded limit of 20 set
2023-03-20T21:42:02Z Orders for product PEARLS exceeded limit of 20 set
2023-03-20T21:42:03Z Orders for product BANANAS exceeded limit of 20 set
2023-03-20T21:42:03Z Orders for product PEARLS exceeded limit of 20 set
2023-03-20T21:42:04Z Orders for product BANANAS exceeded limit of 20 set
2023-03-20T21:42:04Z Orders for product PEARLS exceeded limit of 20 set
2023-03-20T21:42:05Z Orders for product BANANAS exceeded limit of 20 set
2023-03-20T21:42:05Z Orders for product PEARLS exceeded limit of 20 set
2023-03-20T21:42:06Z Orders for product BANANAS exceeded limit of 20 set
2023-03-20T21:42:06Z Orders for product PEARLS exceeded limit of 20 set
2023-03-20T21:42:07Z Orders for product BANANAS exceeded limit of 20 set
2023-03-20T21:42:07Z Orders for product PEARLS exceeded limit of 20 set
2023-03-20T21:42:08Z Orders for product BANANAS exceeded limit of 20 set
2023-03-20T21:42:08Z Orders for product PEARLS exceeded limit of 20 set
2023-03-20T21:42:09Z Orders for product BANANAS exceeded limit of 20 set
2023-03-20T21:42:09Z Orders for product PEARLS exceeded limit of 20 set
2023-03-20T21:42:10Z Orders for product BANANAS exceeded limit of 20 set
2023-03-20T21:42:10Z Orders for product PEARLS exceeded limit of 20 set
2023-03-20T21:42:11Z Orders for product BANANAS exceeded limit of 20 set
2023-03-20T21:42:11Z Orders for product PEARLS exceeded limit of 20 set
2023-03-20T21:42:12Z Orders for product BANANAS exceeded limit of 20 set
2023-03-20T21:42:12Z Orders for product PEARLS exceeded limit of 20 set
2023-03-20T21:42:13Z Orders for product BANANAS exceeded limit of 20 set
2023-03-20T21:42:13Z Orders for product PEARLS exceeded limit of 20 set
2023-03-20T21:42:14Z Orders for product BANANAS exceeded limit of 20 set
2023-03-20T21:42:14Z Orders for product PEARLS exceeded limit of 20 set
2023-03-20T21:42:15Z Orders for product BANANAS exceeded limit of 20 set
2023-03-20T21:42:15Z Orders for product PEARLS exceeded limit of 20 set