Sandbox logs:
0 
100 SELL 1x 4897
SELL 26x 4892
SELL 1x 10002
SELL 2x 10000
SELL 4x 9998
SELL 1x 9996
SELL 21x 9995
200 SELL 22x 4892
SELL 1x 9996
SELL 21x 9995
300 
400 
500 
600 SELL 30x 4892
SELL 2x 9996
SELL 28x 9995
700 BUY -23x 4898
SELL 1x 9996
SELL 22x 9995
800 SELL 1x 4894
SELL 25x 4891
BUY -3x 10000
BUY -1x 10004
BUY -24x 10005
900 SELL 1x 4892
SELL 20x 4891
1000 SELL 1x 9996
SELL 30x 9995
1100 BUY -6x 4896
BUY -22x 4898
BUY -6x 10002
BUY -1x 10004
BUY -21x 10005
1200 
1300 SELL 25x 4890
SELL 1x 10002
SELL 25x 9995
1400 SELL 23x 4890
BUY -6x 10000
BUY -23x 10005
1500 
1600 SELL 2x 9996
SELL 28x 9995
1700 SELL 28x 9995
1800 BUY -10x 4895
BUY -23x 4897
BUY -10x 10002
BUY -23x 10005
1900 BUY -1x 4891
BUY -32x 4897
2000 SELL 23x 4890
2100 SELL 28x 4890
SELL 2x 9996
SELL 26x 9995
2200 BUY -4x 9998
BUY -1x 10004
BUY -20x 10005
2300 BUY -1x 4892
BUY -24x 4896
2400 
2500 SELL 3x 4891
SELL 23x 4890
2600 BUY -4x 4894
BUY -30x 4896
SELL 1x 10002
SELL 1x 9996
SELL 29x 9995
2700 SELL 9x 4890
SELL 21x 4889
2800 SELL 27x 4890
SELL 27x 9995
2900 SELL 2x 9996
SELL 20x 9995
3000 
3100 
3200 SELL 24x 4891
SELL 2x 10002
SELL 24x 9995
3300 SELL 25x 4891
SELL 1x 10002
SELL 1x 9996
SELL 24x 9995
3400 
3500 
3600 
3700 SELL 4x 4893
SELL 25x 4892
SELL 3x 9998
SELL 25x 9995
3800 SELL 24x 4892
SELL 24x 9995
3900 
4000 BUY -31x 4898
4100 
4200 SELL 1x 4893
SELL 28x 4892
4300 BUY -8x 4897
BUY -26x 4899
4400 SELL 28x 9995
4500 SELL 26x 4892
SELL 26x 9995
4600 SELL 21x 4892
4700 
4800 SELL 1x 4898
SELL 1x 4893
SELL 22x 4892
4900 SELL 24x 4893
5000 
5100 SELL 26x 9995
5200 SELL 7x 4894
SELL 25x 4893
5300 SELL 22x 4893
5400 SELL 30x 9995
5500 SELL 1x 9996
SELL 28x 9995
5600 
5700 
5800 SELL 2x 9996
SELL 28x 9995
5900 SELL 23x 4895
SELL 2x 9996
SELL 21x 9995
6000 BUY -10x 4899
BUY -30x 4901
BUY -10x 10002
BUY -30x 10005
6100 SELL 1x 4895
SELL 24x 4894
6200 SELL 3x 9998
SELL 1x 9996
SELL 29x 9995
6300 SELL 22x 9995
6400 BUY -6x 10002
BUY -1x 10004
BUY -23x 10005
6500 SELL 22x 4894
6600 
6700 SELL 1x 9996
SELL 30x 9995
6800 
6900 
7000 
7100 BUY -7x 4898
BUY -31x 4900
BUY -5x 9998
BUY -7x 10002
BUY -1x 10004
BUY -30x 10005
7200 BUY -1x 10002
BUY -1x 10004
BUY -22x 10005
7300 SELL 26x 4893
SELL 1x 9996
SELL 25x 9995
7400 SELL 22x 4894
7500 SELL 29x 9995
7600 
7700 
7800 SELL 23x 9995
7900 BUY -7x 10002
BUY -2x 10004
BUY -22x 10005
8000 SELL 1x 4901
SELL 30x 4896
SELL 3x 10000
SELL 2x 9996
SELL 28x 9995
8100 SELL 25x 4896
SELL 25x 9995
8200 
8300 
8400 SELL 5x 4898
SELL 29x 4897
SELL 5x 9998
SELL 29x 9995
8500 SELL 3x 4901
SELL 2x 4897
SELL 25x 4896
SELL 2x 9996
SELL 25x 9995
8600 SELL 29x 4896
8700 
8800 
8900 SELL 26x 4896
9000 SELL 23x 4895
SELL 23x 9995
9100 BUY -5x 4897
BUY -22x 4903
BUY -1x 9998
BUY -22x 10005
9200 SELL 2x 9996
SELL 25x 9995
9300 SELL 2x 4896
SELL 29x 4895
9400 SELL 30x 4895
SELL 1x 10002
SELL 2x 9996
SELL 28x 9995
9500 
9600 BUY -6x 4900
BUY -21x 4902
9700 
9800 SELL 1x 4896
SELL 26x 4895
SELL 1x 9998
SELL 2x 9996
SELL 24x 9995
9900 BUY -9x 4896
BUY -24x 4902
SELL 24x 9995
10000 SELL 27x 4895
10100 SELL 21x 4895
10200 
10300 
10400 SELL 25x 9995
10500 
10600 SELL 20x 4895
10700 SELL 24x 4895
10800 BUY -1x 4900
BUY -23x 4902
10900 
11000 SELL 1x 9996
SELL 26x 9995
11100 BUY -1x 4899
BUY -1x 4900
BUY -30x 4901
BUY -1x 10002
BUY -1x 10004
BUY -30x 10005
11200 SELL 30x 4894
11300 BUY -2x 4899
BUY -2x 4900
BUY -25x 4901
11400 SELL 30x 4894
SELL 30x 9995
11500 SELL 1x 4894
SELL 28x 4893
11600 
11700 
11800 
11900 SELL 1x 4894
SELL 23x 4893
SELL 1x 10002
SELL 4x 10000
SELL 1x 9998
SELL 1x 9996
SELL 22x 9995
12000 SELL 28x 4893
SELL 1x 9996
SELL 27x 9995
12100 BUY -8x 9998
BUY -2x 10004
BUY -23x 10005
12200 
12300 
12400 SELL 5x 4894
SELL 1x 10002
SELL 5x 9998
SELL 29x 9995
12500 SELL 23x 4892
12600 
12700 BUY -1x 4897
BUY -28x 4899
SELL 1x 10002
SELL 1x 9996
SELL 27x 9995
12800 BUY -9x 10002
BUY -2x 10004
BUY -28x 10005
12900 BUY -4x 4897
BUY -2x 4898
BUY -21x 4899
13000 BUY -2x 10002
BUY -2x 10004
BUY -30x 10005
13100 SELL 21x 4892
13200 SELL 9x 9998
SELL 2x 9996
SELL 29x 9995
13300 SELL 1x 4893
SELL 22x 4892
13400 SELL 26x 4893
SELL 26x 9995
13500 
13600 BUY -6x 10002
BUY -2x 10004
BUY -24x 10005
13700 SELL 2x 4897
SELL 28x 4893
SELL 1x 10002
SELL 28x 9995
13800 
13900 SELL 21x 4893
SELL 1x 9996
SELL 20x 9995
14000 
14100 
14200 SELL 21x 4893
SELL 21x 9995
14300 SELL 1x 9996
SELL 21x 9995
14400 
14500 
14600 BUY -11x 4894
BUY -28x 4900
SELL 1x 9996
SELL 27x 9995
14700 SELL 24x 4893
SELL 1x 9996
SELL 23x 9995
14800 BUY -4x 4896
BUY -31x 4900
BUY -1x 9998
BUY -1x 10004
BUY -30x 10005
14900 
15000 SELL 2x 9996
SELL 25x 9995
15100 SELL 21x 4894
BUY -1x 9998
BUY -1x 10004
BUY -20x 10005
15200 BUY -1x 4898
BUY -23x 4900
15300 
15400 SELL 30x 4893
SELL 30x 9995
15500 BUY -11x 9998
BUY -25x 10005
15600 
15700 SELL 2x 9996
SELL 28x 9995
15800 
15900 
16000 SELL 2x 9996
SELL 20x 9995
16100 SELL 27x 4893
SELL 1x 9996
SELL 26x 9995
16200 BUY -1x 4894
BUY -7x 4898
BUY -27x 4900
BUY -4x 10002
BUY -27x 10005
16300 
16400 
16500 SELL 22x 4893
SELL 22x 9995
16600 SELL 26x 4893
16700 
16800 SELL 2x 10000
SELL 2x 9996
SELL 25x 9995
16900 SELL 2x 9996
SELL 22x 9995
17000 SELL 1x 4894
SELL 25x 4893
17100 
17200 
17300 
17400 
17500 SELL 2x 9996
SELL 26x 9995
17600 SELL 1x 4895
SELL 29x 4894
SELL 1x 9996
SELL 29x 9995
17700 
17800 
17900 
18000 SELL 24x 4895
SELL 24x 9995
18100 SELL 30x 4895
SELL 2x 9996
SELL 28x 9995
18200 BUY -10x 4899
BUY -25x 4901
BUY -10x 10002
BUY -2x 10004
BUY -23x 10005
18300 
18400 SELL 1x 4899
SELL 22x 4894
18500 SELL 2x 9996
SELL 21x 9995
18600 SELL 1x 4894
SELL 21x 4893
18700 
18800 BUY -7x 4899
BUY -24x 4901
18900 SELL 8x 4899
SELL 25x 4894
SELL 1x 10002
SELL 25x 9995
19000 SELL 31x 4894
SELL 1x 9996
SELL 30x 9995
19100 
19200 BUY -1x 4899
BUY -26x 4901
BUY -1x 10002
BUY -26x 10005
19300 SELL 4x 4894
SELL 23x 4893
19400 BUY -5x 4899
BUY -2x 4900
BUY -24x 4901
BUY -5x 10002
BUY -2x 10004
BUY -24x 10005
19500 SELL 23x 4894
SELL 23x 9995
19600 BUY -4x 4895
BUY -1x 4900
BUY -26x 4901
19700 SELL 2x 4894
SELL 29x 4893
SELL 2x 9996
SELL 29x 9995
19800 SELL 28x 4893
SELL 2x 9996
SELL 26x 9995
19900 BUY -1x 9998
BUY -1x 10004
BUY -22x 10005
20000 BUY -12x 4894
BUY -26x 4900
20100 
20200 SELL 1x 10002
SELL 20x 9995
20300 SELL 24x 4893
20400 SELL 2x 10002
SELL 1x 9996
SELL 27x 9995
20500 
20600 
20700 SELL 30x 4892
SELL 30x 9995
20800 SELL 26x 4891
SELL 2x 9996
SELL 24x 9995
20900 BUY -1x 4892
BUY -31x 4898
21000 
21100 SELL 28x 4890
21200 
21300 SELL 22x 9995
21400 SELL 30x 4891
SELL 1x 9996
SELL 29x 9995
21500 SELL 2x 4892
SELL 28x 4891
21600 
21700 
21800 SELL 1x 4893
SELL 25x 4892
21900 BUY -3x 4897
BUY -27x 4899
BUY -3x 10002
BUY -27x 10005
22000 SELL 2x 4892
SELL 20x 4891
SELL 2x 9996
SELL 20x 9995
22100 
22200 SELL 23x 4892
22300 SELL 30x 4892
22400 BUY -3x 4896
BUY -24x 4898
22500 SELL 1x 4897
SELL 2x 4892
SELL 27x 4891
22600 
22700 
22800 SELL 1x 4892
SELL 26x 4891
SELL 1x 10002
SELL 1x 9996
SELL 26x 9995
22900 BUY -23x 4898
23000 
23100 SELL 28x 4891
SELL 2x 9996
SELL 26x 9995
23200 BUY -4x 4896
BUY -1x 4897
BUY -24x 4898
BUY -4x 10002
BUY -1x 10004
BUY -24x 10005
23300 SELL 2x 9996
SELL 21x 9995
23400 SELL 30x 4891
SELL 1x 9996
SELL 29x 9995
23500 
23600 
23700 SELL 1x 4896
SELL 1x 4891
SELL 20x 4890
23800 SELL 22x 4891
23900 SELL 27x 9995
24000 SELL 29x 9995
24100 
24200 BUY -7x 10002
BUY -1x 10004
BUY -23x 10005
24300 SELL 1x 10002
SELL 27x 9995
24400 SELL 29x 4890
SELL 1x 9996
SELL 28x 9995
24500 BUY -10x 4895
BUY -2x 4896
BUY -24x 4897
BUY -10x 10002
BUY -2x 10004
BUY -24x 10005
24600 
24700 SELL 6x 4893
SELL 22x 4890
SELL 2x 9996
SELL 20x 9995
24800 BUY -1x 4892
BUY -28x 4896
24900 SELL 7x 4890
SELL 24x 4889
25000 SELL 28x 4889
SELL 1x 10002
SELL 1x 9996
SELL 27x 9995
25100 
25200 
25300 SELL 10x 4890
SELL 9x 9998
SELL 1x 9996
SELL 21x 9995
25400 SELL 29x 4889
25500 SELL 1x 9996
SELL 23x 9995
25600 
25700 
25800 
25900 SELL 29x 4888
26000 SELL 27x 9995
26100 
26200 SELL 3x 4891
SELL 29x 4888
SELL 1x 10002
SELL 2x 9996
SELL 27x 9995
26300 BUY -1x 4889
BUY -5x 4893
BUY -26x 4895
BUY -1x 10002
BUY -1x 10004
BUY -25x 10005
26400 SELL 27x 4888
SELL 27x 9995
26500 SELL 22x 4888
SELL 1x 9996
SELL 21x 9995
26600 BUY -4x 9998
BUY -2x 10004
BUY -29x 10005
26700 
26800 SELL 1x 10002
SELL 7x 9998
SELL 20x 9995
26900 SELL 22x 4888
SELL 22x 9995
27000 BUY -5x 4892
BUY -27x 4895
27100 
27200 SELL 1x 4894
SELL 3x 4890
SELL 25x 4889
SELL 3x 9998
SELL 2x 9996
SELL 23x 9995
27300 BUY -8x 4893
BUY -25x 4895
BUY -8x 10002
BUY -25x 10005
27400 SELL 23x 4889
27500 SELL 30x 4888
SELL 30x 9995
27600 BUY -3x 4893
BUY -28x 4895
BUY -4x 10002
BUY -2x 10004
BUY -26x 10005
27700 
27800 SELL 5x 4889
SELL 22x 4888
SELL 2x 9998
SELL 2x 9996
SELL 20x 9995
27900 SELL 29x 4888
SELL 29x 9995
28000 
28100 
28200 
28300 
28400 
28500 BUY -1x 4888
BUY -30x 4894
SELL 2x 9996
SELL 28x 9995
28600 BUY -5x 10000
BUY -5x 10002
BUY -2x 10004
BUY -26x 10005
28700 SELL 8x 9998
SELL 2x 9996
SELL 22x 9995
28800 BUY -8x 4891
BUY -21x 4893
BUY -8x 10002
BUY -21x 10005
28900 
29000 SELL 26x 4887
SELL 1x 10002
SELL 2x 9996
SELL 24x 9995
29100 BUY -2x 4892
BUY -23x 4894
BUY -2x 10002
BUY -23x 10005
29200 SELL 1x 9996
SELL 22x 9995
29300 
29400 BUY -5x 4892
BUY -25x 4894
BUY -4x 10002
BUY -2x 10004
BUY -23x 10005
29500 SELL 5x 4889
SELL 20x 4888
SELL 6x 9998
SELL 20x 9995
29600 SELL 1x 4888
SELL 26x 4887
BUY -4x 10000
BUY -1x 10004
BUY -26x 10005
29700 BUY -7x 4892
BUY -23x 4894
29800 SELL 1x 4893
SELL 25x 4887
SELL 25x 9995
29900 SELL 32x 4887
30000 
30100 
30200 
30300 SELL 2x 4888
SELL 29x 4887
30400 SELL 30x 9995
30500 
30600 
30700 
30800 SELL 8x 4888
SELL 31x 4887
SELL 8x 9998
SELL 2x 9996
SELL 29x 9995
30900 SELL 21x 4886
SELL 21x 9995
31000 BUY -2x 4892
BUY -2x 4893
BUY -26x 4894
BUY -2x 10002
BUY -2x 10004
BUY -26x 10005
31100 SELL 1x 4892
SELL 23x 4887
SELL 1x 10002
SELL 23x 9995
31200 BUY -7x 4891
BUY -22x 4893
BUY -6x 10002
BUY -1x 10004
BUY -21x 10005
31300 SELL 2x 4887
SELL 20x 4886
SELL 2x 9996
SELL 20x 9995
31400 BUY -3x 4892
BUY -22x 4894
SELL 22x 9995
31500 SELL 22x 4887
31600 SELL 24x 4888
BUY -3x 9998
BUY -24x 10005
31700 BUY -4x 4892
BUY -29x 4894
31800 
31900 SELL 2x 4888
SELL 26x 4887
SELL 2x 9996
SELL 26x 9995
32000 BUY -10x 4891
BUY -22x 4893
BUY -10x 10002
BUY -2x 10004
BUY -20x 10005
32100 SELL 9x 4888
SELL 25x 4887
SELL 9x 9998
SELL 25x 9995
32200 BUY -5x 4891
BUY -25x 4893
BUY -5x 10002
BUY -1x 10004
BUY -24x 10005
32300 SELL 32x 4886
SELL 3x 10000
SELL 2x 9996
SELL 30x 9995
32400 
32500 SELL 26x 4885
SELL 1x 10002
SELL 2x 9996
SELL 24x 9995
32600 
32700 SELL 32x 4886
SELL 2x 9996
SELL 30x 9995
32800 
32900 BUY -10x 4890
BUY -21x 4892
BUY -10x 10002
BUY -1x 10004
BUY -20x 10005
33000 SELL 2x 4886
SELL 28x 4885
SELL 2x 9998
SELL 28x 9995
33100 SELL 1x 4885
SELL 25x 4884
SELL 1x 9996
SELL 25x 9995
33200 
33300 BUY -1x 10002
BUY -1x 10004
BUY -30x 10005
33400 SELL 20x 4885
33500 BUY -4x 4890
BUY -23x 4892
33600 SELL 27x 4884
BUY -2x 9998
BUY -27x 10005
33700 SELL 1x 4885
SELL 25x 4884
SELL 1x 9996
SELL 25x 9995
33800 BUY -4x 4889
BUY -21x 4891
BUY -4x 10002
BUY -21x 10005
33900 SELL 1x 9996
SELL 27x 9995
34000 SELL 1x 4890
SELL 2x 4885
SELL 28x 4884
SELL 2x 9996
SELL 28x 9995
34100 SELL 2x 4885
SELL 25x 4884
34200 BUY -3x 4889
BUY -32x 4891
BUY -2x 10002
BUY -2x 10004
BUY -30x 10005
34300 
34400 SELL 30x 4884
34500 SELL 24x 4884
SELL 2x 9996
SELL 22x 9995
34600 
34700 
34800 
34900 
35000 SELL 29x 4884
35100 SELL 23x 4884
SELL 2x 9996
SELL 21x 9995
35200 
35300 
35400 SELL 2x 4886
SELL 27x 4883
SELL 1x 10002
SELL 2x 9996
SELL 25x 9995
35500 SELL 29x 4883
SELL 2x 9996
SELL 27x 9995
35600 BUY -3x 4887
BUY -24x 4889
BUY -3x 10002
BUY -1x 10004
BUY -23x 10005
35700 
35800 SELL 23x 4883
SELL 2x 9996
SELL 21x 9995
35900 
36000 BUY -9x 4888
BUY -30x 4890
BUY -2x 10000
BUY -9x 10002
BUY -30x 10005
36100 SELL 9x 4884
SELL 21x 4883
SELL 7x 9998
SELL 2x 9996
SELL 21x 9995
36200 
36300 SELL 31x 4884
SELL 1x 9996
SELL 30x 9995
36400 BUY -8x 4888
BUY -29x 4890
BUY -8x 10002
BUY -1x 10004
BUY -28x 10005
36500 
36600 SELL 1x 4885
SELL 30x 4884
36700 SELL 1x 4885
SELL 21x 4884
SELL 1x 10002
SELL 1x 9996
SELL 21x 9995
36800 BUY -2x 4885
BUY -25x 4891
SELL 2x 9996
SELL 23x 9995
36900 SELL 6x 4885
SELL 22x 4884
37000 
37100 SELL 24x 4884
SELL 5x 10000
SELL 24x 9995
37200 SELL 2x 9996
SELL 27x 9995
37300 
37400 
37500 
37600 SELL 1x 4888
SELL 25x 4883
37700 SELL 20x 4883
SELL 1x 10002
SELL 20x 9995
37800 SELL 2x 9996
SELL 23x 9995
37900 
38000 
38100 
38200 SELL 4x 4884
SELL 31x 4883
SELL 4x 9998
SELL 2x 9996
SELL 29x 9995
38300 SELL 22x 4883
SELL 22x 9995
38400 
38500 
38600 
38700 
38800 SELL 2x 9996
SELL 25x 9995
38900 SELL 25x 4884
SELL 2x 9996
SELL 23x 9995
39000 BUY -3x 10000
BUY -1x 10004
BUY -23x 10005
39100 
39200 
39300 SELL 24x 9995
39400 
39500 SELL 29x 4884
39600 
39700 
39800 SELL 24x 4883
39900 SELL 10x 9998
SELL 1x 9996
SELL 28x 9995
40000 SELL 26x 4883
40100 SELL 30x 9995
40200 BUY -7x 10002
BUY -1x 10004
BUY -24x 10005
40300 SELL 30x 4884
SELL 4x 10002
SELL 1x 9996
SELL 29x 9995
40400 SELL 25x 4884
SELL 2x 9996
SELL 23x 9995
40500 BUY -5x 4885
BUY -1x 4890
BUY -21x 4891
40600 
40700 SELL 1x 4888
SELL 10x 4884
SELL 30x 4883
40800 SELL 21x 4883
SELL 21x 9995
40900 
41000 
41100 SELL 7x 4889
SELL 25x 4884
SELL 2x 9996
SELL 23x 9995
41200 SELL 20x 4884
SELL 20x 9995
41300 
41400 BUY -5x 4886
BUY -30x 4891
41500 
41600 SELL 26x 4884
41700 SELL 23x 4884
SELL 23x 9995
41800 BUY -4x 4888
BUY -1x 4891
BUY -21x 4892
SELL 1x 9996
41900 BUY -8x 10002
BUY -28x 10005
42000 SELL 28x 4886
42100 SELL 2x 10002
SELL 22x 9995
42200 SELL 22x 9995
42300 
42400 BUY -2x 10002
BUY -2x 10004
BUY -26x 10005
42500 
42600 SELL 1x 4891
SELL 28x 4886
42700 SELL 24x 4886
SELL 1x 9996
SELL 23x 9995
42800 BUY -2x 10000
BUY -29x 10005
42900 SELL 5x 10002
SELL 20x 9995
43000 BUY -6x 10002
BUY -1x 10004
BUY -26x 10005
43100 SELL 4x 4888
SELL 9x 4887
SELL 25x 4886
SELL 9x 9998
SELL 1x 9996
SELL 24x 9995
43200 BUY -5x 4891
BUY -2x 4892
BUY -29x 4893
BUY -5x 10002
BUY -2x 10004
BUY -29x 10005
43300 SELL 1x 4892
SELL 10x 4888
SELL 20x 4887
SELL 10x 9998
SELL 20x 9995
43400 SELL 24x 4887
SELL 2x 9996
SELL 22x 9995
43500 BUY -7x 4891
BUY -25x 4893
BUY -7x 10002
BUY -1x 10004
BUY -24x 10005
43600 
43700 
43800 SELL 23x 4886
SELL 1x 9996
SELL 22x 9995
43900 BUY -1x 4887
BUY -6x 4891
BUY -26x 4893
BUY -2x 10002
BUY -2x 10004
BUY -24x 10005
44000 SELL 12x 4887
SELL 25x 4886
SELL 4x 10002
SELL 10x 9998
SELL 2x 9996
SELL 25x 9995
44100 SELL 24x 4886
SELL 2x 9996
SELL 22x 9995
44200 
44300 BUY -2x 9998
BUY -2x 10004
BUY -24x 10005
44400 
44500 SELL 30x 9995
44600 SELL 22x 4886
44700 
44800 SELL 25x 4887
44900 
45000 BUY -1x 4888
BUY -28x 4894
45100 BUY -1x 9998
BUY -27x 10005
45200 SELL 1x 10002
SELL 1x 9996
SELL 20x 9995
45300 BUY -23x 4895
SELL 23x 9995
45400 SELL 4x 4889
SELL 25x 4888
45500 SELL 21x 4888
45600 SELL 1x 9996
SELL 23x 9995
45700 
45800 
45900 SELL 8x 9998
SELL 1x 9996
SELL 25x 9995
46000 SELL 23x 4890
BUY -1x 9998
BUY -23x 10005
46100 SELL 25x 4891
SELL 25x 9995
46200 SELL 24x 9995
46300 
46400 
46500 
46600 SELL 1x 4895
SELL 3x 4894
SELL 1x 4891
SELL 28x 4890
SELL 1x 9998
SELL 28x 9995
46700 SELL 30x 4889
SELL 1x 9996
SELL 29x 9995
46800 
46900 BUY -3x 4894
BUY -30x 4896
BUY -3x 10002
BUY -1x 10004
BUY -29x 10005
47000 
47100 
47200 SELL 2x 9996
SELL 21x 9995
47300 SELL 21x 4890
47400 
47500 
47600 SELL 5x 4890
SELL 21x 4889
SELL 5x 9998
SELL 21x 9995
47700 
47800 SELL 20x 4890
SELL 20x 9995
47900 
48000 BUY -1x 4895
BUY -27x 4897
48100 
48200 SELL 1x 9996
SELL 26x 9995
48300 
48400 SELL 32x 4889
SELL 2x 9996
SELL 30x 9995
48500 
48600 
48700 SELL 23x 4889
48800 SELL 29x 4890
48900 BUY -22x 4897
SELL 22x 9995
49000 SELL 1x 9996
SELL 28x 9995
49100 SELL 30x 4890
49200 SELL 26x 4890
49300 SELL 3x 9998
SELL 29x 9995
49400 SELL 1x 9996
SELL 22x 9995
49500 
49600 BUY -9x 4895
BUY -30x 4897
BUY -3x 10000
BUY -9x 10002
BUY -2x 10004
BUY -28x 10005
49700 SELL 1x 4896
SELL 21x 4890
49800 BUY -7x 4895
BUY -20x 4897
49900 SELL 24x 4890
SELL 1x 9996
SELL 23x 9995
50000 BUY -5x 4894
BUY -26x 4896
BUY -5x 10002
BUY -2x 10004
BUY -24x 10005
50100 SELL 2x 4892
SELL 24x 4889
SELL 4x 10002
SELL 2x 9996
SELL 22x 9995
50200 SELL 1x 9996
SELL 28x 9995
50300 SELL 23x 4890
50400 SELL 23x 4890
50500 
50600 SELL 7x 9998
SELL 2x 9996
SELL 22x 9995
50700 
50800 SELL 7x 4891
SELL 28x 4890
SELL 7x 9998
SELL 2x 9996
SELL 26x 9995
50900 SELL 1x 4891
SELL 30x 4890
BUY -5x 10000
BUY -30x 10005
51000 SELL 25x 4890
SELL 2x 9996
SELL 23x 9995
51100 BUY -1x 4895
BUY -29x 4897
BUY -1x 10002
BUY -29x 10005
51200 SELL 10x 4895
SELL 30x 4890
51300 BUY -5x 4895
BUY -25x 4897
BUY -5x 9998
BUY -5x 10002
BUY -2x 10004
BUY -23x 10005
51400 SELL 23x 4891
SELL 1x 9996
SELL 22x 9995
51500 SELL 21x 4891
51600 BUY -5x 4896
BUY -2x 4897
BUY -21x 4898
BUY -5x 10002
BUY -2x 10004
BUY -21x 10005
51700 SELL 12x 4896
SELL 32x 4891
51800 SELL 25x 4891
51900 SELL 2x 9996
SELL 26x 9995
52000 BUY -5x 10000
BUY -21x 10005
52100 
52200 
52300 SELL 30x 4892
SELL 30x 9995
52400 
52500 
52600 
52700 BUY -9x 10002
BUY -1x 10004
BUY -24x 10005
52800 SELL 2x 9996
SELL 26x 9995
52900 BUY -3x 4895
BUY -27x 4897
BUY -3x 10002
BUY -1x 10004
BUY -26x 10005
53000 SELL 30x 4891
53100 SELL 23x 4892
53200 SELL 23x 9995
53300 
53400 BUY -1x 9998
BUY -2x 10004
BUY -30x 10005
53500 BUY -7x 4897
BUY -25x 4899
53600 
53700 SELL 23x 4892
SELL 23x 9995
53800 
53900 
54000 
54100 SELL 22x 4892
SELL 1x 9996
SELL 21x 9995
54200 BUY -21x 4898
SELL 1x 9996
SELL 20x 9995
54300 
54400 SELL 22x 4892
54500 BUY -2x 4897
BUY -2x 4898
BUY -27x 4899
54600 
54700 SELL 23x 4893
SELL 1x 9996
SELL 22x 9995
54800 
54900 
55000 
55100 
55200 SELL 8x 9998
SELL 1x 9996
SELL 25x 9995
55300 BUY -4x 4899
BUY -22x 4901
BUY -5x 10002
BUY -22x 10005
55400 SELL 8x 4895
SELL 27x 4894
SELL 7x 9998
SELL 1x 9996
SELL 27x 9995
55500 SELL 24x 4894
SELL 2x 9996
SELL 22x 9995
55600 BUY -9x 4899
BUY -23x 4901
BUY -9x 10002
BUY -23x 10005
55700 
55800 SELL 26x 4894
SELL 1x 9996
SELL 25x 9995
55900 BUY -1x 4897
BUY -20x 4901
SELL 20x 9995
56000 BUY -6x 10002
BUY -1x 10004
BUY -24x 10005
56100 BUY -3x 4899
BUY -28x 4901
56200 SELL 3x 4897
SELL 31x 4894
56300 SELL 28x 4894
SELL 28x 9995
56400 SELL 2x 9996
SELL 27x 9995
56500 BUY -9x 4899
BUY -21x 4901
BUY -9x 10002
BUY -21x 10005
56600 
56700 SELL 6x 4895
SELL 27x 4894
SELL 5x 9998
SELL 27x 9995
56800 SELL 23x 4894
SELL 23x 9995
56900 
57000 BUY -10x 4898
BUY -22x 4900
BUY -10x 10002
BUY -2x 10004
BUY -20x 10005
57100 SELL 1x 4899
SELL 7x 4894
SELL 24x 4893
SELL 6x 9998
SELL 24x 9995
57200 BUY -5x 4895
BUY -2x 4896
BUY -26x 4900
57300 SELL 1x 4894
SELL 30x 4893
SELL 1x 9996
SELL 30x 9995
57400 SELL 28x 4893
57500 
57600 
57700 SELL 2x 9998
SELL 1x 9996
SELL 21x 9995
57800 BUY -4x 10002
BUY -2x 10004
BUY -26x 10005
57900 SELL 28x 4893
SELL 2x 9996
SELL 26x 9995
58000 SELL 28x 4892
SELL 28x 9995
58100 
58200 
58300 SELL 30x 4893
SELL 2x 9996
SELL 28x 9995
58400 SELL 25x 4893
SELL 25x 9995
58500 
58600 
58700 SELL 1x 4893
SELL 29x 4892
58800 SELL 31x 4893
SELL 1x 9996
SELL 30x 9995
58900 
59000 
59100 SELL 9x 4894
59200 SELL 25x 4893
SELL 1x 10002
SELL 2x 9996
SELL 23x 9995
59300 
59400 SELL 1x 10002
SELL 23x 9995
59500 SELL 24x 4894
SELL 2x 9996
SELL 22x 9995
59600 SELL 25x 4894
59700 
59800 
59900 SELL 2x 4894
SELL 23x 4893
SELL 2x 9996
SELL 23x 9995
60000 BUY -3x 9998
BUY -10x 10002
BUY -1x 10004
BUY -25x 10005
60100 SELL 28x 4893
SELL 1x 9996
SELL 27x 9995
60200 SELL 1x 4894
SELL 25x 4893
SELL 1x 9996
SELL 25x 9995
60300 
60400 
60500 SELL 25x 4893
60600 BUY -22x 4900
SELL 1x 9996
SELL 21x 9995
60700 SELL 33x 4894
60800 SELL 1x 4899
SELL 28x 4894
60900 SELL 10x 9998
SELL 29x 9995
61000 SELL 26x 4894
BUY -1x 9998
BUY -1x 10004
BUY -25x 10005
61100 BUY -4x 4895
BUY -2x 4900
BUY -29x 4901
SELL 2x 9996
SELL 29x 9995
61200 SELL 22x 4894
61300 SELL 27x 4893
SELL 27x 9995
61400 SELL 28x 9995
61500 
61600 
61700 SELL 2x 9996
SELL 21x 9995
61800 BUY -26x 4899
SELL 2x 9996
SELL 24x 9995
61900 BUY -8x 10002
BUY -28x 10005
62000 SELL 24x 4892
62100 BUY -3x 4897
BUY -2x 4898
BUY -25x 4899
62200 SELL 9x 4893
SELL 24x 4892
62300 SELL 21x 4892
SELL 21x 9995
62400 
62500 
62600 
62700 SELL 4x 4894
SELL 3x 9998
SELL 25x 9995
62800 SELL 22x 4893
SELL 22x 9995
62900 
63000 
63100 SELL 30x 4893
63200 SELL 25x 4893
SELL 1x 9996
SELL 24x 9995
63300 
63400 SELL 2x 9996
SELL 22x 9995
63500 SELL 28x 9995
63600 
63700 BUY -7x 4899
BUY -21x 4900
BUY -5x 10000
BUY -7x 10002
BUY -21x 10005
63800 SELL 28x 4894
63900 BUY -2x 4897
BUY -22x 4901
64000 BUY -11x 9998
BUY -10x 10002
BUY -30x 10005
64100 BUY -4x 4899
BUY -28x 4901
BUY -4x 10002
BUY -2x 10004
BUY -26x 10005
64200 SELL 2x 4895
SELL 25x 4894
SELL 2x 9996
SELL 25x 9995
64300 
64400 SELL 29x 4894
SELL 2x 9996
SELL 27x 9995
64500 SELL 22x 4895
SELL 2x 9996
SELL 20x 9995
64600 
64700 
64800 
64900 
65000 BUY -4x 4900
BUY -27x 4902
BUY -5x 10002
BUY -1x 10004
BUY -26x 10005
65100 SELL 10x 4896
SELL 26x 4895
SELL 10x 9998
SELL 1x 9996
SELL 25x 9995
65200 BUY -6x 4900
BUY -29x 4901
BUY -6x 10002
BUY -1x 10004
BUY -28x 10005
65300 
65400 SELL 1x 4900
SELL 10x 4895
SELL 21x 4894
SELL 10x 9998
SELL 21x 9995
65500 SELL 20x 4894
SELL 20x 9995
65600 
65700 
65800 SELL 30x 4894
SELL 4x 10002
SELL 30x 9995
65900 SELL 2x 4895
SELL 24x 4894
SELL 2x 9996
SELL 24x 9995
66000 
66100 SELL 1x 4899
SELL 2x 4894
66200 SELL 23x 4894
66300 
66400 SELL 2x 9996
SELL 24x 9995
66500 SELL 1x 4897
SELL 1x 9996
SELL 30x 9995
66600 
66700 
66800 SELL 26x 4891
SELL 1x 9996
SELL 25x 9995
66900 SELL 20x 4891
SELL 20x 9995
67000 
67100 
67200 SELL 23x 4891
SELL 23x 9995
67300 BUY -8x 4891
BUY -22x 4897
SELL 1x 9996
SELL 21x 9995
67400 SELL 29x 4891
67500 SELL 22x 4891
67600 
67700 
67800 SELL 2x 9996
SELL 30x 9995
67900 SELL 26x 9995
68000 BUY -5x 10002
BUY -25x 10005
68100 
68200 BUY -2x 4893
BUY -1x 4898
BUY -23x 4899
BUY -1x 9998
BUY -1x 10004
BUY -23x 10005
68300 
68400 SELL 31x 4892
SELL 1x 10002
SELL 1x 9996
SELL 30x 9995
68500 SELL 1x 9996
SELL 22x 9995
68600 BUY -1x 9998
BUY -27x 10005
68700 SELL 10x 9998
SELL 2x 9996
SELL 20x 9995
68800 BUY -6x 10000
BUY -1x 10002
BUY -1x 10004
BUY -30x 10005
68900 SELL 4x 4897
SELL 3x 4894
SELL 25x 4893
SELL 3x 9998
SELL 2x 9996
69000 SELL 28x 4893
SELL 1x 9996
SELL 27x 9995
69100 
69200 BUY -8x 4898
BUY -1x 4899
BUY -20x 4900
BUY -8x 10002
BUY -1x 10004
BUY -20x 10005
69300 
69400 SELL 22x 4893
69500 BUY -8x 4898
BUY -31x 4900
BUY -8x 10002
BUY -1x 10004
BUY -30x 10005
69600 SELL 2x 9996
SELL 25x 9995
69700 SELL 26x 4894
69800 BUY -23x 4901
69900 SELL 10x 4896
SELL 26x 4895
70000 SELL 30x 4895
SELL 2x 9996
SELL 28x 9995
70100 BUY -27x 4902
70200 SELL 2x 9996
SELL 28x 9995
70300 SELL 11x 4896
SELL 24x 4895
70400 SELL 31x 4895
70500 SELL 1x 10002
SELL 21x 9995
70600 
70700 SELL 27x 4894
SELL 27x 9995
70800 BUY -8x 4899
BUY -22x 4901
BUY -5x 9998
BUY -8x 10002
BUY -2x 10004
BUY -20x 10005
70900 SELL 21x 9995
71000 SELL 8x 4895
SELL 30x 4894
BUY -3x 9998
BUY -2x 10004
BUY -28x 10005
71100 SELL 4x 9998
SELL 30x 9995
71200 SELL 1x 4896
SELL 27x 4895
BUY -1x 9998
BUY -1x 10004
BUY -27x 10005
71300 SELL 2x 9996
SELL 28x 9995
71400 
71500 SELL 26x 9995
71600 
71700 SELL 26x 4895
71800 SELL 22x 4894
71900 BUY -1x 4895
BUY -30x 4901
SELL 2x 9996
SELL 28x 9995
72000 SELL 6x 4896
SELL 2x 4894
SELL 24x 4893
72100 SELL 26x 4893
72200 
72300 SELL 1x 9996
SELL 22x 9995
72400 
72500 
72600 SELL 4x 4896
72700 SELL 28x 4892
SELL 28x 9995
72800 SELL 2x 9996
SELL 27x 9995
72900 BUY -4x 4897
BUY -23x 4899
BUY -4x 10002
BUY -1x 10004
BUY -22x 10005
73000 
73100 
73200 BUY -7x 4898
BUY -24x 4900
BUY -7x 10002
BUY -1x 10004
BUY -23x 10005
73300 SELL 25x 4893
SELL 2x 9996
SELL 23x 9995
73400 BUY -7x 4898
BUY -30x 4900
BUY -6x 10002
BUY -30x 10005
73500 SELL 12x 4898
SELL 6x 9998
73600 SELL 30x 4893
BUY -1x 9998
BUY -30x 10005
73700 SELL 4x 10002
SELL 25x 9995
73800 
73900 SELL 27x 9995
74000 
74100 
74200 BUY -1x 4896
BUY -31x 4898
74300 SELL 1x 4897
SELL 8x 4892
SELL 26x 4891
SELL 6x 9998
74400 SELL 23x 4891
SELL 2x 9996
74500 
74600 BUY -2x 9998
BUY -2x 10004
BUY -27x 10005
74700 
74800 SELL 26x 4890
74900 SELL 1x 9996
SELL 27x 9995
75000 BUY -4x 9998
BUY -1x 10004
BUY -21x 10005
75100 
75200 SELL 1x 9996
SELL 30x 9995
75300 SELL 8x 4892
75400 SELL 25x 4892
75500 SELL 1x 9996
SELL 22x 9995
75600 BUY -9x 9998
BUY -2x 10004
BUY -23x 10005
75700 
75800 BUY -3x 10002
BUY -2x 10004
BUY -26x 10005
75900 SELL 2x 9996
SELL 22x 9995
76000 SELL 8x 4893
76100 SELL 28x 4892
SELL 1x 10002
SELL 28x 9995
76200 
76300 SELL 7x 4893
SELL 7x 9998
SELL 1x 9996
SELL 21x 9995
76400 SELL 28x 4892
SELL 28x 9995
76500 
76600 
76700 
76800 
76900 SELL 4x 4894
SELL 3x 9998
SELL 2x 9996
SELL 27x 9995
77000 SELL 28x 4893
SELL 28x 9995
77100 
77200 
77300 SELL 4x 4895
SELL 4x 9998
SELL 1x 9996
SELL 25x 9995
77400 SELL 29x 4894
SELL 2x 9996
SELL 27x 9995
77500 
77600 
77700 SELL 1x 10002
SELL 1x 9996
SELL 30x 9995
77800 SELL 2x 4895
77900 BUY -6x 4899
BUY -26x 4901
78000 SELL 21x 4894
SELL 21x 9995
78100 BUY -24x 4901
SELL 24x 9995
78200 SELL 1x 4899
SELL 24x 4894
78300 SELL 25x 4894
78400 SELL 25x 9995
78500 SELL 2x 9996
SELL 23x 9995
78600 BUY -5x 10002
BUY -2x 10004
BUY -23x 10005
78700 
78800 SELL 3x 4899
SELL 29x 4894
SELL 29x 9995
78900 SELL 1x 4894
SELL 25x 4893
BUY -1x 9998
BUY -1x 10004
BUY -25x 10005
79000 SELL 1x 9996
SELL 21x 9995
79100 BUY -5x 9998
BUY -20x 10005
79200 
79300 SELL 1x 9996
SELL 20x 9995
79400 SELL 29x 4895
79500 BUY -1x 4896
BUY -28x 4902
79600 
79700 BUY -4x 4896
BUY -25x 4902
79800 SELL 25x 4894
79900 BUY -6x 4898
BUY -29x 4900
BUY -6x 10002
BUY -1x 10004
BUY -28x 10005
80000 SELL 2x 9996
SELL 24x 9995
80100 SELL 22x 4894
SELL 1x 9996
SELL 21x 9995
80200 SELL 22x 4894
80300 BUY -6x 10000
BUY -1x 10004
BUY -20x 10005
80400 
80500 
80600 SELL 1x 9996
SELL 30x 9995
80700 SELL 3x 4895
SELL 24x 4894
80800 BUY -5x 4898
BUY -24x 4900
80900 
81000 SELL 31x 4894
SELL 1x 9996
SELL 30x 9995
81100 
81200 BUY -4x 4899
BUY -1x 4900
BUY -28x 4901
BUY -4x 10002
BUY -1x 10004
BUY -28x 10005
81300 SELL 1x 4899
SELL 2x 4894
SELL 28x 4893
SELL 1x 10002
SELL 2x 9996
SELL 28x 9995
81400 SELL 1x 4894
SELL 21x 4893
SELL 1x 9996
SELL 21x 9995
81500 
81600 SELL 1x 10002
SELL 28x 9995
81700 SELL 26x 4895
SELL 2x 9996
SELL 24x 9995
81800 
81900 SELL 28x 4895
82000 BUY -4x 4899
BUY -25x 4901
82100 SELL 4x 4894
SELL 26x 4893
BUY -1x 9998
BUY -26x 10005
82200 SELL 30x 4893
SELL 30x 9995
82300 SELL 2x 9996
SELL 30x 9995
82400 
82500 BUY -3x 9998
BUY -1x 10004
BUY -23x 10005
82600 
82700 BUY -1x 10002
BUY -1x 10004
BUY -29x 10005
82800 SELL 10x 9998
SELL 21x 9995
82900 
83000 SELL 8x 4894
SELL 30x 4893
SELL 8x 9998
SELL 2x 9996
SELL 28x 9995
83100 SELL 26x 4893
BUY -5x 9998
BUY -26x 10005
83200 SELL 2x 9996
SELL 29x 9995
83300 BUY -7x 4898
BUY -23x 4900
BUY -7x 10002
BUY -1x 10004
BUY -22x 10005
83400 SELL 1x 9996
SELL 24x 9995
83500 SELL 1x 4898
SELL 30x 4892
SELL 30x 9995
83600 
83700 
83800 SELL 22x 4893
83900 SELL 4x 9998
SELL 1x 9996
SELL 25x 9995
84000 SELL 1x 9996
SELL 20x 9995
84100 SELL 30x 4891
84200 
84300 
84400 SELL 28x 4890
84500 SELL 2x 9998
SELL 1x 9996
SELL 23x 9995
84600 SELL 1x 4894
SELL 30x 4891
SELL 30x 9995
84700 BUY -10x 4896
BUY -25x 4898
BUY -8x 10002
BUY -2x 10004
BUY -23x 10005
84800 SELL 26x 4891
84900 BUY -5x 4895
BUY -22x 4897
85000 SELL 1x 4891
SELL 23x 4890
SELL 1x 9996
SELL 23x 9995
85100 BUY -4x 4896
BUY -1x 4897
BUY -30x 4898
BUY -4x 10002
BUY -1x 10004
BUY -30x 10005
85200 SELL 21x 4891
SELL 4x 10000
SELL 21x 9995
85300 SELL 30x 4891
SELL 2x 9996
SELL 28x 9995
85400 
85500 BUY -5x 4891
BUY -21x 4897
85600 
85700 SELL 28x 4890
85800 SELL 2x 4891
SELL 23x 4890
SELL 2x 9996
SELL 23x 9995
85900 BUY -8x 9998
BUY -1x 10004
BUY -22x 10005
86000 BUY -1x 4890
BUY -22x 4896
SELL 22x 9995
86100 SELL 2x 9996
SELL 26x 9995
86200 SELL 3x 4895
SELL 28x 4890
86300 
86400 SELL 2x 4891
SELL 23x 4890
86500 SELL 21x 4891
86600 BUY -1x 4891
BUY -30x 4897
BUY -8x 9998
BUY -30x 10005
86700 SELL 28x 9995
86800 BUY -5x 10002
BUY -30x 10005
86900 SELL 1x 4895
SELL 28x 4890
87000 SELL 27x 4891
SELL 1x 9996
SELL 26x 9995
87100 SELL 27x 9995
87200 
87300 
87400 
87500 SELL 2x 4893
SELL 22x 4890
87600 SELL 2x 9996
SELL 29x 9995
87700 BUY -5x 4891
BUY -2x 4896
BUY -23x 4897
SELL 2x 9996
SELL 23x 9995
87800 SELL 31x 4890
BUY -1x 9998
BUY -2x 10004
BUY -29x 10005
87900 
88000 SELL 28x 4890
SELL 1x 10002
SELL 2x 9996
SELL 26x 9995
88100 SELL 29x 4890
SELL 1x 9996
SELL 28x 9995
88200 BUY -2x 4893
BUY -22x 4897
BUY -3x 9998
BUY -2x 10004
BUY -20x 10005
88300 SELL 6x 4891
SELL 29x 4890
SELL 5x 9998
SELL 1x 9996
SELL 29x 9995
88400 SELL 1x 4896
SELL 24x 4891
SELL 1x 9996
SELL 23x 9995
88500 SELL 22x 4890
88600 
88700 
88800 SELL 29x 4889
SELL 2x 9996
SELL 27x 9995
88900 BUY -4x 4893
BUY -27x 4895
BUY -4x 10002
BUY -1x 10004
BUY -26x 10005
89000 SELL 5x 4890
SELL 24x 4889
SELL 5x 9998
SELL 2x 9996
SELL 22x 9995
89100 BUY -1x 4889
BUY -21x 4895
SELL 21x 9995
89200 SELL 26x 4888
89300 SELL 26x 4888
89400 
89500 
89600 SELL 2x 9996
SELL 23x 9995
89700 SELL 2x 9996
SELL 21x 9995
89800 SELL 1x 4892
SELL 8x 4888
89900 SELL 2x 4887
SELL 28x 4886
90000 BUY -3x 4891
BUY -22x 4893
90100 BUY -1x 9998
BUY -1x 10004
BUY -21x 10005
90200 SELL 7x 4887
SELL 26x 4886
SELL 7x 9998
SELL 2x 9996
SELL 24x 9995
90300 SELL 28x 4886
90400 SELL 26x 9995
90500 
90600 
90700 
90800 BUY -7x 4891
BUY -26x 4893
90900 SELL 8x 9998
91000 SELL 32x 4887
SELL 1x 10002
SELL 2x 9996
SELL 30x 9995
91100 SELL 26x 9995
91200 
91300 
91400 
91500 SELL 27x 4887
SELL 1x 9996
SELL 26x 9995
91600 BUY -1x 4889
BUY -22x 4895
SELL 2x 9996
SELL 20x 9995
91700 SELL 26x 4888
91800 BUY -1x 4889
BUY -21x 4895
91900 SELL 30x 4888
92000 BUY -3x 4893
BUY -24x 4895
92100 SELL 2x 4889
SELL 29x 4888
SELL 2x 9996
SELL 29x 9995
92200 
92300 SELL 1x 4891
SELL 1x 4889
SELL 24x 4888
92400 BUY -6x 4893
BUY -21x 4895
92500 BUY -5x 10002
BUY -2x 10004
BUY -27x 10005
92600 SELL 27x 9995
92700 SELL 27x 4888
SELL 2x 9996
SELL 25x 9995
92800 SELL 30x 4889
92900 
93000 
93100 SELL 8x 4890
SELL 27x 4889
SELL 8x 9998
SELL 2x 9996
SELL 25x 9995
93200 
93300 BUY -3x 4893
BUY -23x 4895
BUY -6x 10000
BUY -3x 10002
BUY -23x 10005
93400 SELL 23x 4889
SELL 23x 9995
93500 SELL 29x 4889
SELL 1x 9996
SELL 28x 9995
93600 BUY -4x 4894
BUY -29x 4896
BUY -1x 9998
BUY -4x 10002
BUY -29x 10005
93700 SELL 7x 4889
SELL 30x 4888
SELL 7x 9998
SELL 1x 9996
SELL 29x 9995
93800 SELL 1x 4889
SELL 20x 4888
BUY -5x 9998
BUY -1x 10004
BUY -20x 10005
93900 SELL 2x 9996
SELL 27x 9995
94000 BUY -7x 4894
BUY -22x 4896
BUY -7x 10002
BUY -22x 10005
94100 SELL 1x 9996
SELL 30x 9995
94200 BUY -8x 10002
BUY -28x 10005
94300 SELL 2x 4889
SELL 29x 4888
SELL 2x 9996
SELL 29x 9995
94400 
94500 SELL 21x 9995
94600 SELL 28x 9995
94700 
94800 SELL 23x 4887
94900 
95000 
95100 SELL 2x 9996
SELL 20x 9995
95200 SELL 29x 9995
95300 SELL 1x 4893
SELL 26x 4888
95400 SELL 30x 4888
95500 
95600 
95700 SELL 1x 10002
SELL 2x 9996
SELL 27x 9995
95800 BUY -1x 9998
BUY -1x 10004
BUY -21x 10005
95900 SELL 1x 4896
SELL 9x 4891
SELL 9x 9998
SELL 2x 9996
SELL 22x 9995
96000 SELL 1x 9996
SELL 20x 9995
96100 BUY -7x 4896
BUY -1x 4897
BUY -26x 4898
BUY -7x 10002
BUY -1x 10004
BUY -26x 10005
96200 
96300 SELL 23x 4891
SELL 23x 9995
96400 SELL 27x 4891
SELL 2x 9996
SELL 25x 9995
96500 
96600 BUY -1x 4897
BUY -24x 4898
96700 
96800 
96900 SELL 23x 4892
BUY -1x 9998
BUY -1x 10004
BUY -22x 10005
97000 BUY -2x 4896
BUY -25x 4898
97100 SELL 29x 9995
97200 SELL 9x 4897
SELL 20x 4892
97300 
97400 
97500 SELL 24x 4892
97600 SELL 6x 10000
97700 SELL 2x 9996
SELL 27x 9995
97800 
97900 
98000 SELL 27x 4892
98100 SELL 8x 9998
98200 SELL 29x 4891
SELL 29x 9995
98300 SELL 21x 4891
BUY -1x 9998
BUY -3x 10000
BUY -21x 10005
98400 
98500 BUY -7x 4895
BUY -32x 4897
98600 SELL 24x 9995
98700 SELL 26x 4890
98800 
98900 SELL 25x 4890
99000 BUY -1x 4893
BUY -28x 4897
99100 
99200 SELL 26x 4890
SELL 26x 9995
99300 BUY -1x 9998
BUY -2x 10004
BUY -21x 10005
99400 
99500 SELL 20x 4889
BUY -3x 9998
BUY -20x 10005
99600 BUY -1x 4892
BUY -28x 4896
SELL 28x 9995
99700 SELL 2x 4892
SELL 26x 4889
SELL 26x 9995
99800 BUY -5x 4895
BUY -1x 4896
BUY -25x 4897
BUY -5x 10002
BUY -1x 10004
BUY -25x 10005
99900 SELL 5x 4891
SELL 28x 4890
SELL 6x 9998
SELL 1x 9996
SELL 27x 9995


Submission logs:
2023-03-21T07:45:46Z Orders for product BANANAS exceeded limit of 20 set
2023-03-21T07:45:46Z Orders for product PEARLS exceeded limit of 20 set
2023-03-21T07:45:47Z Orders for product BANANAS exceeded limit of 20 set
2023-03-21T07:45:47Z Orders for product PEARLS exceeded limit of 20 set
2023-03-21T07:45:48Z Orders for product BANANAS exceeded limit of 20 set
2023-03-21T07:45:48Z Orders for product PEARLS exceeded limit of 20 set
2023-03-21T07:45:49Z Orders for product BANANAS exceeded limit of 20 set
2023-03-21T07:45:49Z Orders for product PEARLS exceeded limit of 20 set
2023-03-21T07:45:50Z Orders for product BANANAS exceeded limit of 20 set
2023-03-21T07:45:50Z Orders for product PEARLS exceeded limit of 20 set
2023-03-21T07:45:51Z Orders for product BANANAS exceeded limit of 20 set
2023-03-21T07:45:51Z Orders for product PEARLS exceeded limit of 20 set
2023-03-21T07:45:52Z Orders for product BANANAS exceeded limit of 20 set
2023-03-21T07:45:52Z Orders for product PEARLS exceeded limit of 20 set
2023-03-21T07:45:53Z Orders for product BANANAS exceeded limit of 20 set
2023-03-21T07:45:53Z Orders for product PEARLS exceeded limit of 20 set
2023-03-21T07:45:54Z Orders for product BANANAS exceeded limit of 20 set
2023-03-21T07:45:54Z Orders for product PEARLS exceeded limit of 20 set
2023-03-21T07:45:55Z Orders for product BANANAS exceeded limit of 20 set
2023-03-21T07:45:55Z Orders for product PEARLS exceeded limit of 20 set
2023-03-21T07:45:56Z Orders for product BANANAS exceeded limit of 20 set
2023-03-21T07:45:56Z Orders for product PEARLS exceeded limit of 20 set
2023-03-21T07:45:57Z Orders for product BANANAS exceeded limit of 20 set
2023-03-21T07:45:57Z Orders for product PEARLS exceeded limit of 20 set
2023-03-21T07:45:58Z Orders for product BANANAS exceeded limit of 20 set
2023-03-21T07:45:58Z Orders for product PEARLS exceeded limit of 20 set
2023-03-21T07:45:59Z Orders for product BANANAS exceeded limit of 20 set
2023-03-21T07:45:59Z Orders for product PEARLS exceeded limit of 20 set
2023-03-21T07:46:00Z Orders for product BANANAS exceeded limit of 20 set
2023-03-21T07:46:00Z Orders for product PEARLS exceeded limit of 20 set
2023-03-21T07:46:01Z Orders for product BANANAS exceeded limit of 20 set
2023-03-21T07:46:01Z Orders for product PEARLS exceeded limit of 20 set
2023-03-21T07:46:02Z Orders for product BANANAS exceeded limit of 20 set
2023-03-21T07:46:02Z Orders for product PEARLS exceeded limit of 20 set
2023-03-21T07:46:03Z Orders for product BANANAS exceeded limit of 20 set
2023-03-21T07:46:03Z Orders for product PEARLS exceeded limit of 20 set
2023-03-21T07:46:04Z Orders for product BANANAS exceeded limit of 20 set
2023-03-21T07:46:04Z Orders for product PEARLS exceeded limit of 20 set
2023-03-21T07:46:05Z Orders for product BANANAS exceeded limit of 20 set
2023-03-21T07:46:05Z Orders for product PEARLS exceeded limit of 20 set
2023-03-21T07:46:06Z Orders for product BANANAS exceeded limit of 20 set
2023-03-21T07:46:06Z Orders for product PEARLS exceeded limit of 20 set
2023-03-21T07:46:07Z Orders for product BANANAS exceeded limit of 20 set
2023-03-21T07:46:07Z Orders for product PEARLS exceeded limit of 20 set
2023-03-21T07:46:08Z Orders for product BANANAS exceeded limit of 20 set
2023-03-21T07:46:08Z Orders for product PEARLS exceeded limit of 20 set