Sandbox logs:
0 SELL -1x 4946
100 SELL -31x 4945
200 SELL -22x 4945
300 SELL -25x 4945
400 SELL -5x 4946
500 SELL -24x 4945
600 SELL -2x 4946
700 SELL -7x 4946
800 SELL -26x 4944
900 SELL -2x 4944
1000 SELL -28x 4944
1100 SELL -25x 4944
1200 SELL -9x 4945
1300 SELL -28x 4944
1400 SELL -25x 4945
1500 SELL -1x 4950
1600 SELL -23x 4945
1700 SELL -27x 4945
1800 SELL -2x 4946
1900 SELL -31x 4945
2000 SELL -26x 4945
2100 SELL -23x 4945
2200 SELL -32x 4945
2300 SELL -2x 4946
2400 SELL -3x 4951
2500 SELL -1x 4947
2600 SELL -25x 4946
2700 SELL -10x 4947
2800 SELL -1x 4952
2900 SELL -25x 4946
3000 SELL -31x 4946
3100 SELL -27x 4947
3200 SELL -2x 4947
3300 SELL -28x 4946
3400 SELL -29x 4946
3500 SELL -30x 4946
3600 SELL -21x 4947
3700 SELL -31x 4947
3800 SELL -30x 4947
3900 SELL -1x 4948
4000 SELL -29x 4947
4100 SELL -24x 4946
4200 SELL -28x 4946
4300 SELL -31x 4946
4400 SELL -26x 4946
4500 SELL -27x 4946
4600 SELL -22x 4946
4700 SELL -27x 4946
4800 SELL -1x 4951
4900 SELL -22x 4946
5000 SELL -4x 4947
5100 SELL -9x 4947
5200 SELL -2x 4947
5300 SELL -25x 4947
5400 SELL -27x 4947
5500 SELL -30x 4947
5600 SELL -9x 4947
5700 SELL -2x 4950
5800 SELL -1x 4953
5900 SELL -21x 4947
6000 SELL -24x 4947
6100 SELL -25x 4947
6200 SELL -30x 4947
6300 SELL -25x 4947
6400 SELL -23x 4947
6500 SELL -20x 4947
6600 SELL -27x 4948
6700 SELL -28x 4948
6800 SELL -1x 4948
6900 SELL -1x 4952
7000 SELL -7x 4948
7100 SELL -30x 4947
7200 SELL -23x 4947
7300 SELL -25x 4947
7400 SELL -30x 4947
7500 SELL -29x 4947
7600 SELL -26x 4946
7700 SELL -1x 4951
7800 SELL -1x 4951
7900 SELL -1x 4946
8000 SELL -23x 4945
8100 SELL -22x 4945
8200 SELL -2x 4949
8300 SELL -6x 4946
8400 SELL -26x 4945
8500 SELL -5x 4947
8600 SELL -23x 4944
8700 SELL -30x 4945
8800 SELL -23x 4945
8900 SELL -27x 4945
9000 SELL -23x 4945
9100 SELL -31x 4946
9200 SELL -24x 4945
9300 SELL -23x 4945
9400 SELL -24x 4946
9500 SELL -10x 4946
9600 SELL -20x 4945
9700 SELL -3x 4946
9800 SELL -21x 4945
9900 SELL -22x 4945
10000 SELL -8x 4946
10100 SELL -22x 4945
10200 SELL -25x 4946
10300 SELL -2x 4946
10400 SELL -30x 4946
10500 SELL -4x 4946
10600 SELL -23x 4945
10700 SELL -1x 4946
10800 SELL -3x 4947
10900 SELL -1x 4947
11000 SELL -30x 4946
11100 SELL -31x 4946
11200 SELL -29x 4946
11300 SELL -1x 4950
11400 SELL -3x 4946
11500 SELL -2x 4945
11600 SELL -26x 4944
11700 SELL -22x 4944
11800 SELL -21x 4944
11900 SELL -25x 4944
12000 SELL -25x 4943
12100 SELL -22x 4943
12200 SELL -10x 4944
12300 SELL -24x 4943
12400 SELL -30x 4943
12500 SELL -31x 4943
12600 SELL -5x 4944
12700 SELL -31x 4943
12800 SELL -31x 4943
12900 SELL -24x 4944
13000 SELL -27x 4943
13100 SELL -30x 4944
13200 SELL -28x 4943
13300 SELL -1x 4949
13400 SELL -26x 4944
13500 SELL -4x 4947
13600 SELL -25x 4944
13700 SELL -5x 4947
13800 SELL -25x 4943
13900 SELL -20x 4942
14000 SELL -1x 4948
14100 SELL -24x 4942
14200 SELL -24x 4942
14300 SELL -30x 4943
14400 SELL -9x 4943
14500 SELL -22x 4943
14600 SELL -21x 4942
14700 SELL -7x 4943
14800 SELL -1x 4943
14900 SELL -2x 4943
15000 SELL -23x 4942
15100 SELL -1x 4948
15200 SELL -3x 4946
15300 SELL -5x 4943
15400 SELL -26x 4942
15500 SELL -1x 4948
15600 SELL -24x 4943
15700 SELL -22x 4944
15800 SELL -9x 4945
15900 SELL -10x 4945
16000 SELL -27x 4945
16100 SELL -4x 4945
16200 SELL -21x 4944
16300 SELL -31x 4944
16400 SELL -2x 4945
16500 SELL -2x 4945
16600 SELL -25x 4945
16700 SELL -24x 4944
16800 SELL -32x 4944
16900 SELL -24x 4944
17000 SELL -23x 4944
17100 SELL -6x 4945
17200 SELL -6x 4946
17300 SELL -28x 4945
17400 SELL -25x 4946
17500 SELL -11x 4951
17600 SELL -27x 4945
17700 SELL -24x 4945
17800 SELL -23x 4944
17900 SELL -9x 4945
18000 SELL -9x 4945
18100 SELL -21x 4945
18200 SELL -1x 4950
18300 SELL -29x 4944
18400 SELL -30x 4945
18500 SELL -3x 4946
18600 SELL -31x 4945
18700 SELL -27x 4945
18800 SELL -24x 4945
18900 SELL -28x 4945
19000 SELL -24x 4945
19100 SELL -29x 4945
19200 SELL -29x 4945
19300 SELL -32x 4945
19400 SELL -21x 4946
19500 SELL -22x 4946
19600 SELL -31x 4946
19700 SELL -25x 4946
19800 SELL -20x 4946
19900 SELL -28x 4946
20000 SELL -29x 4946
20100 SELL -10x 4947
20200 SELL -29x 4946
20300 SELL -2x 4946
20400 SELL -24x 4946
20500 SELL -30x 4946
20600 SELL -23x 4947
20700 SELL -31x 4947
20800 SELL -1x 4953
20900 SELL -24x 4947
21000 SELL -27x 4948
21100 SELL -1x 4949
21200 SELL -23x 4947
21300 SELL -29x 4947
21400 SELL -30x 4948
21500 SELL -4x 4952
21600 SELL -2x 4951
21700 SELL -1x 4948
21800 SELL -5x 4949
21900 SELL -2x 4948
22000 SELL -24x 4947
22100 SELL -1x 4948
22200 SELL -28x 4948
22300 SELL -30x 4948
22400 SELL -26x 4948
22500 SELL -27x 4948
22600 SELL -27x 4948
22700 SELL -28x 4948
22800 SELL -30x 4948
22900 SELL -26x 4948
23000 SELL -3x 4949
23100 SELL -24x 4948
23200 SELL -26x 4948
23300 SELL -22x 4947
23400 SELL -6x 4949
23500 SELL -2x 4950
23600 SELL -3x 4952
23700 SELL -24x 4947
23800 SELL -2x 4948
23900 SELL -1x 4953
24000 SELL -23x 4947
24100 SELL -26x 4946
24200 SELL -1x 4951
24300 SELL -2x 4945
24400 SELL -25x 4944
24500 SELL -4x 4949
24600 SELL -27x 4945
24700 SELL -22x 4945
24800 SELL -28x 4945
24900 SELL -5x 4945
25000 SELL -27x 4944
25100 SELL -6x 4946
25200 SELL -25x 4944
25300 SELL -26x 4944
25400 SELL -2x 4945
25500 SELL -3x 4946
25600 SELL -1x 4950
25700 SELL -23x 4945
25800 SELL -1x 4945
25900 SELL -28x 4944
26000 SELL -24x 4945
26100 SELL -25x 4945
26200 SELL -26x 4945
26300 SELL -24x 4945
26400 SELL -28x 4945
26500 SELL -24x 4945
26600 SELL -1x 4946
26700 SELL -24x 4945
26800 SELL -24x 4945
26900 SELL -27x 4945
27000 SELL -31x 4945
27100 SELL -24x 4945
27200 SELL -3x 4950
27300 SELL -27x 4946
27400 SELL -25x 4946
27500 SELL -26x 4945
27600 SELL -23x 4945
27700 SELL -26x 4946
27800 SELL -28x 4947
27900 SELL -1x 4947
28000 SELL -24x 4946
28100 SELL -22x 4945
28200 SELL -30x 4946
28300 SELL -24x 4946
28400 SELL -21x 4947
28500 SELL -1x 4952
28600 SELL -6x 4949
28700 SELL -25x 4948
28800 SELL -2x 4949
28900 SELL -22x 4949
29000 SELL -24x 4949
29100 SELL -9x 4951
29200 SELL -20x 4950
29300 SELL -24x 4950
29400 SELL -4x 4954
29500 SELL -24x 4949
29600 SELL -20x 4949
29700 SELL -1x 4950
29800 SELL -7x 4950
29900 SELL -9x 4950
30000 SELL -21x 4950
30100 SELL -22x 4949
30200 SELL -24x 4949
30300 SELL -2x 4949
30400 SELL -23x 4948
30500 SELL -29x 4948
30600 SELL -30x 4948
30700 SELL -3x 4953
30800 SELL -29x 4948
30900 SELL -2x 4950
31000 SELL -20x 4950
31100 SELL -22x 4950
31200 SELL -1x 4950
31300 SELL -30x 4950
31400 SELL -2x 4951
31500 SELL -22x 4951
31600 SELL -2x 4952
31700 SELL -29x 4951
31800 SELL -21x 4950
31900 SELL -9x 4952
32000 SELL -30x 4951
32100 SELL -31x 4951
32200 SELL -26x 4951
32300 SELL -26x 4950
32400 SELL -29x 4950
32500 SELL -1x 4955
32600 SELL -30x 4950
32700 SELL -27x 4950
32800 SELL -23x 4949
32900 SELL -24x 4950
33000 SELL -28x 4949
33100 SELL -24x 4948
33200 SELL -25x 4948
33300 SELL -26x 4949
33400 SELL -27x 4949
33500 SELL -10x 4950
33600 SELL -27x 4949
33700 SELL -1x 4950
33800 SELL -26x 4948
33900 SELL -24x 4948
34000 SELL -1x 4953
34100 SELL -26x 4948
34200 SELL -27x 4949
34300 SELL -21x 4949
34400 SELL -1x 4949
34500 SELL -25x 4948
34600 SELL -22x 4948
34700 SELL -29x 4948
34800 SELL -24x 4948
34900 SELL -23x 4949
35000 SELL -2x 4949
35100 SELL -26x 4949
35200 SELL -24x 4949
35300 SELL -9x 4951
35400 SELL -22x 4950
35500 SELL -25x 4950
35600 SELL -10x 4950
35700 SELL -27x 4950
35800 SELL -30x 4950
35900 SELL -1x 4950
36000 SELL -28x 4950
36100 SELL -26x 4950
36200 SELL -30x 4950
36300 SELL -21x 4951
36400 SELL -28x 4950
36500 SELL -1x 4951
36600 SELL -1x 4951
36700 SELL -11x 4954
36800 SELL -27x 4950
36900 SELL -31x 4950
37000 SELL -2x 4953
37100 SELL -1x 4955
37200 SELL -3x 4951
37300 SELL -27x 4950
37400 SELL -1x 4950
37500 SELL -1x 4955
37600 SELL -26x 4950
37700 SELL -1x 4955
37800 SELL -29x 4950
37900 SELL -29x 4950
38000 SELL -25x 4950
38100 SELL -28x 4949
38200 SELL -5x 4950
38300 SELL -1x 4949
38400 SELL -21x 4948
38500 SELL -1x 4954
38600 SELL -27x 4948
38700 SELL -30x 4949
38800 SELL -27x 4949
38900 SELL -26x 4950
39000 SELL -29x 4950
39100 SELL -30x 4949
39200 SELL -1x 4955
39300 SELL -3x 4950
39400 SELL -2x 4950
39500 SELL -22x 4950
39600 SELL -22x 4949
39700 SELL -20x 4949
39800 SELL -31x 4949
39900 SELL -1x 4950
40000 SELL -5x 4953
40100 SELL -27x 4949
40200 SELL -23x 4949
40300 SELL -25x 4949
40400 SELL -21x 4948
40500 SELL -24x 4948
40600 SELL -2x 4948
40700 SELL -26x 4948
40800 SELL -29x 4948
40900 SELL -22x 4948
41000 SELL -5x 4949
41100 SELL -23x 4947
41200 SELL -26x 4947
41300 SELL -21x 4946
41400 SELL -22x 4947
41500 SELL -6x 4948
41600 SELL -1x 4948
41700 SELL -20x 4947
41800 SELL -30x 4947
41900 SELL -4x 4949
42000 SELL -30x 4948
42100 SELL -24x 4948
42200 SELL -26x 4948
42300 SELL -1x 4953
42400 SELL -25x 4948
42500 SELL -23x 4948
42600 SELL -25x 4947
42700 SELL -21x 4947
42800 SELL -23x 4947
42900 SELL -22x 4946
43000 SELL -25x 4946
43100 SELL -25x 4946
43200 SELL -28x 4946
43300 SELL -20x 4946
43400 SELL -28x 4946
43500 SELL -24x 4946
43600 SELL -21x 4945
43700 SELL -2x 4946
43800 SELL -25x 4945
43900 SELL -28x 4945
44000 SELL -26x 4945
44100 SELL -1x 4945
44200 SELL -6x 4945
44300 SELL -25x 4945
44400 SELL -30x 4945
44500 SELL -27x 4945
44600 SELL -23x 4945
44700 SELL -1x 4945
44800 SELL -2x 4945
44900 SELL -26x 4945
45000 SELL -27x 4945
45100 SELL -27x 4945
45200 SELL -27x 4945
45300 SELL -29x 4945
45400 SELL -28x 4946
45500 SELL -1x 4946
45600 SELL -1x 4951
45700 SELL -30x 4945
45800 SELL -2x 4946
45900 SELL -1x 4946
46000 SELL -27x 4946
46100 SELL -27x 4945
46200 SELL -28x 4945
46300 SELL -1x 4950
46400 SELL -26x 4944
46500 SELL -25x 4944
46600 SELL -4x 4947
46700 SELL -23x 4944
46800 SELL -6x 4945
46900 SELL -1x 4950
47000 SELL -20x 4944
47100 SELL -4x 4945
47200 SELL -1x 4950
47300 SELL -24x 4944
47400 SELL -26x 4945
47500 SELL -28x 4944
47600 SELL -21x 4943
47700 SELL -24x 4943
47800 SELL -22x 4943
47900 SELL -1x 4944
48000 SELL -5x 4943
48100 SELL -29x 4942
48200 SELL -26x 4942
48300 SELL -1x 4948
48400 SELL -1x 4947
48500 SELL -25x 4942
48600 SELL -22x 4942
48700 SELL -21x 4941
48800 SELL -10x 4943
48900 SELL -3x 4942
49000 SELL -29x 4941
49100 SELL -3x 4942
49200 SELL -25x 4940
49300 SELL -1x 4945
49400 SELL -1x 4945
49500 SELL -23x 4940
49600 SELL -22x 4940
49700 SELL -24x 4941
49800 SELL -22x 4941
49900 SELL -22x 4941
50000 SELL -1x 4943
50100 SELL -32x 4941
50200 SELL -1x 4942
50300 SELL -1x 4942
50400 SELL -1x 4942
50500 SELL -1x 4942
50600 SELL -1x 4947
50700 SELL -25x 4941
50800 SELL -24x 4941
50900 SELL -27x 4941
51000 SELL -2x 4942
51100 SELL -27x 4941
51200 SELL -2x 4941
51300 SELL -25x 4941
51400 SELL -23x 4941
51500 SELL -22x 4941
51600 SELL -31x 4941
51700 SELL -32x 4941
51800 SELL -2x 4942
51900 SELL -27x 4941
52000 SELL -24x 4941
52100 SELL -30x 4940
52200 SELL -28x 4941
52300 SELL -21x 4940
52400 SELL -2x 4941
52500 SELL -1x 4941
52600 SELL -24x 4941
52700 SELL -29x 4941
52800 SELL -24x 4941
52900 SELL -31x 4941
53000 SELL -28x 4941
53100 SELL -31x 4943
53200 SELL -31x 4943
53300 SELL -24x 4943
53400 SELL -23x 4942
53500 SELL -26x 4943
53600 SELL -1x 4943
53700 SELL -27x 4943
53800 SELL -2x 4944
53900 SELL -1x 4949
54000 SELL -1x 4945
54100 SELL -23x 4944
54200 SELL -21x 4943
54300 SELL -1x 4945
54400 SELL -23x 4944
54500 SELL -29x 4944
54600 SELL -4x 4945
54700 SELL -3x 4944
54800 SELL -24x 4943
54900 SELL -1x 4943
55000 SELL -27x 4943
55100 SELL -31x 4943
55200 SELL -25x 4943
55300 SELL -1x 4944
55400 SELL -1x 4944
55500 SELL -2x 4947
55600 SELL -7x 4943
55700 SELL -21x 4943
55800 SELL -23x 4943
55900 SELL -24x 4943
56000 SELL -22x 4943
56100 SELL -30x 4943
56200 SELL -28x 4943
56300 SELL -23x 4943
56400 SELL -6x 4944
56500 SELL -25x 4943
56600 SELL -27x 4943
56700 SELL -24x 4943
56800 SELL -23x 4943
56900 SELL -5x 4944
57000 SELL -25x 4943
57100 SELL -27x 4943
57200 SELL -26x 4943
57300 SELL -25x 4943
57400 SELL -1x 4944
57500 SELL -31x 4944
57600 SELL -29x 4944
57700 SELL -2x 4945
57800 SELL -2x 4945
57900 SELL -32x 4944
58000 SELL -6x 4945
58100 SELL -23x 4943
58200 SELL -26x 4944
58300 SELL -23x 4944
58400 SELL -21x 4944
58500 SELL -30x 4945
58600 SELL -4x 4945
58700 SELL -1x 4945
58800 SELL -5x 4945
58900 SELL -22x 4944
59000 SELL -9x 4945
59100 SELL -30x 4944
59200 SELL -1x 4949
59300 SELL -30x 4944
59400 SELL -28x 4944
59500 SELL -1x 4945
59600 SELL -25x 4944
59700 SELL -10x 4945
59800 SELL -20x 4944
59900 SELL -1x 4946
60000 SELL -4x 4946
60100 SELL -25x 4945
60200 SELL -1x 4946
60300 SELL -24x 4945
60400 SELL -1x 4946
60500 SELL -2x 4946
60600 SELL -27x 4945
60700 SELL -31x 4946
60800 SELL -25x 4945
60900 SELL -2x 4945
61000 SELL -31x 4944
61100 SELL -32x 4944
61200 SELL -30x 4944
61300 SELL -31x 4944
61400 SELL -28x 4944
61500 SELL -29x 4945
61600 SELL -26x 4945
61700 SELL -1x 4950
61800 SELL -29x 4944
61900 SELL -2x 4945
62000 SELL -23x 4944
62100 SELL -25x 4944
62200 SELL -8x 4944
62300 SELL -22x 4944
62400 SELL -26x 4944
62500 SELL -29x 4944
62600 SELL -31x 4943
62700 SELL -25x 4944
62800 SELL -28x 4943
62900 SELL -22x 4943
63000 SELL -27x 4943
63100 SELL -20x 4943
63200 SELL -24x 4943
63300 SELL -28x 4943
63400 SELL -31x 4943
63500 SELL -32x 4943
63600 SELL -31x 4943
63700 SELL -8x 4944
63800 SELL -1x 4943
63900 SELL -24x 4942
64000 SELL -31x 4942
64100 SELL -29x 4941
64200 SELL -24x 4941
64300 SELL -29x 4941
64400 SELL -25x 4940
64500 SELL -1x 4942
64600 SELL -23x 4941
64700 SELL -30x 4941
64800 SELL -2x 4941
64900 SELL -30x 4940
65000 SELL -22x 4941
65100 SELL -9x 4942
65200 SELL -25x 4940
65300 SELL -1x 4945
65400 SELL -25x 4940
65500 SELL -2x 4941
65600 SELL -8x 4941
65700 SELL -21x 4940
65800 SELL -29x 4940
65900 SELL -27x 4940
66000 SELL -1x 4941
66100 SELL -22x 4940
66200 SELL -28x 4940
66300 SELL -25x 4940
66400 SELL -29x 4940
66500 SELL -24x 4940
66600 SELL -1x 4942
66700 SELL -6x 4942
66800 SELL -24x 4939
66900 SELL -29x 4938
67000 SELL -32x 4938
67100 SELL -21x 4938
67200 SELL -30x 4937
67300 SELL -26x 4937
67400 SELL -1x 4937
67500 SELL -29x 4937
67600 SELL -31x 4937
67700 SELL -2x 4938
67800 SELL -23x 4938
67900 SELL -22x 4938
68000 SELL -30x 4938
68100 SELL -26x 4937
68200 SELL -26x 4938
68300 SELL -27x 4937
68400 SELL -6x 4938
68500 SELL -2x 4939
68600 SELL -31x 4938
68700 SELL -7x 4939
68800 SELL -23x 4938
68900 SELL -6x 4941
69000 SELL -3x 4939
69100 SELL -21x 4938
69200 SELL -27x 4938
69300 SELL -2x 4939
69400 SELL -1x 4939
69500 SELL -3x 4939
69600 SELL -25x 4938
69700 SELL -2x 4938
69800 SELL -1x 4938
69900 SELL -26x 4937
70000 SELL -10x 4938
70100 SELL -27x 4937
70200 SELL -1x 4937
70300 SELL -25x 4936
70400 SELL -2x 4936
70500 SELL -24x 4936
70600 SELL -1x 4941
70700 SELL -24x 4935
70800 SELL -31x 4935
70900 SELL -29x 4934
71000 SELL -1x 4940
71100 SELL -22x 4934
71200 SELL -2x 4935
71300 SELL -20x 4935
71400 SELL -30x 4934
71500 SELL -31x 4936
71600 SELL -22x 4936
71700 SELL -28x 4936
71800 SELL -2x 4937
71900 SELL -2x 4937
72000 SELL -29x 4937
72100 SELL -28x 4937
72200 SELL -21x 4936
72300 SELL -30x 4936
72400 SELL -24x 4935
72500 SELL -30x 4936
72600 SELL -4x 4938
72700 SELL -29x 4936
72800 SELL -30x 4936
72900 SELL -1x 4937
73000 SELL -26x 4937
73100 SELL -26x 4937
73200 SELL -1x 4938
73300 SELL -2x 4941
73400 SELL -30x 4938
73500 SELL -21x 4938
73600 SELL -21x 4937
73700 SELL -1x 4943
73800 SELL -6x 4938
73900 SELL -3x 4939
74000 SELL -21x 4938
74100 SELL -2x 4939
74200 SELL -29x 4938
74300 SELL -13x 4938
74400 SELL -21x 4938
74500 SELL -1x 4941
74600 SELL -28x 4938
74700 SELL -2x 4938
74800 SELL -2x 4938
74900 SELL -22x 4937
75000 SELL -2x 4937
75100 SELL -7x 4937
75200 SELL -13x 4941
75300 SELL -27x 4936
75400 SELL -5x 4941
75500 SELL -1x 4937
75600 SELL -30x 4937
75700 SELL -20x 4937
75800 SELL -31x 4936
75900 SELL -21x 4936
76000 SELL -21x 4936
76100 SELL -26x 4936
76200 SELL -20x 4936
76300 SELL -21x 4936
76400 SELL -28x 4935
76500 SELL -21x 4935
76600 SELL -1x 4940
76700 SELL -1x 4936
76800 SELL -26x 4935
76900 SELL -23x 4935
77000 SELL -32x 4935
77100 SELL -29x 4935
77200 SELL -1x 4935
77300 SELL -24x 4935
77400 SELL -1x 4935
77500 SELL -28x 4935
77600 SELL -31x 4935
77700 SELL -5x 4935
77800 SELL -29x 4934
77900 SELL -26x 4935
78000 SELL -1x 4936
78100 SELL -4x 4936
78200 SELL -8x 4936
78300 SELL -3x 4936
78400 SELL -28x 4935
78500 SELL -21x 4934
78600 SELL -32x 4935
78700 SELL -21x 4934
78800 SELL -1x 4940
78900 SELL -30x 4935
79000 SELL -24x 4935
79100 SELL -24x 4934
79200 SELL -26x 4934
79300 SELL -23x 4934
79400 SELL -22x 4934
79500 SELL -28x 4934
79600 SELL -24x 4934
79700 SELL -1x 4935
79800 SELL -1x 4939
79900 SELL -5x 4935
80000 SELL -25x 4934
80100 SELL -23x 4934
80200 SELL -22x 4935
80300 SELL -3x 4935
80400 SELL -1x 4939
80500 SELL -2x 4934
80600 SELL -21x 4933
80700 SELL -1x 4934
80800 SELL -9x 4934
80900 SELL -6x 4935
81000 SELL -22x 4934
81100 SELL -2x 4935
81200 SELL -2x 4935
81300 SELL -29x 4935
81400 SELL -31x 4935
81500 SELL -29x 4935
81600 SELL -25x 4935
81700 SELL -3x 4936
81800 SELL -1x 4941
81900 SELL -24x 4935
82000 SELL -23x 4935
82100 SELL -1x 4936
82200 SELL -4x 4936
82300 SELL -2x 4937
82400 SELL -8x 4937
82500 SELL -1x 4941
82600 SELL -26x 4935
82700 SELL -28x 4935
82800 SELL -3x 4938
82900 SELL -22x 4934
83000 SELL -9x 4935
83100 SELL -28x 4934
83200 SELL -7x 4934
83300 SELL -30x 4934
83400 SELL -27x 4934
83500 SELL -24x 4934
83600 SELL -27x 4934
83700 SELL -29x 4934
83800 SELL -24x 4934
83900 SELL -25x 4934
84000 SELL -22x 4934
84100 SELL -1x 4939
84200 SELL -30x 4934
84300 SELL -26x 4934
84400 SELL -24x 4934
84500 SELL -28x 4934
84600 SELL -21x 4934
84700 SELL -3x 4936
84800 SELL -1x 4940
84900 SELL -29x 4934
85000 SELL -29x 4934
85100 SELL -22x 4934
85200 SELL -27x 4933
85300 SELL -22x 4933
85400 SELL -1x 4939
85500 SELL -7x 4934
85600 SELL -27x 4934
85700 SELL -22x 4933
85800 SELL -22x 4933
85900 SELL -1x 4933
86000 
86100 
86200 SELL -6x 4935
86300 SELL -4x 4934
86400 SELL -23x 4933
86500 SELL -8x 4933
86600 
86700 
86800 
86900 SELL -1x 4937
87000 
87100 SELL -6x 4937
87200 
87300 SELL -1x 4938
87400 SELL -4x 4933
87500 SELL -1x 4937
87600 SELL -1x 4933
87700 
87800 
87900 SELL -1x 4937
88000 
88100 
88200 
88300 SELL -2x 4933
88400 SELL -22x 4933
88500 
88600 SELL -8x 4937
88700 
88800 
88900 SELL -31x 4933
89000 SELL -28x 4933
89100 SELL -1x 4938
89200 SELL -1x 4938
89300 SELL -28x 4933
89400 SELL -23x 4933
89500 SELL -1x 4938
89600 SELL -4x 4934
89700 SELL -21x 4933
89800 SELL -6x 4935
89900 SELL -5x 4935
90000 SELL -29x 4934
90100 SELL -22x 4934
90200 SELL -4x 4934
90300 SELL -4x 4934
90400 SELL -26x 4933
90500 SELL -27x 4933
90600 SELL -24x 4933
90700 SELL -23x 4933
90800 SELL -27x 4934
90900 SELL -23x 4933
91000 SELL -29x 4933
91100 SELL -1x 4934
91200 SELL -1x 4938
91300 SELL -8x 4933
91400 
91500 
91600 SELL -21x 4933
91700 SELL -1x 4933
91800 SELL -30x 4933
91900 SELL -1x 4938
92000 SELL -3x 4934
92100 SELL -2x 4933
92200 SELL -26x 4933
92300 SELL -27x 4933
92400 SELL -1x 4938
92500 SELL -22x 4933
92600 
92700 
92800 
92900 
93000 SELL -2x 4933
93100 
93200 
93300 
93400 
93500 
93600 SELL -21x 4933
93700 SELL -1x 4938
93800 SELL -26x 4933
93900 SELL -28x 4933
94000 SELL -1x 4938
94100 SELL -27x 4933
94200 SELL -11x 4933
94300 
94400 SELL -4x 4933
94500 SELL -5x 4936
94600 
94700 
94800 
94900 
95000 SELL -1x 4935
95100 
95200 
95300 
95400 
95500 
95600 
95700 
95800 
95900 
96000 
96100 
96200 
96300 SELL -1x 4937
96400 
96500 SELL -1x 4933
96600 SELL -4x 4933
96700 
96800 
96900 SELL -1x 4937
97000 
97100 
97200 
97300 SELL -1x 4933
97400 
97500 
97600 
97700 
97800 
97900 
98000 
98100 SELL -2x 4933
98200 
98300 
98400 SELL -6x 4933
98500 
98600 SELL -2x 4933
98700 
98800 SELL -4x 4935
98900 
99000 
99100 
99200 
99300 
99400 SELL -1x 4937
99500 
99600 SELL -6x 4933
99700 
99800 SELL -3x 4933
99900 
100000 SELL -5x 4934
100100 
100200 
100300 
100400 
100500 
100600 SELL -1x 4936
100700 
100800 
100900 
101000 
101100 SELL -1x 4936
101200 
101300 
101400 
101500 
101600 
101700 
101800 
101900 
102000 
102100 
102200 
102300 SELL -5x 4934
102400 SELL -28x 4933
102500 SELL -27x 4933
102600 SELL -2x 4933
102700 SELL -1x 4933
102800 SELL -27x 4933
102900 SELL -1x 4934
103000 SELL -2x 4936
103100 SELL -22x 4933
103200 
103300 
103400 
103500 
103600 
103700 
103800 
103900 
104000 
104100 
104200 
104300 
104400 
104500 BUY -5x 4931
104600 
104700 
104800 
104900 
105000 
105100 
105200 
105300 
105400 
105500 BUY -5x 4931
105600 
105700 
105800 
105900 
106000 SELL -1x 4933
106100 
106200 
106300 BUY -1x 4929
106400 
106500 
106600 
106700 
106800 
106900 
107000 
107100 
107200 
107300 SELL -4x 4933
107400 
107500 
107600 
107700 
107800 
107900 
108000 
108100 
108200 
108300 
108400 
108500 
108600 BUY -1x 4929
108700 
108800 SELL -1x 4934
108900 
109000 
109100 
109200 SELL -3x 4933
109300 
109400 
109500 SELL -10x 4934
109600 
109700 
109800 
109900 
110000 
110100 SELL -1x 4934
110200 BUY -1x 4929
110300 
110400 
110500 
110600 
110700 
110800 
110900 
111000 
111100 BUY -5x 4930
111200 SELL -1x 4933
111300 BUY -1x 4929
111400 
111500 
111600 
111700 
111800 
111900 
112000 
112100 
112200 
112300 
112400 
112500 BUY -3x 4930
112600 
112700 BUY -1x 4931
112800 
112900 
113000 
113100 
113200 
113300 
113400 
113500 SELL -1x 4934
113600 
113700 
113800 
113900 
114000 
114100 
114200 
114300 
114400 
114500 BUY -1x 4927
114600 
114700 
114800 
114900 BUY -3x 4930
115000 BUY -4x 4930
115100 BUY -2x 4931
115200 
115300 
115400 BUY -1x 4931
115500 BUY -2x 4931
115600 BUY -31x 4931
115700 BUY -1x 4931
115800 BUY -30x 4931
115900 BUY -28x 4931
116000 BUY -4x 4929
116100 BUY -28x 4931
116200 BUY -26x 4931
116300 BUY -10x 4929
116400 BUY -2x 4929
116500 BUY -2x 4931
116600 
116700 
116800 BUY -2x 4927
116900 
117000 
117100 BUY -5x 4926
117200 
117300 
117400 
117500 BUY -10x 4930
117600 
117700 BUY -24x 4931
117800 BUY -5x 4930
117900 
118000 BUY -1x 4931
118100 
118200 BUY -7x 4929
118300 BUY -3x 4930
118400 BUY -28x 4931
118500 BUY -28x 4931
118600 BUY -6x 4925
118700 BUY -2x 4931
118800 
118900 
119000 
119100 
119200 
119300 
119400 
119500 
119600 
119700 
119800 BUY -1x 4926
119900 BUY -8x 4930
120000 BUY -1x 4931
120100 BUY -2x 4931
120200 
120300 BUY -1x 4930
120400 
120500 
120600 
120700 
120800 
120900 BUY -2x 4930
121000 
121100 
121200 
121300 BUY -1x 4926
121400 
121500 
121600 BUY -2x 4931
121700 
121800 BUY -6x 4931
121900 
122000 BUY -1x 4931
122100 
122200 BUY -1x 4930
122300 
122400 
122500 
122600 SELL -1x 4934
122700 
122800 BUY -1x 4930
122900 
123000 
123100 
123200 
123300 
123400 
123500 
123600 
123700 
123800 
123900 SELL -7x 4934
124000 
124100 
124200 
124300 SELL -1x 4933
124400 
124500 
124600 
124700 
124800 
124900 
125000 
125100 SELL -1x 4933
125200 SELL -1x 4933
125300 
125400 
125500 
125600 SELL -10x 4933
125700 
125800 
125900 SELL -1x 4933
126000 
126100 
126200 
126300 
126400 
126500 
126600 
126700 
126800 
126900 
127000 
127100 
127200 
127300 
127400 
127500 
127600 SELL -4x 4935
127700 
127800 
127900 
128000 BUY -7x 4930
128100 
128200 
128300 
128400 
128500 
128600 
128700 
128800 
128900 
129000 
129100 
129200 
129300 
129400 
129500 
129600 
129700 
129800 SELL -4x 4934
129900 
130000 
130100 
130200 
130300 
130400 
130500 
130600 
130700 
130800 
130900 
131000 SELL -1x 4934
131100 SELL -1x 4936
131200 
131300 SELL -6x 4933
131400 
131500 
131600 
131700 
131800 
131900 
132000 
132100 SELL -5x 4934
132200 
132300 
132400 
132500 SELL -1x 4936
132600 
132700 
132800 
132900 SELL -1x 4935
133000 
133100 
133200 SELL -1x 4935
133300 SELL -1x 4935
133400 
133500 
133600 BUY -1x 4930
133700 
133800 
133900 
134000 
134100 
134200 
134300 
134400 
134500 
134600 
134700 
134800 
134900 
135000 
135100 
135200 SELL -1x 4935
135300 
135400 
135500 
135600 
135700 SELL -2x 4934
135800 BUY -1x 4931
135900 
136000 
136100 BUY -1x 4929
136200 SELL -2x 4933
136300 
136400 SELL -1x 4934
136500 BUY -5x 4931
136600 
136700 
136800 
136900 
137000 
137100 BUY -1x 4928
137200 
137300 
137400 
137500 
137600 
137700 
137800 
137900 
138000 
138100 BUY -8x 4929
138200 SELL -1x 4933
138300 
138400 
138500 SELL -10x 4933
138600 SELL -4x 4933
138700 
138800 
138900 
139000 
139100 
139200 
139300 SELL -1x 4933
139400 
139500 
139600 
139700 
139800 BUY -2x 4930
139900 
140000 
140100 
140200 
140300 
140400 
140500 
140600 
140700 
140800 
140900 
141000 
141100 
141200 
141300 
141400 
141500 
141600 
141700 
141800 
141900 
142000 
142100 
142200 
142300 
142400 
142500 
142600 SELL -1x 4934
142700 SELL -3x 4933
142800 
142900 
143000 
143100 
143200 
143300 
143400 
143500 
143600 
143700 
143800 
143900 
144000 
144100 SELL -1x 4935
144200 
144300 
144400 
144500 
144600 
144700 
144800 
144900 
145000 
145100 SELL -10x 4933
145200 
145300 SELL -2x 4936
145400 
145500 
145600 
145700 
145800 
145900 
146000 
146100 
146200 SELL -6x 4933
146300 BUY -9x 4931
146400 
146500 SELL -4x 4935
146600 
146700 
146800 
146900 
147000 
147100 
147200 SELL -1x 4934
147300 
147400 BUY -1x 4930
147500 SELL -1x 4935
147600 
147700 
147800 
147900 SELL -4x 4934
148000 
148100 
148200 SELL -1x 4935
148300 
148400 
148500 
148600 
148700 SELL -1x 4935
148800 
148900 
149000 SELL -3x 4934
149100 
149200 
149300 
149400 
149500 
149600 
149700 
149800 
149900 BUY -4x 4931
150000 
150100 
150200 
150300 
150400 
150500 
150600 
150700 
150800 BUY -3x 4930
150900 
151000 
151100 
151200 
151300 
151400 
151500 
151600 
151700 BUY -1x 4929
151800 
151900 
152000 
152100 SELL -1x 4933
152200 
152300 
152400 
152500 
152600 
152700 
152800 
152900 
153000 BUY -2x 4931
153100 
153200 
153300 
153400 
153500 
153600 
153700 
153800 
153900 
154000 SELL -1x 4936
154100 
154200 
154300 
154400 
154500 
154600 
154700 
154800 
154900 
155000 
155100 
155200 
155300 
155400 
155500 
155600 
155700 SELL -13x 4934
155800 
155900 
156000 
156100 
156200 
156300 
156400 
156500 
156600 
156700 
156800 
156900 
157000 
157100 
157200 
157300 
157400 BUY -1x 4930
157500 BUY -5x 4931
157600 
157700 
157800 
157900 
158000 
158100 
158200 BUY -11x 4930
158300 
158400 
158500 SELL -1x 4935
158600 
158700 SELL -1x 4935
158800 
158900 
159000 SELL -1x 4934
159100 
159200 
159300 
159400 BUY -6x 4931
159500 SELL -1x 4935
159600 
159700 
159800 
159900 
160000 
160100 
160200 
160300 
160400 
160500 
160600 
160700 
160800 
160900 
161000 
161100 
161200 
161300 
161400 SELL -1x 4933
161500 
161600 
161700 
161800 
161900 
162000 
162100 
162200 
162300 
162400 BUY -5x 4928
162500 
162600 
162700 
162800 
162900 
163000 
163100 BUY -2x 4931
163200 
163300 
163400 
163500 
163600 
163700 BUY -4x 4931
163800 BUY -6x 4931
163900 
164000 
164100 
164200 
164300 
164400 
164500 
164600 
164700 
164800 
164900 
165000 
165100 
165200 
165300 
165400 
165500 
165600 
165700 
165800 
165900 
166000 
166100 
166200 
166300 
166400 
166500 BUY -1x 4926
166600 BUY -9x 4930
166700 
166800 BUY -2x 4931
166900 BUY -1x 4929
167000 BUY -3x 4931
167100 
167200 BUY -10x 4931
167300 BUY -5x 4931
167400 
167500 BUY -8x 4931
167600 
167700 
167800 
167900 
168000 
168100 
168200 
168300 
168400 
168500 
168600 
168700 
168800 
168900 
169000 
169100 
169200 
169300 
169400 
169500 
169600 
169700 
169800 
169900 
170000 
170100 
170200 BUY -3x 4928
170300 
170400 
170500 
170600 
170700 
170800 
170900 
171000 BUY -2x 4929
171100 
171200 
171300 
171400 BUY -2x 4929
171500 
171600 BUY -4x 4931
171700 BUY -3x 4929
171800 
171900 
172000 
172100 
172200 
172300 
172400 BUY -9x 4931
172500 
172600 
172700 BUY -6x 4929
172800 BUY -1x 4927
172900 
173000 
173100 
173200 
173300 
173400 
173500 
173600 
173700 
173800 
173900 
174000 
174100 
174200 
174300 
174400 
174500 
174600 BUY -2x 4931
174700 
174800 BUY -1x 4928
174900 
175000 
175100 BUY -5x 4931
175200 
175300 
175400 
175500 
175600 
175700 
175800 
175900 BUY -6x 4931
176000 
176100 
176200 
176300 
176400 
176500 
176600 
176700 
176800 
176900 
177000 
177100 
177200 
177300 
177400 
177500 
177600 
177700 
177800 
177900 
178000 
178100 
178200 
178300 
178400 
178500 SELL -11x 4933
178600 
178700 
178800 
178900 
179000 BUY -7x 4931
179100 
179200 
179300 
179400 
179500 
179600 
179700 
179800 
179900 BUY -3x 4928
180000 BUY -3x 4928
180100 BUY -7x 4928
180200 SELL -1x 4933
180300 
180400 SELL -1x 4933
180500 
180600 
180700 
180800 
180900 
181000 
181100 
181200 
181300 BUY -1x 4929
181400 
181500 
181600 
181700 
181800 BUY -5x 4930
181900 
182000 BUY -6x 4930
182100 
182200 
182300 
182400 
182500 
182600 
182700 BUY -2x 4929
182800 
182900 
183000 
183100 
183200 
183300 
183400 
183500 
183600 BUY -5x 4929
183700 SELL -1x 4933
183800 BUY -7x 4928
183900 
184000 
184100 
184200 
184300 
184400 
184500 
184600 
184700 
184800 
184900 SELL -1x 4933
185000 
185100 
185200 
185300 SELL -1x 4934
185400 
185500 
185600 
185700 
185800 
185900 
186000 BUY -1x 4931
186100 
186200 BUY -7x 4928
186300 
186400 
186500 
186600 
186700 
186800 
186900 
187000 
187100 
187200 BUY -1x 4929
187300 
187400 
187500 
187600 
187700 
187800 
187900 
188000 
188100 SELL -1x 4934
188200 
188300 BUY -4x 4930
188400 
188500 
188600 
188700 
188800 
188900 
189000 
189100 BUY -5x 4929
189200 
189300 
189400 
189500 
189600 
189700 
189800 
189900 BUY -3x 4930
190000 
190100 
190200 
190300 
190400 
190500 
190600 
190700 SELL -1x 4934
190800 
190900 
191000 
191100 
191200 
191300 
191400 
191500 
191600 
191700 
191800 
191900 SELL -1x 4933
192000 
192100 SELL -1x 4934
192200 SELL -1x 4933
192300 SELL -1x 4933
192400 
192500 SELL -1x 4933
192600 
192700 
192800 
192900 
193000 
193100 
193200 
193300 
193400 
193500 
193600 
193700 
193800 
193900 SELL -1x 4934
194000 SELL -1x 4934
194100 
194200 BUY -1x 4930
194300 BUY -1x 4930
194400 
194500 
194600 
194700 
194800 
194900 
195000 
195100 
195200 
195300 
195400 
195500 
195600 
195700 
195800 
195900 
196000 BUY -5x 4931
196100 
196200 
196300 
196400 
196500 
196600 
196700 SELL -1x 4933
196800 
196900 
197000 
197100 
197200 
197300 
197400 
197500 
197600 
197700 BUY -1x 4930
197800 
197900 SELL -1x 4935
198000 
198100 
198200 
198300 BUY -1x 4931
198400 
198500 
198600 
198700 
198800 
198900 
199000 
199100 
199200 
199300 SELL -1x 4935
199400 
199500 
199600 
199700 
199800 
199900 


Submission logs:
2023-03-20T05:35:45Z Orders for product BANANAS exceeded limit of 20 set
2023-03-20T05:35:46Z Orders for product BANANAS exceeded limit of 20 set
2023-03-20T05:35:47Z Orders for product BANANAS exceeded limit of 20 set
2023-03-20T05:35:48Z Orders for product BANANAS exceeded limit of 20 set
2023-03-20T05:35:49Z Orders for product BANANAS exceeded limit of 20 set
2023-03-20T05:35:50Z Orders for product BANANAS exceeded limit of 20 set
2023-03-20T05:35:51Z Orders for product BANANAS exceeded limit of 20 set
2023-03-20T05:35:52Z Orders for product BANANAS exceeded limit of 20 set
2023-03-20T05:35:53Z Orders for product BANANAS exceeded limit of 20 set
2023-03-20T05:35:54Z Orders for product BANANAS exceeded limit of 20 set
2023-03-20T05:35:55Z Orders for product BANANAS exceeded limit of 20 set
2023-03-20T05:35:56Z Orders for product BANANAS exceeded limit of 20 set
2023-03-20T05:35:57Z Orders for product BANANAS exceeded limit of 20 set
2023-03-20T05:35:58Z Orders for product BANANAS exceeded limit of 20 set
2023-03-20T05:35:59Z Orders for product BANANAS exceeded limit of 20 set
2023-03-20T05:36:00Z Orders for product BANANAS exceeded limit of 20 set
2023-03-20T05:36:01Z Orders for product BANANAS exceeded limit of 20 set
2023-03-20T05:36:02Z Orders for product BANANAS exceeded limit of 20 set
2023-03-20T05:36:03Z Orders for product BANANAS exceeded limit of 20 set
2023-03-20T05:36:04Z Orders for product BANANAS exceeded limit of 20 set
2023-03-20T05:36:05Z Orders for product BANANAS exceeded limit of 20 set
2023-03-20T05:36:06Z Orders for product BANANAS exceeded limit of 20 set
2023-03-20T05:36:07Z Orders for product BANANAS exceeded limit of 20 set
2023-03-20T05:36:08Z Orders for product BANANAS exceeded limit of 20 set
2023-03-20T05:36:09Z Orders for product BANANAS exceeded limit of 20 set
2023-03-20T05:36:10Z Orders for product BANANAS exceeded limit of 20 set
2023-03-20T05:36:11Z Orders for product BANANAS exceeded limit of 20 set
2023-03-20T05:36:12Z Orders for product BANANAS exceeded limit of 20 set
2023-03-20T05:36:13Z Orders for product BANANAS exceeded limit of 20 set
2023-03-20T05:36:14Z Orders for product BANANAS exceeded limit of 20 set
2023-03-20T05:36:15Z Orders for product BANANAS exceeded limit of 20 set
2023-03-20T05:36:16Z Orders for product BANANAS exceeded limit of 20 set
2023-03-20T05:36:17Z Orders for product BANANAS exceeded limit of 20 set
2023-03-20T05:36:18Z Orders for product BANANAS exceeded limit of 20 set
2023-03-20T05:36:19Z Orders for product BANANAS exceeded limit of 20 set
2023-03-20T05:36:20Z Orders for product BANANAS exceeded limit of 20 set
2023-03-20T05:36:21Z Orders for product BANANAS exceeded limit of 20 set
2023-03-20T05:36:22Z Orders for product BANANAS exceeded limit of 20 set
2023-03-20T05:36:23Z Orders for product BANANAS exceeded limit of 20 set
2023-03-20T05:36:24Z Orders for product BANANAS exceeded limit of 20 set
2023-03-20T05:36:25Z Orders for product BANANAS exceeded limit of 20 set
2023-03-20T05:36:26Z Orders for product BANANAS exceeded limit of 20 set