Sandbox logs:
0 BUY -23x 4899
100 BUY -22x 4898
SELL -2x 10000
SELL -1x 10002
200 BUY -22x 4899
300 BUY -26x 4900
400 BUY -5x 4896
500 BUY -24x 4899
600 BUY -30x 4899
700 BUY -23x 4898
800 BUY -25x 4898
900 BUY -21x 4898
BUY -11x 9998
1000 BUY -1x 4897
1100 BUY -6x 4896
1200 BUY -23x 4898
1300 BUY -25x 4897
SELL -1x 10002
1400 BUY -23x 4897
1500 BUY -21x 4897
BUY -4x 9998
1600 BUY -30x 4897
1700 BUY -2x 4892
1800 BUY -10x 4895
SELL -4x 10000
1900 BUY -1x 4891
2000 BUY -2x 4896
2100 BUY -2x 4896
2200 BUY -21x 4896
BUY -4x 9998
2300 BUY -1x 4892
2400 BUY -22x 4896
2500 BUY -2x 4896
2600 BUY -4x 4894
SELL -1x 10002
2700 BUY -23x 4896
2800 BUY -27x 4897
2900 BUY -22x 4897
3000 BUY -30x 4897
3100 BUY -1x 4897
3200 BUY -24x 4898
SELL -2x 10002
3300 BUY -1x 4897
SELL -1x 10002
3400 BUY -2x 4897
3500 BUY -10x 4896
3600 BUY -8x 4896
3700 BUY -25x 4898
3800 BUY -24x 4899
3900 BUY -26x 4898
4000 BUY -31x 4898
SELL -1x 10002
4100 BUY -4x 4897
SELL -5x 10000
4200 BUY -29x 4899
SELL -5x 10002
4300 BUY -8x 4897
4400 BUY -28x 4899
4500 BUY -26x 4899
4600 BUY -21x 4899
4700 BUY -26x 4899
4800 BUY -23x 4899
4900 BUY -24x 4899
5000 BUY -31x 4899
5100 BUY -26x 4899
5200 BUY -25x 4900
SELL -5x 10000
5300 BUY -22x 4900
BUY -12x 9998
5400 BUY -30x 4901
5500 BUY -29x 4901
5600 BUY -2x 4901
5700 BUY -31x 4901
5800 BUY -2x 4897
5900 BUY -23x 4901
6000 BUY -10x 4899
6100 BUY -25x 4901
6200 BUY -30x 4901
6300 BUY -3x 4897
6400 BUY -2x 4897
6500 BUY -22x 4901
6600 BUY -29x 4901
6700 BUY -1x 4900
6800 BUY -2x 4899
SELL -5x 10000
6900 BUY -29x 4900
7000 BUY -31x 4900
7100 BUY -7x 4898
BUY -5x 9998
7200 BUY -2x 4898
7300 BUY -26x 4900
7400 BUY -22x 4901
SELL -1x 10002
7500 BUY -29x 4901
7600 BUY -27x 4901
SELL -1x 10002
7700 BUY -5x 4899
7800 BUY -23x 4901
7900 BUY -7x 4900
8000 BUY -30x 4902
SELL -3x 10000
8100 BUY -25x 4902
8200 BUY -27x 4903
8300 BUY -28x 4903
8400 BUY -29x 4904
8500 BUY -27x 4903
8600 BUY -29x 4903
8700 BUY -24x 4903
8800 BUY -1x 4902
8900 BUY -26x 4903
9000 BUY -23x 4902
9100 BUY -5x 4897
BUY -1x 9998
9200 BUY -27x 4903
9300 BUY -30x 4902
SELL -11x 10002
9400 BUY -30x 4902
SELL -1x 10002
9500 BUY -2x 4902
SELL -1x 10002
9600 BUY -6x 4900
9700 BUY -1x 4902
9800 BUY -26x 4902
9900 BUY -9x 4896
10000 BUY -27x 4902
10100 BUY -21x 4902
SELL -4x 10002
10200 BUY -20x 4902
10300 BUY -1x 4901
10400 BUY -25x 4902
10500 BUY -26x 4901
10600 BUY -20x 4902
10700 BUY -24x 4902
BUY -3x 9998
10800 BUY -1x 4900
10900 BUY -23x 4901
11000 BUY -9x 4895
11100 BUY -1x 4899
11200 BUY -30x 4901
11300 BUY -2x 4899
11400 BUY -30x 4901
11500 BUY -29x 4900
11600 BUY -24x 4899
11700 BUY -2x 4899
SELL -4x 10000
11800 BUY -22x 4900
11900 BUY -23x 4900
SELL -4x 10000
SELL -1x 10002
12000 BUY -28x 4900
12100 BUY -25x 4900
BUY -8x 9998
12200 BUY -25x 4900
12300 BUY -3x 4898
12400 BUY -29x 4900
SELL -1x 10002
12500 BUY -23x 4899
SELL -3x 10000
12600 BUY -26x 4899
SELL -4x 10000
12700 BUY -1x 4897
SELL -1x 10002
12800 BUY -9x 4896
SELL -4x 10000
12900 BUY -4x 4897
13000 BUY -2x 4897
13100 BUY -21x 4899
13200 BUY -31x 4899
13300 BUY -23x 4899
SELL -2x 10002
13400 BUY -26x 4900
13500 BUY -25x 4900
13600 BUY -6x 4898
13700 BUY -28x 4899
SELL -1x 10002
13800 BUY -23x 4900
13900 BUY -21x 4900
14000 BUY -29x 4900
SELL -6x 10002
14100 BUY -4x 4898
14200 BUY -21x 4900
14300 BUY -22x 4900
14400 BUY -23x 4901
SELL -4x 10002
14500 BUY -10x 4898
14600 BUY -11x 4894
14700 BUY -24x 4900
14800 BUY -4x 4896
BUY -1x 9998
14900 BUY -1x 4898
15000 BUY -1x 4894
15100 BUY -1x 4900
BUY -1x 9998
15200 BUY -1x 4898
SELL -4x 10000
15300 BUY -7x 4898
15400 BUY -30x 4899
15500 BUY -25x 4899
BUY -11x 9998
15600 BUY -23x 4899
15700 BUY -30x 4899
15800 BUY -28x 4899
15900 BUY -8x 4897
16000 BUY -7x 4893
16100 BUY -1x 4899
16200 BUY -1x 4894
16300 BUY -22x 4899
16400 BUY -6x 4898
16500 BUY -22x 4900
16600 BUY -26x 4900
16700 BUY -25x 4900
SELL -1x 10002
16800 BUY -27x 4900
SELL -2x 10000
16900 BUY -24x 4900
17000 BUY -26x 4900
17100 BUY -27x 4900
17200 BUY -28x 4900
17300 BUY -28x 4900
17400 BUY -25x 4900
BUY -11x 9998
17500 BUY -2x 4900
17600 BUY -30x 4901
17700 BUY -22x 4901
17800 BUY -5x 4899
BUY -3x 9998
17900 BUY -2x 4899
BUY -1x 9998
18000 BUY -24x 4901
18100 BUY -2x 4901
18200 BUY -10x 4899
18300 BUY -20x 4901
18400 BUY -1x 4900
18500 BUY -23x 4900
18600 BUY -22x 4900
18700 BUY -30x 4901
SELL -1x 10002
18800 BUY -7x 4899
18900 BUY -25x 4901
SELL -1x 10002
19000 BUY -31x 4901
19100 BUY -2x 4900
19200 BUY -1x 4899
19300 BUY -25x 4900
BUY -6x 9998
19400 BUY -5x 4899
19500 BUY -23x 4901
19600 BUY -4x 4895
SELL -1x 10002
19700 BUY -31x 4900
19800 BUY -2x 4899
19900 BUY -1x 4899
BUY -1x 9998
20000 BUY -12x 4894
BUY -1x 9998
20100 BUY -30x 4899
BUY -4x 9998
20200 BUY -20x 4900
SELL -1x 10002
20300 BUY -24x 4899
SELL -4x 10002
20400 BUY -28x 4899
SELL -2x 10002
20500 BUY -26x 4899
20600 BUY -5x 4897
BUY -4x 9998
20700 BUY -30x 4899
20800 BUY -26x 4898
20900 BUY -1x 4892
21000 BUY -13x 4892
21100 BUY -28x 4897
21200 BUY -29x 4897
BUY -1x 9998
21300 BUY -22x 4897
21400 BUY -1x 4897
21500 BUY -30x 4898
21600 BUY -22x 4899
21700 BUY -27x 4899
21800 BUY -26x 4899
21900 BUY -3x 4897
22000 BUY -22x 4898
22100 BUY -22x 4899
22200 BUY -23x 4899
SELL -1x 10002
22300 BUY -30x 4898
22400 BUY -3x 4896
22500 BUY -27x 4898
22600 BUY -1x 4897
22700 BUY -9x 4896
22800 BUY -27x 4898
SELL -1x 10002
22900 BUY -23x 4898
SELL -2x 10002
23000 BUY -2x 4896
23100 BUY -2x 4897
23200 BUY -4x 4896
23300 BUY -4x 4893
23400 BUY -30x 4898
23500 BUY -31x 4898
23600 BUY -1x 4891
23700 BUY -21x 4897
23800 BUY -22x 4898
23900 BUY -27x 4897
24000 BUY -29x 4897
24100 BUY -22x 4897
24200 BUY -7x 4895
24300 BUY -1x 4891
SELL -1x 10002
24400 BUY -29x 4897
24500 BUY -10x 4895
24600 BUY -2x 4892
24700 BUY -2x 4896
24800 BUY -1x 4892
24900 BUY -24x 4896
25000 BUY -28x 4896
SELL -1x 10002
25100 BUY -27x 4896
25200 BUY -26x 4896
25300 BUY -22x 4896
25400 BUY -29x 4896
SELL -3x 10002
25500 BUY -24x 4896
25600 BUY -24x 4895
25700 BUY -1x 4895
25800 BUY -29x 4895
SELL -1x 10002
25900 BUY -29x 4895
26000 BUY -27x 4895
26100 BUY -25x 4895
SELL -1x 10002
26200 BUY -2x 4894
SELL -1x 10002
26300 BUY -1x 4889
26400 BUY -27x 4895
26500 BUY -22x 4895
26600 BUY -2x 4894
BUY -4x 9998
26700 BUY -26x 4895
26800 BUY -20x 4895
SELL -1x 10002
26900 BUY -22x 4895
27000 BUY -5x 4892
27100 BUY -9x 4893
BUY -1x 9998
27200 BUY -25x 4895
27300 BUY -8x 4893
27400 BUY -23x 4895
BUY -3x 9998
27500 BUY -30x 4895
27600 BUY -3x 4893
27700 BUY -32x 4895
27800 BUY -2x 4894
27900 BUY -29x 4895
28000 BUY -22x 4894
28100 BUY -21x 4895
28200 BUY -1x 4890
28300 BUY -30x 4894
28400 BUY -8x 4892
28500 BUY -1x 4888
28600 BUY -1x 4888
28700 BUY -2x 4893
28800 BUY -8x 4891
28900 BUY -5x 4892
29000 BUY -2x 4893
SELL -1x 10002
29100 BUY -2x 4892
29200 BUY -23x 4894
29300 BUY -23x 4894
29400 BUY -5x 4892
29500 BUY -20x 4894
29600 BUY -27x 4894
29700 BUY -7x 4892
29800 BUY -25x 4894
29900 BUY -32x 4894
30000 BUY -25x 4894
30100 BUY -21x 4894
30200 BUY -2x 4889
BUY -1x 9998
30300 BUY -31x 4894
SELL -4x 10002
30400 BUY -30x 4894
30500 BUY -2x 4893
30600 BUY -32x 4893
SELL -1x 10002
30700 BUY -29x 4893
30800 BUY -31x 4893
30900 BUY -21x 4893
31000 BUY -2x 4892
31100 BUY -23x 4893
SELL -1x 10002
31200 BUY -7x 4891
31300 BUY -22x 4893
31400 BUY -3x 4892
31500 BUY -22x 4894
31600 BUY -24x 4894
BUY -3x 9998
31700 BUY -4x 4892
31800 BUY -2x 4892
31900 BUY -28x 4894
32000 BUY -10x 4891
32100 BUY -25x 4894
32200 BUY -5x 4891
32300 BUY -2x 4892
SELL -3x 10000
32400 BUY -29x 4892
32500 BUY -26x 4892
SELL -1x 10002
32600 BUY -2x 4891
32700 BUY -32x 4892
32800 BUY -29x 4892
32900 BUY -10x 4890
33000 BUY -28x 4892
33100 BUY -26x 4891
33200 BUY -1x 4890
33300 BUY -1x 4890
33400 BUY -20x 4892
33500 BUY -4x 4890
33600 BUY -27x 4891
BUY -2x 9998
33700 BUY -26x 4891
33800 BUY -4x 4889
33900 BUY -28x 4891
34000 BUY -30x 4891
34100 BUY -27x 4891
34200 BUY -3x 4889
34300 BUY -29x 4891
34400 BUY -2x 4890
34500 BUY -24x 4891
34600 BUY -24x 4891
34700 BUY -25x 4891
34800 BUY -4x 4886
34900 BUY -24x 4891
35000 BUY -29x 4891
35100 BUY -23x 4890
35200 BUY -24x 4890
35300 BUY -23x 4890
35400 BUY -27x 4890
SELL -1x 10002
35500 BUY -29x 4890
35600 BUY -3x 4887
35700 BUY -9x 4888
35800 BUY -23x 4889
35900 BUY -30x 4889
36000 BUY -9x 4888
36100 BUY -23x 4890
36200 BUY -1x 4890
36300 BUY -31x 4890
36400 BUY -8x 4888
36500 BUY -1x 4885
36600 BUY -31x 4891
36700 BUY -22x 4891
SELL -1x 10002
36800 BUY -2x 4885
36900 BUY -22x 4891
37000 BUY -22x 4890
37100 BUY -24x 4891
SELL -5x 10000
37200 BUY -29x 4891
37300 BUY -23x 4890
37400 BUY -22x 4889
37500 BUY -31x 4889
SELL -5x 10000
37600 BUY -1x 4889
37700 BUY -20x 4890
SELL -1x 10002
37800 BUY -2x 4889
37900 BUY -29x 4889
38000 BUY -30x 4889
38100 BUY -1x 4889
38200 BUY -2x 4889
38300 BUY -22x 4890
38400 BUY -31x 4890
38500 BUY -2x 4889
38600 BUY -31x 4890
SELL -1x 10002
38700 BUY -2x 4890
38800 BUY -2x 4890
38900 BUY -25x 4891
39000 BUY -24x 4890
39100 BUY -30x 4890
BUY -3x 9998
39200 BUY -21x 4889
39300 BUY -24x 4890
39400 BUY -21x 4891
39500 BUY -29x 4891
39600 BUY -31x 4890
39700 BUY -1x 4889
39800 BUY -24x 4890
BUY -1x 9998
39900 BUY -29x 4890
40000 BUY -26x 4890
SELL -11x 10002
40100 BUY -30x 4890
40200 BUY -7x 4889
40300 BUY -30x 4890
SELL -4x 10002
40400 BUY -25x 4891
40500 BUY -5x 4885
40600 BUY -28x 4890
SELL -1x 10002
40700 BUY -30x 4890
40800 BUY -21x 4890
40900 BUY -25x 4890
41000 BUY -3x 4885
41100 BUY -2x 4890
41200 BUY -20x 4891
41300 BUY -27x 4891
41400 BUY -5x 4886
41500 BUY -2x 4891
41600 BUY -26x 4891
41700 BUY -23x 4891
41800 BUY -4x 4888
41900 BUY -8x 4890
42000 BUY -28x 4892
BUY -1x 9998
42100 BUY -22x 4893
SELL -2x 10002
42200 BUY -22x 4894
42300 BUY -2x 4893
42400 BUY -2x 4891
42500 BUY -24x 4893
42600 BUY -28x 4892
42700 BUY -24x 4893
42800 BUY -29x 4892
42900 BUY -20x 4892
SELL -5x 10002
43000 BUY -6x 4890
43100 BUY -25x 4892
43200 BUY -5x 4891
43300 BUY -20x 4894
43400 BUY -2x 4893
43500 BUY -7x 4891
43600 BUY -7x 4891
43700 BUY -6x 4890
43800 BUY -23x 4893
43900 BUY -1x 4887
44000 BUY -1x 4888
SELL -4x 10002
44100 BUY -24x 4893
44200 BUY -24x 4893
44300 BUY -26x 4894
BUY -2x 9998
44400 BUY -7x 4892
44500 BUY -30x 4893
44600 BUY -22x 4893
44700 BUY -27x 4893
44800 BUY -25x 4894
44900 BUY -23x 4894
45000 BUY -1x 4888
45100 BUY -27x 4894
BUY -1x 9998
45200 BUY -1x 4894
SELL -1x 10002
45300 BUY -23x 4895
45400 BUY -25x 4894
45500 BUY -21x 4895
BUY -3x 9998
45600 BUY -24x 4895
45700 BUY -23x 4895
SELL -1x 10002
45800 BUY -32x 4896
SELL -5x 10000
45900 BUY -26x 4897
46000 BUY -23x 4897
BUY -1x 9998
46100 BUY -25x 4898
46200 BUY -24x 4897
46300 BUY -28x 4897
46400 BUY -24x 4897
46500 BUY -30x 4897
BUY -1x 9998
46600 BUY -28x 4897
46700 BUY -30x 4896
46800 BUY -25x 4897
46900 BUY -3x 4894
47000 BUY -23x 4896
47100 BUY -22x 4896
BUY -1x 9998
47200 BUY -23x 4896
47300 BUY -21x 4896
47400 BUY -22x 4896
47500 BUY -22x 4896
BUY -1x 9998
47600 BUY -21x 4896
47700 BUY -23x 4897
47800 BUY -20x 4897
47900 BUY -23x 4897
48000 BUY -1x 4895
SELL -2x 10002
48100 BUY -30x 4897
48200 BUY -27x 4897
48300 BUY -21x 4897
48400 BUY -32x 4896
48500 BUY -29x 4896
48600 BUY -27x 4896
48700 BUY -23x 4896
48800 BUY -29x 4896
48900 BUY -22x 4897
49000 BUY -1x 4896
49100 BUY -30x 4897
49200 BUY -26x 4897
SELL -3x 10002
49300 BUY -29x 4897
49400 BUY -23x 4898
49500 BUY -25x 4897
49600 BUY -9x 4895
49700 BUY -21x 4897
49800 BUY -7x 4895
49900 BUY -1x 4896
50000 BUY -5x 4894
50100 BUY -24x 4896
SELL -4x 10002
50200 BUY -29x 4896
50300 BUY -23x 4897
50400 BUY -23x 4897
50500 BUY -28x 4897
SELL -4x 10000
50600 BUY -2x 4896
50700 BUY -20x 4897
50800 BUY -28x 4897
50900 BUY -30x 4897
51000 BUY -2x 4896
51100 BUY -1x 4895
51200 BUY -30x 4897
51300 BUY -5x 4895
BUY -5x 9998
51400 BUY -23x 4897
51500 BUY -21x 4898
51600 BUY -5x 4896
51700 BUY -2x 4897
51800 BUY -25x 4898
51900 BUY -28x 4898
52000 BUY -21x 4898
52100 BUY -1x 4897
52200 BUY -1x 4896
52300 BUY -30x 4899
52400 BUY -21x 4898
SELL -3x 10002
52500 BUY -27x 4898
52600 BUY -1x 4897
52700 BUY -8x 4895
52800 BUY -8x 4892
52900 BUY -3x 4895
53000 BUY -30x 4898
53100 BUY -23x 4898
BUY -5x 9998
53200 BUY -23x 4899
53300 BUY -20x 4899
53400 BUY -32x 4899
BUY -1x 9998
53500 BUY -7x 4897
53600 BUY -10x 4893
53700 BUY -23x 4899
53800 BUY -29x 4899
53900 BUY -8x 4896
54000 BUY -5x 4894
54100 BUY -22x 4899
54200 BUY -21x 4898
54300 BUY -28x 4898
SELL -1x 10002
54400 BUY -22x 4899
54500 BUY -2x 4897
54600 BUY -30x 4899
SELL -2x 10002
54700 BUY -1x 4899
54800 BUY -2x 4899
54900 BUY -2x 4899
55000 BUY -2x 4899
55100 BUY -26x 4900
55200 BUY -26x 4900
55300 BUY -4x 4899
55400 BUY -28x 4901
55500 BUY -24x 4901
55600 BUY -9x 4899
55700 BUY -7x 4898
55800 BUY -1x 4900
55900 BUY -1x 4897
56000 BUY -6x 4900
SELL -2x 10000
56100 BUY -3x 4899
BUY -1x 9998
56200 BUY -1x 4900
56300 BUY -28x 4901
56400 BUY -2x 4900
56500 BUY -9x 4899
56600 BUY -2x 4899
56700 BUY -27x 4901
56800 BUY -23x 4900
56900 BUY -1x 4900
57000 BUY -10x 4898
57100 BUY -24x 4900
57200 BUY -5x 4895
57300 BUY -31x 4900
57400 BUY -1x 4899
57500 BUY -21x 4899
57600 BUY -22x 4899
SELL -4x 10000
57700 BUY -22x 4899
57800 BUY -4x 4897
57900 BUY -2x 4899
58000 BUY -28x 4899
58100 BUY -20x 4900
58200 BUY -2x 4899
58300 BUY -30x 4900
58400 BUY -25x 4900
58500 BUY -22x 4900
58600 BUY -1x 4899
58700 BUY -30x 4899
BUY -1x 9998
58800 BUY -31x 4900
58900 BUY -2x 4900
59000 BUY -24x 4901
59100 BUY -21x 4900
59200 BUY -25x 4900
SELL -1x 10002
59300 BUY -22x 4900
59400 BUY -23x 4901
SELL -1x 10002
59500 BUY -2x 4900
59600 BUY -25x 4901
SELL -1x 10002
59700 BUY -26x 4901
59800 BUY -24x 4900
59900 BUY -25x 4900
60000 BUY -26x 4900
BUY -3x 9998
60100 BUY -28x 4900
60200 BUY -26x 4900
60300 BUY -24x 4900
60400 BUY -24x 4900
BUY -1x 9998
60500 BUY -25x 4900
60600 BUY -22x 4900
60700 BUY -24x 4900
60800 BUY -2x 4900
60900 BUY -29x 4901
61000 BUY -26x 4900
BUY -1x 9998
61100 BUY -4x 4895
61200 BUY -22x 4901
61300 BUY -27x 4900
61400 BUY -28x 4900
61500 BUY -22x 4900
61600 BUY -28x 4899
61700 BUY -2x 4899
61800 BUY -26x 4899
61900 BUY -8x 4897
62000 BUY -24x 4899
62100 BUY -3x 4897
62200 BUY -2x 4898
62300 BUY -21x 4899
62400 BUY -24x 4899
62500 BUY -27x 4899
62600 BUY -22x 4899
62700 BUY -25x 4900
62800 BUY -22x 4899
62900 BUY -22x 4900
SELL -11x 10002
63000 BUY -30x 4900
63100 BUY -30x 4900
BUY -1x 9998
63200 BUY -25x 4900
63300 BUY -30x 4900
SELL -4x 10002
63400 BUY -24x 4900
63500 BUY -4x 4896
63600 BUY -22x 4900
63700 BUY -7x 4899
63800 BUY -28x 4901
BUY -1x 9998
63900 BUY -2x 4897
64000 BUY -1x 4895
BUY -11x 9998
64100 BUY -4x 4899
64200 BUY -27x 4901
64300 BUY -2x 4901
64400 BUY -29x 4901
64500 BUY -2x 4901
64600 BUY -2x 4901
64700 BUY -29x 4902
SELL -1x 10002
64800 BUY -21x 4902
64900 BUY -10x 4900
BUY -4x 9998
65000 BUY -4x 4900
65100 BUY -26x 4902
65200 BUY -6x 4900
65300 BUY -9x 4899
65400 BUY -21x 4901
65500 BUY -20x 4901
65600 BUY -20x 4901
65700 BUY -24x 4901
65800 BUY -30x 4901
SELL -4x 10002
65900 BUY -26x 4901
66000 BUY -25x 4901
66100 BUY -25x 4900
66200 BUY -1x 4900
SELL -1x 10002
66300 BUY -20x 4900
SELL -3x 10000
66400 BUY -26x 4899
66500 BUY -1x 4898
66600 BUY -2x 4898
SELL -3x 10002
66700 BUY -26x 4898
66800 BUY -26x 4898
66900 BUY -20x 4898
67000 BUY -24x 4898
67100 BUY -26x 4898
67200 BUY -23x 4898
67300 BUY -8x 4891
67400 BUY -1x 4897
67500 BUY -22x 4898
67600 BUY -26x 4897
67700 BUY -23x 4898
67800 BUY -32x 4898
67900 BUY -26x 4899
68000 BUY -5x 4897
68100 BUY -8x 4897
68200 BUY -2x 4893
BUY -1x 9998
68300 BUY -7x 4892
68400 BUY -31x 4898
SELL -1x 10002
68500 BUY -23x 4899
68600 BUY -27x 4899
BUY -1x 9998
68700 BUY -22x 4899
68800 BUY -1x 4898
68900 BUY -2x 4899
69000 BUY -28x 4900
69100 BUY -26x 4900
69200 BUY -8x 4898
69300 BUY -6x 4896
69400 BUY -22x 4900
69500 BUY -8x 4898
69600 BUY -27x 4900
69700 BUY -26x 4901
SELL -1x 10002
69800 BUY -23x 4901
69900 BUY -2x 4901
SELL -1x 10002
70000 BUY -30x 4902
70100 BUY -27x 4902
SELL -1x 10002
70200 BUY -30x 4902
70300 BUY -25x 4902
70400 BUY -31x 4902
SELL -13x 10002
70500 BUY -21x 4902
SELL -1x 10002
70600 BUY -23x 4901
SELL -3x 10000
SELL -1x 10002
70700 BUY -27x 4901
70800 BUY -8x 4899
BUY -5x 9998
70900 BUY -1x 4895
71000 BUY -30x 4901
BUY -3x 9998
71100 BUY -30x 4902
71200 BUY -28x 4902
BUY -1x 9998
71300 BUY -30x 4902
71400 BUY -27x 4902
SELL -2x 10002
71500 BUY -26x 4902
71600 BUY -31x 4902
71700 BUY -1x 4901
BUY -1x 9998
71800 BUY -22x 4901
BUY -1x 9998
71900 BUY -1x 4895
72000 BUY -24x 4900
72100 BUY -26x 4900
BUY -1x 9998
72200 BUY -25x 4899
BUY -1x 9998
72300 BUY -1x 4899
72400 BUY -25x 4900
72500 BUY -2x 4899
SELL -4x 10000
72600 BUY -28x 4899
72700 BUY -28x 4899
72800 BUY -2x 4899
72900 BUY -4x 4897
73000 BUY -21x 4900
73100 BUY -2x 4895
73200 BUY -7x 4898
73300 BUY -25x 4900
73400 BUY -7x 4898
73500 BUY -25x 4899
73600 BUY -30x 4900
BUY -1x 9998
73700 BUY -25x 4899
SELL -4x 10002
73800 BUY -22x 4899
73900 BUY -27x 4899
74000 BUY -2x 4893
SELL -5x 10000
74100 BUY -24x 4898
74200 BUY -1x 4896
74300 BUY -27x 4898
74400 BUY -23x 4898
74500 BUY -26x 4897
74600 BUY -29x 4897
BUY -2x 9998
74700 BUY -6x 4893
74800 BUY -26x 4896
74900 BUY -1x 4896
75000 BUY -22x 4896
BUY -4x 9998
75100 BUY -8x 4895
75200 BUY -6x 4893
75300 BUY -27x 4898
75400 BUY -25x 4899
75500 BUY -23x 4898
75600 BUY -2x 4898
BUY -9x 9998
75700 BUY -27x 4899
75800 BUY -2x 4897
75900 BUY -3x 4893
76000 BUY -31x 4898
76100 BUY -28x 4899
SELL -1x 10002
76200 BUY -28x 4899
76300 BUY -22x 4899
76400 BUY -28x 4899
76500 BUY -28x 4900
SELL -2x 10000
76600 BUY -29x 4900
76700 BUY -31x 4900
76800 BUY -6x 4898
76900 BUY -29x 4900
77000 BUY -28x 4900
77100 BUY -22x 4900
77200 BUY -30x 4901
77300 BUY -26x 4901
77400 BUY -29x 4901
77500 BUY -24x 4901
77600 BUY -30x 4901
77700 BUY -31x 4901
SELL -1x 10002
77800 BUY -31x 4901
77900 BUY -6x 4899
BUY -1x 9998
78000 BUY -21x 4901
78100 BUY -24x 4901
78200 BUY -24x 4901
SELL -1x 10002
78300 BUY -25x 4900
78400 BUY -25x 4901
78500 BUY -25x 4900
78600 BUY -5x 4898
78700 BUY -26x 4900
78800 BUY -29x 4901
78900 BUY -26x 4900
BUY -1x 9998
79000 BUY -22x 4901
79100 BUY -20x 4901
BUY -5x 9998
79200 BUY -9x 4899
79300 BUY -21x 4901
79400 BUY -29x 4902
79500 BUY -1x 4896
79600 BUY -4x 4900
79700 BUY -4x 4896
79800 BUY -25x 4901
79900 BUY -6x 4898
80000 BUY -26x 4900
80100 BUY -1x 4900
80200 BUY -22x 4901
80300 BUY -1x 4900
80400 BUY -25x 4901
80500 BUY -22x 4901
BUY -1x 9998
80600 BUY -1x 4900
80700 BUY -2x 4900
80800 BUY -5x 4898
80900 BUY -7x 4899
81000 BUY -31x 4901
81100 BUY -2x 4900
81200 BUY -4x 4899
81300 BUY -30x 4900
SELL -1x 10002
81400 BUY -22x 4900
81500 BUY -22x 4901
81600 BUY -28x 4901
SELL -1x 10002
81700 BUY -2x 4901
81800 BUY -21x 4902
81900 BUY -28x 4902
82000 BUY -4x 4899
82100 BUY -26x 4900
BUY -1x 9998
82200 BUY -30x 4900
82300 BUY -32x 4900
82400 BUY -22x 4900
82500 BUY -1x 4899
BUY -3x 9998
82600 BUY -31x 4899
82700 BUY -1x 4897
82800 BUY -21x 4899
82900 BUY -21x 4899
83000 BUY -2x 4896
83100 BUY -26x 4900
BUY -5x 9998
83200 BUY -31x 4900
83300 BUY -7x 4898
83400 BUY -25x 4900
83500 BUY -30x 4899
83600 BUY -24x 4899
83700 BUY -7x 4897
83800 BUY -22x 4900
BUY -2x 9998
83900 BUY -26x 4899
84000 BUY -21x 4899
84100 BUY -2x 4897
84200 BUY -2x 4897
84300 BUY -1x 4891
84400 BUY -2x 4896
84500 BUY -24x 4897
84600 BUY -30x 4898
84700 BUY -10x 4896
84800 BUY -26x 4898
84900 BUY -5x 4895
85000 BUY -24x 4897
85100 BUY -4x 4896
85200 BUY -21x 4898
SELL -4x 10000
85300 BUY -2x 4897
85400 BUY -22x 4897
85500 BUY -5x 4891
85600 BUY -9x 4895
85700 BUY -28x 4897
85800 BUY -25x 4897
85900 BUY -23x 4897
BUY -8x 9998
86000 BUY -1x 4890
86100 BUY -28x 4896
86200 BUY -28x 4897
86300 BUY -32x 4897
86400 BUY -25x 4897
86500 BUY -21x 4898
86600 BUY -1x 4891
BUY -8x 9998
86700 BUY -28x 4898
86800 BUY -5x 4895
86900 BUY -28x 4897
87000 BUY -1x 4897
87100 BUY -27x 4897
87200 BUY -23x 4897
87300 BUY -2x 4896
87400 BUY -1x 4896
87500 BUY -22x 4897
87600 BUY -31x 4897
87700 BUY -5x 4891
87800 BUY -31x 4897
BUY -1x 9998
87900 BUY -23x 4897
88000 BUY -2x 4896
SELL -1x 10002
88100 BUY -29x 4896
88200 BUY -2x 4893
BUY -3x 9998
88300 BUY -30x 4897
88400 BUY -1x 4897
88500 BUY -22x 4897
88600 BUY -30x 4897
88700 BUY -27x 4896
BUY -1x 9998
88800 BUY -29x 4896
88900 BUY -4x 4893
89000 BUY -24x 4895
89100 BUY -1x 4889
89200 BUY -26x 4895
89300 BUY -26x 4895
89400 BUY -1x 4894
89500 BUY -2x 4894
89600 BUY -1x 4888
89700 BUY -23x 4894
89800 BUY -27x 4894
89900 BUY -30x 4893
90000 BUY -3x 4891
90100 BUY -22x 4893
BUY -1x 9998
90200 BUY -26x 4893
90300 BUY -28x 4893
SELL -1x 10002
90400 BUY -26x 4893
90500 BUY -1x 4892
90600 BUY -2x 4893
90700 BUY -20x 4894
90800 BUY -7x 4891
BUY -1x 9998
90900 BUY -22x 4893
91000 BUY -32x 4893
SELL -1x 10002
91100 BUY -26x 4894
91200 BUY -21x 4894
91300 BUY -22x 4894
SELL -3x 10002
91400 BUY -10x 4892
91500 BUY -27x 4894
91600 BUY -1x 4889
91700 BUY -26x 4895
91800 BUY -1x 4889
SELL -6x 10000
91900 BUY -1x 4894
92000 BUY -3x 4893
92100 BUY -31x 4895
92200 BUY -29x 4896
SELL -3x 10002
92300 BUY -25x 4895
92400 BUY -6x 4893
92500 BUY -5x 4893
92600 BUY -1x 4889
92700 BUY -27x 4895
92800 BUY -30x 4895
92900 BUY -30x 4895
93000 BUY -23x 4895
93100 BUY -27x 4895
93200 BUY -23x 4895
93300 BUY -3x 4893
93400 BUY -23x 4896
93500 BUY -29x 4895
93600 BUY -4x 4894
BUY -1x 9998
93700 BUY -30x 4895
93800 BUY -21x 4895
BUY -5x 9998
93900 BUY -29x 4895
94000 BUY -7x 4894
94100 BUY -31x 4896
94200 BUY -8x 4893
94300 BUY -31x 4895
94400 BUY -23x 4895
94500 BUY -21x 4895
94600 BUY -28x 4894
94700 BUY -21x 4894
94800 BUY -23x 4894
94900 BUY -28x 4894
SELL -4x 10002
95000 BUY -30x 4895
95100 BUY -22x 4894
95200 BUY -29x 4894
95300 BUY -26x 4895
95400 BUY -30x 4895
95500 BUY -21x 4896
95600 BUY -21x 4897
BUY -1x 9998
95700 BUY -7x 4895
SELL -1x 10002
95800 BUY -22x 4897
BUY -1x 9998
95900 BUY -24x 4897
96000 BUY -21x 4897
96100 BUY -7x 4896
96200 BUY -2x 4896
96300 BUY -23x 4898
96400 BUY -27x 4898
96500 BUY -27x 4898
96600 BUY -1x 4897
SELL -5x 10000
96700 BUY -32x 4898
96800 BUY -30x 4898
96900 BUY -23x 4898
BUY -1x 9998
97000 BUY -2x 4896
97100 BUY -29x 4899
97200 BUY -20x 4899
97300 BUY -21x 4899
97400 BUY -30x 4899
97500 BUY -24x 4899
97600 BUY -27x 4899
SELL -6x 10000
97700 BUY -29x 4899
97800 BUY -28x 4899
97900 BUY -23x 4899
SELL -3x 10002
98000 BUY -27x 4899
98100 BUY -30x 4899
98200 BUY -29x 4898
98300 BUY -21x 4898
BUY -1x 9998
98400 BUY -28x 4898
98500 BUY -7x 4895
BUY -1x 9998
98600 BUY -24x 4897
98700 BUY -26x 4897
98800 BUY -2x 4896
98900 BUY -25x 4897
99000 BUY -1x 4893
99100 END RequestId: a784ed83-99dc-4c86-93f8-5d1133d272cf
REPORT RequestId: a784ed83-99dc-4c86-93f8-5d1133d272cf	Duration: 2.78 ms	Billed Duration: 3 ms	Memory Size: 128 MB	Max Memory Used: 41 MB	

99200 BUY -26x 4897
99300 BUY -23x 4896
BUY -1x 9998
99400 BUY -9x 4894
99500 BUY -20x 4896
BUY -3x 9998
99600 BUY -1x 4892
99700 BUY -26x 4896
99800 BUY -5x 4895
99900 BUY -28x 4896


Submission logs:
2023-03-20T21:36:01Z Orders for product BANANAS exceeded limit of 20 set
2023-03-20T21:36:02Z Orders for product BANANAS exceeded limit of 20 set
2023-03-20T21:36:02Z Orders for product PEARLS exceeded limit of 20 set
2023-03-20T21:36:03Z Orders for product PEARLS exceeded limit of 20 set
2023-03-20T21:36:03Z Orders for product BANANAS exceeded limit of 20 set
2023-03-20T21:36:04Z Orders for product PEARLS exceeded limit of 20 set
2023-03-20T21:36:04Z Orders for product BANANAS exceeded limit of 20 set
2023-03-20T21:36:05Z Orders for product PEARLS exceeded limit of 20 set
2023-03-20T21:36:05Z Orders for product BANANAS exceeded limit of 20 set
2023-03-20T21:36:06Z Orders for product PEARLS exceeded limit of 20 set
2023-03-20T21:36:06Z Orders for product BANANAS exceeded limit of 20 set
2023-03-20T21:36:07Z Orders for product PEARLS exceeded limit of 20 set
2023-03-20T21:36:07Z Orders for product BANANAS exceeded limit of 20 set
2023-03-20T21:36:08Z Orders for product PEARLS exceeded limit of 20 set
2023-03-20T21:36:08Z Orders for product BANANAS exceeded limit of 20 set
2023-03-20T21:36:09Z Orders for product PEARLS exceeded limit of 20 set
2023-03-20T21:36:09Z Orders for product BANANAS exceeded limit of 20 set
2023-03-20T21:36:10Z Orders for product PEARLS exceeded limit of 20 set
2023-03-20T21:36:10Z Orders for product BANANAS exceeded limit of 20 set
2023-03-20T21:36:11Z Orders for product PEARLS exceeded limit of 20 set
2023-03-20T21:36:11Z Orders for product BANANAS exceeded limit of 20 set
2023-03-20T21:36:12Z Orders for product PEARLS exceeded limit of 20 set
2023-03-20T21:36:12Z Orders for product BANANAS exceeded limit of 20 set
2023-03-20T21:36:13Z Orders for product PEARLS exceeded limit of 20 set
2023-03-20T21:36:13Z Orders for product BANANAS exceeded limit of 20 set
2023-03-20T21:36:14Z Orders for product PEARLS exceeded limit of 20 set
2023-03-20T21:36:14Z Orders for product BANANAS exceeded limit of 20 set
2023-03-20T21:36:15Z Orders for product PEARLS exceeded limit of 20 set
2023-03-20T21:36:15Z Orders for product BANANAS exceeded limit of 20 set
2023-03-20T21:36:16Z Orders for product PEARLS exceeded limit of 20 set
2023-03-20T21:36:16Z Orders for product BANANAS exceeded limit of 20 set
2023-03-20T21:36:17Z Orders for product PEARLS exceeded limit of 20 set
2023-03-20T21:36:17Z Orders for product BANANAS exceeded limit of 20 set
2023-03-20T21:36:18Z Orders for product PEARLS exceeded limit of 20 set
2023-03-20T21:36:18Z Orders for product BANANAS exceeded limit of 20 set
2023-03-20T21:36:19Z Orders for product PEARLS exceeded limit of 20 set
2023-03-20T21:36:19Z Orders for product BANANAS exceeded limit of 20 set
2023-03-20T21:36:20Z Orders for product PEARLS exceeded limit of 20 set
2023-03-20T21:36:20Z Orders for product BANANAS exceeded limit of 20 set
2023-03-20T21:36:21Z Orders for product PEARLS exceeded limit of 20 set
2023-03-20T21:36:21Z Orders for product BANANAS exceeded limit of 20 set
2023-03-20T21:36:22Z Orders for product PEARLS exceeded limit of 20 set
2023-03-20T21:36:22Z Orders for product BANANAS exceeded limit of 20 set
2023-03-20T21:36:23Z Orders for product PEARLS exceeded limit of 20 set
2023-03-20T21:36:23Z Orders for product BANANAS exceeded limit of 20 set