Sandbox logs:
0 SELL 1x 9998
100 SELL 1x 9996
200 SELL 1x 9996
300 SELL 2x 9996
400 SELL 5x 9998
500 SELL 1x 10002
600 SELL 2x 9996
700 SELL 7x 9998
800 SELL 26x 9995
900 SELL 2x 9996
1000 SELL 2x 9996
1100 SELL 2x 9996
1200 SELL 9x 9998
1300 SELL 1x 9996
1400 SELL 2x 9996
1500 SELL 1x 10002
1600 SELL 1x 9996
1700 SELL 27x 9995
1800 SELL 2x 9996
1900 SELL 2x 9996
2000 SELL 1x 9996
2100 SELL 23x 9995
2200 SELL 2x 9996
2300 SELL 2x 9996
2400 SELL 4x 9998
2500 SELL 1x 9996
2600 SELL 25x 9995
2700 SELL 4x 9998
2800 SELL 5x 9998
2900 SELL 10x 10002
3000 SELL 2x 9996
3100 SELL 2x 9996
3200 SELL 2x 9996
3300 SELL 2x 9996
3400 SELL 2x 9996
3500 SELL 2x 9996
3600 SELL 21x 9995
3700 SELL 2x 9996
3800 SELL 1x 10002
3900 SELL 1x 9998
4000 SELL 9x 10002
4100 SELL 1x 9996
4200 SELL 2x 9996
4300 SELL 2x 9996
4400 SELL 1x 9996
4500 SELL 27x 9995
4600 SELL 1x 9996
4700 SELL 4x 9998
4800 SELL 3x 10002
4900 SELL 22x 9995
5000 SELL 3x 9998
5100 SELL 1x 10002
5200 SELL 2x 9996
5300 SELL 25x 9995
5400 SELL 27x 9995
5500 SELL 1x 9996
5600 SELL 1x 10002
5700 SELL 4x 9998
5800 SELL 1x 10002
5900 SELL 5x 10000
6000 SELL 2x 9996
6100 SELL 1x 9996
6200 SELL 1x 9996
6300 SELL 25x 9995
6400 SELL 4x 10000
6500 SELL 20x 9995
6600 SELL 1x 9996
6700 SELL 4x 10002
6800 SELL 1x 9998
6900 SELL 28x 9995
7000 SELL 6x 10000
7100 SELL 1x 9996
7200 SELL 2x 9996
7300 SELL 2x 9996
7400 SELL 1x 10002
7500 SELL 29x 9995
7600 SELL 2x 9996
7700 SELL 28x 9995
7800 SELL 1x 9996
7900 SELL 1x 9996
8000 SELL 1x 9996
8100 SELL 22x 9995
8200 SELL 20x 9995
8300 SELL 1x 10002
8400 SELL 26x 9995
8500 SELL 30x 9995
8600 SELL 1x 9996
8700 SELL 1x 9996
8800 SELL 23x 9995
8900 SELL 5x 10002
9000 SELL 23x 9995
9100 SELL 1x 9996
9200 SELL 24x 9995
9300 SELL 23x 9995
9400 SELL 2x 9996
9500 SELL 9x 9998
9600 SELL 20x 9995
9700 SELL 3x 9998
9800 SELL 21x 9995
9900 SELL 22x 9995
10000 SELL 8x 9998
10100 SELL 22x 9995
10200 SELL 2x 9996
10300 SELL 2x 9996
10400 SELL 30x 9995
10500 SELL 4x 9998
10600 SELL 23x 9995
10700 SELL 1x 9998
10800 SELL 1x 10002
10900 SELL 1x 9996
11000 SELL 1x 9996
11100 SELL 2x 9996
11200 SELL 1x 10002
11300 SELL 1x 9996
11400 SELL 2x 9998
11500 SELL 1x 9998
11600 SELL 26x 9995
11700 SELL 1x 9996
11800 SELL 21x 9995
11900 SELL 25x 9995
12000 SELL 25x 9995
12100 SELL 2x 9996
12200 SELL 10x 9998
12300 SELL 1x 9996
12400 SELL 1x 9996
12500 SELL 5x 10002
12600 SELL 5x 9998
12700 SELL 2x 9996
12800 SELL 1x 9996
12900 SELL 24x 9995
13000 SELL 27x 9995
13100 SELL 2x 9996
13200 SELL 28x 9995
13300 SELL 2x 9996
13400 SELL 1x 10002
13500 SELL 1x 9996
13600 SELL 2x 9996
13700 SELL 2x 10000
13800 SELL 1x 9996
13900 SELL 20x 9995
14000 SELL 1x 9996
14100 SELL 3x 10000
14200 SELL 2x 9996
14300 SELL 2x 9996
14400 SELL 9x 9998
14500 SELL 1x 9996
14600 SELL 21x 9995
14700 SELL 5x 9998
14800 SELL 2x 9996
14900 SELL 2x 9996
15000 SELL 1x 9996
15100 SELL 1x 10002
15200 SELL 3x 9998
15300 SELL 3x 9998
15400 SELL 2x 9996
15500 SELL 5x 9998
15600 SELL 1x 9996
15700 SELL 2x 9996
15800 SELL 5x 9998
15900 SELL 10x 9998
16000 SELL 2x 9996
16100 SELL 4x 9998
16200 SELL 21x 9995
16300 SELL 2x 9996
16400 SELL 2x 9996
16500 SELL 2x 9996
16600 SELL 2x 9996
16700 SELL 3x 10002
16800 SELL 2x 9996
16900 SELL 1x 9996
17000 SELL 23x 9995
17100 SELL 6x 9998
17200 SELL 6x 9998
17300 SELL 28x 9995
17400 SELL 1x 9996
17500 SELL 1x 9996
17600 SELL 27x 9995
17700 SELL 1x 9996
17800 SELL 23x 9995
17900 SELL 8x 9998
18000 SELL 7x 9998
18100 SELL 21x 9995
18200 SELL 1x 9996
18300 SELL 2x 9996
18400 SELL 1x 9996
18500 SELL 3x 9998
18600 SELL 1x 9996
18700 SELL 9x 10002
18800 SELL 2x 9996
18900 SELL 1x 9996
19000 SELL 25x 9995
19100 SELL 1x 9996
19200 SELL 1x 9996
19300 SELL 2x 9996
19400 SELL 1x 9996
19500 SELL 2x 9996
19600 SELL 2x 9996
19700 SELL 1x 9996
19800 SELL 4x 10002
19900 SELL 1x 9996
20000 SELL 1x 9996
20100 SELL 9x 9998
20200 SELL 29x 9995
20300 SELL 2x 9996
20400 SELL 24x 9995
20500 SELL 30x 9995
20600 SELL 2x 9996
20700 SELL 1x 9996
20800 SELL 2x 9996
20900 SELL 1x 9996
21000 SELL 27x 9995
21100 SELL 1x 9998
21200 SELL 23x 9995
21300 SELL 29x 9995
21400 SELL 30x 9995
21500 SELL 2x 9996
21600 SELL 1x 10002
21700 SELL 1x 9996
21800 SELL 6x 9998
21900 SELL 2x 9996
22000 SELL 1x 9996
22100 SELL 2x 9996
22200 SELL 1x 9996
22300 SELL 1x 9996
22400 SELL 2x 10002
22500 SELL 6x 10002
22600 SELL 1x 9996
22700 SELL 28x 9995
22800 SELL 1x 9996
22900 SELL 2x 9996
23000 SELL 3x 9998
23100 SELL 1x 9996
23200 SELL 26x 9995
23300 SELL 22x 9995
23400 SELL 6x 9998
23500 SELL 2x 9996
23600 SELL 21x 9995
23700 SELL 24x 9995
23800 SELL 2x 9996
23900 SELL 20x 9995
24000 SELL 1x 9996
24100 SELL 2x 9996
24200 SELL 4x 9998
24300 SELL 6x 10002
24400 SELL 25x 9995
24500 SELL 21x 9995
24600 SELL 1x 9996
24700 SELL 2x 9996
24800 SELL 2x 9996
24900 SELL 5x 9998
25000 SELL 1x 9996
25100 SELL 23x 9995
25200 SELL 2x 9996
25300 SELL 2x 9996
25400 SELL 2x 9998
25500 SELL 3x 9998
25600 SELL 1x 9996
25700 SELL 1x 9996
25800 SELL 1x 9996
25900 SELL 28x 9995
26000 SELL 24x 9995
26100 SELL 25x 9995
26200 SELL 1x 9996
26300 SELL 24x 9995
26400 SELL 3x 10002
26500 SELL 1x 9996
26600 SELL 3x 10002
26700 SELL 24x 9995
26800 SELL 24x 9995
26900 SELL 27x 9995
27000 SELL 1x 9996
27100 SELL 2x 9996
27200 SELL 2x 9998
27300 SELL 5x 10000
27400 SELL 1x 9996
27500 SELL 2x 9996
27600 SELL 1x 9996
27700 SELL 2x 9996
27800 SELL 28x 9995
27900 SELL 1x 9996
28000 SELL 24x 9995
28100 SELL 22x 9995
28200 SELL 1x 9996
28300 SELL 1x 9996
28400 SELL 21x 9995
28500 SELL 1x 9996
28600 SELL 7x 9998
28700 SELL 1x 9996
28800 SELL 2x 9996
28900 SELL 22x 9995
29000 SELL 24x 9995
29100 SELL 9x 9998
29200 SELL 20x 9995
29300 SELL 25x 9995
29400 SELL 1x 9996
29500 SELL 1x 10002
29600 SELL 20x 9995
29700 SELL 1x 9996
29800 SELL 7x 9998
29900 SELL 8x 9998
30000 SELL 1x 9996
30100 SELL 22x 9995
30200 SELL 2x 9996
30300 SELL 2x 9996
30400 SELL 2x 9996
30500 SELL 1x 9996
30600 SELL 30x 9995
30700 SELL 1x 9996
30800 SELL 29x 9995
30900 SELL 2x 9998
31000 SELL 20x 9995
31100 SELL 1x 9996
31200 SELL 2x 9996
31300 SELL 30x 9995
31400 SELL 2x 9996
31500 SELL 23x 9995
31600 SELL 2x 9998
31700 SELL 29x 9995
31800 SELL 21x 9995
31900 SELL 9x 9998
32000 SELL 1x 9996
32100 SELL 1x 9996
32200 SELL 1x 9996
32300 SELL 1x 9996
32400 SELL 2x 9996
32500 SELL 2x 9996
32600 SELL 30x 9995
32700 SELL 1x 10002
32800 SELL 23x 9995
32900 SELL 1x 9996
33000 SELL 1x 10002
33100 SELL 24x 9995
33200 SELL 25x 9995
33300 SELL 2x 9996
33400 SELL 27x 9995
33500 SELL 10x 9998
33600 SELL 27x 9995
33700 SELL 7x 9998
33800 SELL 1x 10002
33900 SELL 24x 9995
34000 SELL 1x 10002
34100 SELL 1x 9996
34200 SELL 1x 9996
34300 SELL 2x 9996
34400 SELL 2x 9996
34500 SELL 25x 9995
34600 SELL 22x 9995
34700 SELL 29x 9995
34800 SELL 1x 10002
34900 SELL 2x 9996
35000 SELL 2x 9996
35100 SELL 1x 9996
35200 SELL 24x 9995
35300 SELL 9x 9998
35400 SELL 22x 9995
35500 SELL 5x 10002
35600 SELL 10x 9998
35700 SELL 1x 10002
35800 SELL 2x 9996
35900 SELL 1x 9996
36000 SELL 28x 9995
36100 SELL 26x 9995
36200 SELL 1x 9996
36300 SELL 22x 9995
36400 SELL 1x 9996
36500 SELL 1x 9996
36600 SELL 4x 10002
36700 SELL 1x 10002
36800 SELL 1x 10002
36900 SELL 2x 9996
37000 SELL 4x 9998
37100 SELL 1x 9996
37200 SELL 2x 9998
37300 SELL 5x 10002
37400 SELL 1x 9996
37500 SELL 1x 10002
37600 SELL 2x 9996
37700 SELL 1x 9996
37800 SELL 2x 9996
37900 SELL 2x 9996
38000 SELL 25x 9995
38100 SELL 28x 9995
38200 SELL 23x 9995
38300 SELL 1x 9996
38400 SELL 1x 10002
38500 SELL 1x 10002
38600 SELL 5x 10002
38700 SELL 1x 9996
38800 SELL 27x 9995
38900 SELL 1x 9996
39000 SELL 29x 9995
39100 SELL 1x 9996
39200 SELL 24x 9995
39300 SELL 3x 9998
39400 SELL 2x 9996
39500 SELL 2x 9996
39600 SELL 22x 9995
39700 SELL 20x 9995
39800 SELL 1x 9996
39900 SELL 1x 9998
40000 SELL 9x 9998
40100 SELL 1x 10002
40200 SELL 1x 9996
40300 SELL 1x 9996
40400 SELL 1x 9996
40500 SELL 24x 9995
40600 SELL 2x 9996
40700 SELL 2x 9996
40800 SELL 29x 9995
40900 SELL 22x 9995
41000 SELL 5x 9998
41100 SELL 1x 9996
41200 SELL 1x 9996
41300 SELL 1x 9996
41400 SELL 23x 9995
41500 SELL 5x 9998
41600 SELL 1x 9996
41700 SELL 20x 9995
41800 SELL 2x 9996
41900 SELL 4x 9998
42000 SELL 2x 9996
42100 SELL 24x 9995
42200 SELL 26x 9995
42300 SELL 4x 10000
42400 SELL 1x 9996
42500 SELL 2x 9996
42600 SELL 25x 9995
42700 SELL 2x 9996
42800 SELL 23x 9995
42900 SELL 22x 9995
43000 SELL 7x 10002
43100 SELL 2x 9996
43200 SELL 1x 9996
43300 SELL 20x 9995
43400 SELL 2x 9996
43500 SELL 1x 9996
43600 SELL 21x 9995
43700 SELL 2x 9996
43800 SELL 25x 9995
43900 SELL 28x 9995
44000 SELL 4x 10002
44100 SELL 2x 9996
44200 SELL 4x 9998
44300 SELL 1x 9996
44400 SELL 1x 9996
44500 SELL 1x 9996
44600 SELL 23x 9995
44700 SELL 1x 9996
44800 SELL 2x 9996
44900 SELL 26x 9995
45000 SELL 1x 9996
45100 SELL 2x 9996
45200 SELL 27x 9995
45300 SELL 1x 9996
45400 SELL 1x 9996
45500 SELL 1x 9996
45600 SELL 1x 9996
45700 SELL 4x 10002
45800 SELL 2x 9996
45900 SELL 1x 9996
46000 SELL 2x 9996
46100 SELL 2x 9996
46200 SELL 28x 9995
46300 SELL 1x 9996
46400 SELL 26x 9995
46500 SELL 2x 9996
46600 SELL 2x 9996
46700 SELL 1x 9996
46800 SELL 4x 9998
46900 SELL 2x 9996
47000 SELL 20x 9995
47100 SELL 5x 9998
47200 SELL 29x 9995
47300 SELL 24x 9995
47400 SELL 2x 9996
47500 SELL 28x 9995
47600 SELL 21x 9995
47700 SELL 1x 9996
47800 SELL 22x 9995
47900 SELL 1x 9998
48000 SELL 3x 9998
48100 SELL 29x 9995
48200 SELL 1x 9996
48300 SELL 29x 9995
48400 SELL 22x 9995
48500 SELL 25x 9995
48600 SELL 2x 9996
48700 SELL 2x 10002
48800 SELL 10x 9998
48900 SELL 3x 9998
49000 SELL 29x 9995
49100 SELL 3x 9998
49200 SELL 2x 9996
49300 SELL 29x 9995
49400 SELL 5x 9998
49500 SELL 23x 9995
49600 SELL 22x 9995
49700 SELL 2x 9996
49800 SELL 1x 9996
49900 SELL 2x 9996
50000 SELL 1x 9996
50100 SELL 2x 9996
50200 SELL 1x 9998
50300 SELL 1x 9996
50400 SELL 4x 10002
50500 SELL 4x 10002
50600 SELL 1x 9996
50700 SELL 25x 9995
50800 SELL 24x 9995
50900 SELL 1x 9996
51000 SELL 2x 9996
51100 SELL 1x 9996
51200 SELL 2x 9996
51300 SELL 2x 9996
51400 SELL 23x 9995
51500 SELL 2x 9996
51600 SELL 2x 9996
51700 SELL 2x 9996
51800 SELL 2x 9996
51900 SELL 1x 9996
52000 SELL 3x 10000
52100 SELL 30x 9995
52200 SELL 28x 9995
52300 SELL 21x 9995
52400 SELL 6x 10000
52500 SELL 1x 9996
52600 SELL 1x 9996
52700 SELL 29x 9995
52800 SELL 24x 9995
52900 SELL 1x 9996
53000 SELL 28x 9995
53100 SELL 1x 9996
53200 SELL 1x 9996
53300 SELL 1x 9996
53400 SELL 23x 9995
53500 SELL 1x 9996
53600 SELL 2x 9998
53700 SELL 2x 9996
53800 SELL 2x 9996
53900 SELL 28x 9995
54000 SELL 1x 9996
54100 SELL 23x 9995
54200 SELL 1x 9996
54300 SELL 1x 9998
54400 SELL 2x 9996
54500 SELL 29x 9995
54600 SELL 4x 9998
54700 SELL 2x 9998
54800 SELL 1x 9996
54900 SELL 1x 9996
55000 SELL 27x 9995
55100 SELL 9x 10002
55200 SELL 25x 9995
55300 SELL 1x 9996
55400 SELL 1x 9996
55500 SELL 26x 9995
55600 SELL 7x 9998
55700 SELL 21x 9995
55800 SELL 2x 9996
55900 SELL 24x 9995
56000 SELL 2x 9996
56100 SELL 1x 9996
56200 SELL 2x 9996
56300 SELL 23x 9995
56400 SELL 6x 9998
56500 SELL 25x 9995
56600 SELL 1x 9996
56700 SELL 25x 9995
56800 SELL 24x 9995
56900 SELL 5x 9998
57000 SELL 25x 9995
57100 SELL 2x 9996
57200 SELL 26x 9995
57300 SELL 1x 10002
57400 SELL 2x 9996
57500 SELL 1x 9996
57600 SELL 29x 9995
57700 SELL 2x 9996
57800 SELL 2x 9996
57900 SELL 1x 10002
58000 SELL 7x 9998
58100 SELL 1x 9996
58200 SELL 2x 9996
58300 SELL 2x 9996
58400 SELL 21x 9995
58500 SELL 1x 9996
58600 SELL 2x 9998
58700 SELL 1x 9996
58800 SELL 4x 9998
58900 SELL 22x 9995
59000 SELL 26x 9995
59100 SELL 30x 9995
59200 SELL 3x 10000
59300 SELL 2x 9996
59400 SELL 28x 9995
59500 SELL 1x 9998
59600 SELL 25x 9995
59700 SELL 8x 9998
59800 SELL 20x 9995
59900 SELL 1x 10002
60000 SELL 4x 9998
60100 SELL 25x 9995
60200 SELL 3x 10000
60300 SELL 2x 9996
60400 SELL 4x 10000
60500 SELL 2x 9996
60600 SELL 27x 9995
60700 SELL 2x 9996
60800 SELL 1x 9996
60900 SELL 2x 9996
61000 SELL 1x 9996
61100 SELL 2x 9996
61200 SELL 30x 9995
61300 SELL 1x 9996
61400 SELL 2x 10002
61500 SELL 6x 10002
61600 SELL 1x 9996
61700 SELL 1x 9996
61800 SELL 29x 9995
61900 SELL 2x 9996
62000 SELL 1x 9996
62100 SELL 1x 9996
62200 SELL 9x 9998
62300 SELL 1x 9996
62400 SELL 26x 9995
62500 SELL 2x 9996
62600 SELL 2x 9996
62700 SELL 25x 9995
62800 SELL 1x 9996
62900 SELL 1x 9996
63000 SELL 2x 9996
63100 SELL 20x 9995
63200 SELL 24x 9995
63300 SELL 2x 9996
63400 SELL 1x 9996
63500 SELL 2x 9996
63600 SELL 1x 9996
63700 SELL 8x 9998
63800 SELL 2x 9996
63900 SELL 25x 9995
64000 SELL 1x 9996
64100 SELL 29x 9995
64200 SELL 1x 9996
64300 SELL 29x 9995
64400 SELL 1x 9996
64500 SELL 1x 9998
64600 SELL 1x 9996
64700 SELL 2x 9996
64800 SELL 2x 9996
64900 SELL 30x 9995
65000 SELL 22x 9995
65100 SELL 9x 9998
65200 SELL 5x 10002
65300 SELL 1x 10002
65400 SELL 1x 9996
65500 SELL 2x 9996
65600 SELL 8x 9998
65700 SELL 21x 9995
65800 SELL 29x 9995
65900 SELL 1x 9996
66000 SELL 1x 9996
66100 SELL 22x 9995
66200 SELL 28x 9995
66300 SELL 25x 9995
66400 SELL 1x 9996
66500 SELL 2x 9996
66600 SELL 25x 9995
66700 SELL 1x 9998
66800 SELL 2x 9996
66900 SELL 1x 9996
67000 SELL 4x 10002
67100 SELL 1x 9996
67200 SELL 2x 9996
67300 SELL 1x 9996
67400 SELL 1x 9996
67500 SELL 1x 9996
67600 SELL 1x 9996
67700 SELL 1x 10002
67800 SELL 2x 9996
67900 SELL 2x 9996
68000 SELL 30x 9995
68100 SELL 26x 9995
68200 SELL 2x 9996
68300 SELL 1x 9996
68400 SELL 6x 9998
68500 SELL 2x 9998
68600 SELL 1x 9996
68700 SELL 1x 10002
68800 SELL 23x 9995
68900 SELL 21x 9995
69000 SELL 3x 9998
69100 SELL 21x 9995
69200 SELL 1x 9996
69300 SELL 2x 9996
69400 SELL 4x 10002
69500 SELL 2x 10002
69600 SELL 1x 9996
69700 SELL 2x 9996
69800 SELL 2x 9996
69900 SELL 26x 9995
70000 SELL 10x 9998
70100 SELL 27x 9995
70200 SELL 1x 9996
70300 SELL 25x 9995
70400 SELL 2x 9996
70500 SELL 24x 9995
70600 SELL 2x 9996
70700 SELL 24x 9995
70800 SELL 2x 9996
70900 SELL 29x 9995
71000 SELL 2x 9996
71100 SELL 2x 9996
71200 SELL 2x 9996
71300 SELL 20x 9995
71400 SELL 1x 9998
71500 SELL 1x 9996
71600 SELL 22x 9995
71700 SELL 28x 9995
71800 SELL 2x 9996
71900 SELL 2x 9996
72000 SELL 29x 9995
72100 SELL 2x 9996
72200 SELL 1x 9996
72300 SELL 1x 9996
72400 SELL 24x 9995
72500 SELL 2x 9996
72600 SELL 2x 9996
72700 SELL 29x 9995
72800 SELL 30x 9995
72900 SELL 1x 9996
73000 SELL 2x 9996
73100 SELL 2x 9996
73200 SELL 1x 9996
73300 SELL 2x 9996
73400 SELL 1x 9996
73500 SELL 21x 9995
73600 SELL 1x 10002
73700 SELL 20x 9995
73800 SELL 1x 10002
73900 SELL 3x 9998
74000 SELL 21x 9995
74100 SELL 2x 9998
74200 SELL 29x 9995
74300 SELL 24x 9995
74400 SELL 21x 9995
74500 SELL 27x 9995
74600 SELL 2x 9996
74700 SELL 2x 9996
74800 SELL 2x 9996
74900 SELL 1x 9996
75000 SELL 2x 9996
75100 SELL 1x 10002
75200 SELL 1x 9996
75300 SELL 27x 9995
75400 SELL 2x 9996
75500 SELL 1x 9996
75600 SELL 30x 9995
75700 SELL 20x 9995
75800 SELL 2x 9996
75900 SELL 1x 9996
76000 SELL 4x 10000
76100 SELL 1x 9996
76200 SELL 20x 9995
76300 SELL 1x 9996
76400 SELL 2x 9996
76500 SELL 1x 9996
76600 SELL 30x 9995
76700 SELL 1x 9998
76800 SELL 2x 9996
76900 SELL 2x 9996
77000 SELL 2x 9996
77100 SELL 1x 9996
77200 SELL 1x 9996
77300 SELL 1x 9996
77400 SELL 1x 9996
77500 SELL 2x 9996
77600 SELL 1x 9996
77700 SELL 4x 9998
77800 SELL 29x 9995
77900 SELL 2x 9996
78000 SELL 2x 9998
78100 SELL 1x 10002
78200 SELL 8x 9998
78300 SELL 3x 9998
78400 SELL 2x 9996
78500 SELL 21x 9995
78600 SELL 2x 9996
78700 SELL 21x 9995
78800 SELL 8x 10002
78900 SELL 1x 9996
79000 SELL 1x 9996
79100 SELL 24x 9995
79200 SELL 1x 9996
79300 SELL 1x 9996
79400 SELL 1x 9996
79500 SELL 2x 9996
79600 SELL 24x 9995
79700 SELL 12x 10002
79800 SELL 2x 9996
79900 SELL 5x 9998
80000 SELL 1x 9996
80100 SELL 23x 9995
80200 SELL 2x 9996
80300 SELL 23x 9995
80400 SELL 1x 9996
80500 SELL 1x 10002
80600 SELL 21x 9995
80700 SELL 1x 9996
80800 SELL 8x 9998
80900 SELL 6x 9998
81000 SELL 22x 9995
81100 SELL 2x 9996
81200 SELL 2x 9996
81300 SELL 29x 9995
81400 SELL 1x 9996
81500 SELL 1x 10002
81600 SELL 1x 9996
81700 SELL 4x 9998
81800 SELL 2x 9996
81900 SELL 1x 9996
82000 SELL 1x 9996
82100 SELL 1x 9998
82200 SELL 24x 9995
82300 SELL 2x 9998
82400 SELL 8x 9998
82500 SELL 26x 9995
82600 SELL 1x 10002
82700 SELL 1x 9996
82800 SELL 2x 9996
82900 SELL 1x 9996
83000 SELL 8x 9998
83100 SELL 28x 9995
83200 SELL 7x 9998
83300 SELL 30x 9995
83400 SELL 1x 10002
83500 SELL 2x 9996
83600 SELL 27x 9995
83700 SELL 1x 10002
83800 SELL 24x 9995
83900 SELL 25x 9995
84000 SELL 1x 9996
84100 SELL 1x 10002
84200 SELL 1x 9996
84300 SELL 2x 9996
84400 SELL 1x 9996
84500 SELL 1x 9996
84600 SELL 21x 9995
84700 SELL 3x 9998
84800 SELL 1x 10002
84900 SELL 1x 9996
85000 SELL 29x 9995
85100 SELL 2x 9996
85200 SELL 2x 9996
85300 SELL 22x 9995
85400 SELL 29x 9995
85500 SELL 7x 9998
85600 SELL 2x 9996
85700 SELL 2x 9996
85800 SELL 1x 10002
85900 SELL 1x 9996
86000 SELL 1x 9996
86100 SELL 2x 9996
86200 SELL 22x 9995
86300 SELL 4x 9998
86400 SELL 23x 9995
86500 SELL 8x 9998
86600 SELL 27x 9995
86700 SELL 26x 9995
86800 SELL 1x 9996
86900 SELL 7x 9998
87000 SELL 2x 9996
87100 SELL 2x 9996
87200 SELL 27x 9995
87300 SELL 2x 9996
87400 SELL 4x 9998
87500 SELL 22x 9995
87600 SELL 1x 9996
87700 SELL 23x 9995
87800 SELL 2x 9996
87900 SELL 22x 9995
88000 SELL 10x 9998
88100 SELL 1x 9996
88200 SELL 24x 9995
88300 SELL 2x 9996
88400 SELL 1x 9996
88500 SELL 1x 10002
88600 SELL 1x 10002
88700 SELL 28x 9995
88800 SELL 1x 9996
88900 SELL 4x 10002
89000 SELL 2x 9996
89100 SELL 24x 9995
89200 SELL 25x 9995
89300 SELL 2x 9996
89400 SELL 2x 9996
89500 SELL 2x 9996
89600 SELL 3x 9998
89700 SELL 21x 9995
89800 SELL 5x 10000
89900 SELL 5x 9998
90000 SELL 29x 9995
90100 SELL 1x 9996
90200 SELL 2x 9998
90300 SELL 4x 9998
90400 SELL 1x 9996
90500 SELL 2x 9996
90600 SELL 24x 9995
90700 SELL 1x 9996
90800 SELL 2x 9996
90900 SELL 23x 9995
91000 SELL 2x 9996
91100 SELL 1x 9996
91200 SELL 2x 9996
91300 SELL 2x 9996
91400 SELL 1x 10002
91500 SELL 1x 9996
91600 SELL 22x 9995
91700 SELL 1x 9996
91800 SELL 1x 9996
91900 SELL 2x 9998
92000 SELL 7x 9998
92100 SELL 2x 9996
92200 SELL 2x 9996
92300 SELL 1x 10002
92400 SELL 1x 9996
92500 SELL 2x 9996
92600 SELL 26x 9995
92700 SELL 21x 9995
92800 SELL 20x 9995
92900 SELL 25x 9995
93000 SELL 2x 9996
93100 SELL 2x 9996
93200 SELL 3x 10002
93300 SELL 1x 9996
93400 SELL 30x 9995
93500 SELL 20x 9995
93600 SELL 1x 9996
93700 SELL 2x 9996
93800 SELL 1x 9996
93900 SELL 1x 10002
94000 SELL 1x 9996
94100 SELL 27x 9995
94200 SELL 10x 9998
94300 SELL 26x 9995
94400 SELL 3x 9998
94500 SELL 20x 9995
94600 SELL 25x 9995
94700 SELL 20x 9995
94800 SELL 1x 9996
94900 SELL 1x 10002
95000 SELL 28x 9995
95100 SELL 1x 9996
95200 SELL 9x 9998
95300 SELL 1x 9996
95400 SELL 1x 9996
95500 SELL 1x 9998
95600 SELL 23x 9995
95700 SELL 2x 9996
95800 SELL 2x 9996
95900 SELL 25x 9995
96000 SELL 2x 9996
96100 SELL 2x 9996
96200 SELL 1x 9996
96300 SELL 1x 10002
96400 SELL 2x 9996
96500 SELL 5x 9998
96600 SELL 1x 10002
96700 SELL 1x 9996
96800 SELL 26x 9995
96900 SELL 28x 9995
97000 SELL 5x 9998
97100 SELL 2x 9996
97200 SELL 2x 9996
97300 SELL 1x 9998
97400 SELL 2x 9996
97500 SELL 2x 9996
97600 SELL 26x 9995
97700 SELL 1x 9996
97800 SELL 24x 9995
97900 SELL 3x 9998
98000 SELL 1x 9996
98100 SELL 2x 9998
98200 SELL 1x 9996
98300 SELL 1x 9996
98400 SELL 6x 9998
98500 SELL 2x 9996
98600 SELL 4x 10002
98700 SELL 2x 9996
98800 SELL 1x 9996
98900 SELL 1x 9996
99000 SELL 2x 9996
99100 SELL 5x 9998
99200 SELL 1x 9996
99300 SELL 27x 9995
99400 SELL 27x 9995
99500 SELL 1x 9996
99600 SELL 6x 9998
99700 SELL 1x 10002
99800 SELL 3x 9998
99900 SELL 2x 9996
100000 SELL 3x 9998
100100 SELL 1x 9996
100200 SELL 30x 9995
100300 SELL 2x 9996
100400 SELL 1x 9996
100500 SELL 2x 9996
100600 SELL 2x 9996
100700 SELL 30x 9995
100800 SELL 1x 9996
100900 SELL 24x 9995
101000 SELL 6x 9998
101100 SELL 27x 9995
101200 SELL 28x 9995
101300 SELL 20x 9995
101400 SELL 21x 9995
101500 SELL 10x 9998
101600 SELL 2x 9996
101700 SELL 1x 10002
101800 SELL 2x 9996
101900 SELL 2x 9996
102000 SELL 1x 9996
102100 SELL 2x 9996
102200 SELL 1x 9996
102300 SELL 6x 9998
102400 SELL 1x 9996
102500 SELL 1x 9996
102600 SELL 1x 9998
102700 SELL 1x 9998
102800 SELL 27x 9995
102900 SELL 1x 9996
103000 SELL 27x 9995
103100 SELL 1x 9996
103200 SELL 30x 9995
103300 SELL 1x 9996
103400 SELL 2x 9996
103500 SELL 1x 9996
103600 SELL 1x 9996
103700 SELL 30x 9995
103800 SELL 2x 9996
103900 SELL 3x 9998
104000 SELL 1x 9996
104100 SELL 1x 9996
104200 SELL 2x 9996
104300 SELL 1x 9996
104400 SELL 1x 9996
104500 SELL 2x 9996
104600 SELL 1x 9996
104700 SELL 30x 9995
104800 SELL 4x 9998
104900 SELL 5x 9998
105000 SELL 21x 9995
105100 SELL 1x 10002
105200 SELL 2x 9996
105300 SELL 1x 9996
105400 SELL 2x 9996
105500 SELL 2x 9996
105600 SELL 28x 9995
105700 SELL 29x 9995
105800 SELL 2x 9996
105900 SELL 1x 10002
106000 SELL 5x 9998
106100 SELL 1x 9996
106200 SELL 2x 9996
106300 SELL 25x 9995
106400 SELL 2x 9996
106500 SELL 8x 9998
106600 SELL 30x 9995
106700 SELL 1x 9996
106800 SELL 6x 9998
106900 SELL 7x 9998
107000 SELL 2x 9998
107100 SELL 4x 10002
107200 SELL 2x 9996
107300 SELL 1x 9996
107400 SELL 10x 10002
107500 SELL 2x 9996
107600 SELL 25x 9995
107700 SELL 21x 9995
107800 SELL 1x 9996
107900 SELL 25x 9995
108000 SELL 8x 9998
108100 SELL 30x 9995
108200 SELL 25x 9995
108300 SELL 9x 10002
108400 SELL 9x 9998
108500 SELL 30x 9995
108600 SELL 1x 9996
108700 SELL 2x 9996
108800 SELL 2x 9996
108900 SELL 1x 9996
109000 SELL 2x 9998
109100 SELL 2x 9996
109200 SELL 25x 9995
109300 SELL 1x 10002
109400 SELL 2x 9996
109500 SELL 5x 9998
109600 SELL 5x 9998
109700 SELL 2x 9996
109800 SELL 2x 9996
109900 SELL 29x 9995
110000 SELL 1x 9996
110100 SELL 1x 9996
110200 SELL 28x 9995
110300 SELL 1x 9996
110400 SELL 26x 9995
110500 SELL 21x 9995
110600 SELL 1x 9996
110700 SELL 1x 10002
110800 SELL 2x 9996
110900 SELL 26x 9995
111000 SELL 26x 9995
111100 SELL 1x 9996
111200 SELL 6x 9998
111300 SELL 1x 9996
111400 SELL 21x 9995
111500 SELL 5x 10002
111600 SELL 1x 9996
111700 SELL 20x 9995
111800 SELL 2x 9996
111900 SELL 2x 9996
112000 SELL 1x 9996
112100 SELL 25x 9995
112200 SELL 20x 9995
112300 SELL 2x 9996
112400 SELL 28x 9995
112500 SELL 9x 9998
112600 SELL 29x 9995
112700 SELL 1x 9996
112800 SELL 27x 9995
112900 SELL 2x 9996
113000 SELL 1x 9996
113100 SELL 22x 9995
113200 SELL 1x 9996
113300 SELL 2x 9996
113400 SELL 1x 10002
113500 SELL 3x 9998
113600 SELL 24x 9995
113700 SELL 1x 9996
113800 SELL 2x 9996
113900 SELL 1x 9996
114000 SELL 2x 9996
114100 SELL 2x 9996
114200 SELL 1x 9996
114300 SELL 1x 9996
114400 SELL 2x 9996
114500 SELL 2x 9996
114600 SELL 1x 9996
114700 SELL 2x 9996
114800 SELL 21x 9995
114900 SELL 2x 9996
115000 SELL 2x 9996
115100 SELL 2x 9996
115200 SELL 5x 9998
115300 SELL 11x 10002
115400 SELL 9x 9998
115500 SELL 2x 9996
115600 SELL 1x 9996
115700 SELL 5x 9998
115800 SELL 30x 9995
115900 SELL 9x 9998
116000 SELL 1x 9996
116100 SELL 28x 9995
116200 SELL 1x 9998
116300 SELL 2x 9996
116400 SELL 2x 9996
116500 SELL 2x 9996
116600 SELL 2x 9996
116700 SELL 1x 9996
116800 SELL 30x 9995
116900 SELL 1x 9996
117000 SELL 21x 9995
117100 SELL 2x 9996
117200 SELL 1x 9996
117300 SELL 29x 9995
117400 SELL 2x 9996
117500 SELL 1x 9996
117600 SELL 4x 9998
117700 SELL 1x 9996
117800 SELL 1x 9996
117900 SELL 1x 9996
118000 SELL 1x 9996
118100 SELL 1x 10002
118200 SELL 1x 9996
118300 SELL 2x 10002
118400 SELL 1x 9996
118500 SELL 10x 9998
118600 SELL 7x 9998
118700 SELL 2x 9996
118800 SELL 24x 9995
118900 SELL 3x 10002
119000 SELL 1x 9996
119100 SELL 1x 10002
119200 SELL 1x 9996
119300 SELL 1x 9996
119400 SELL 2x 9996
119500 SELL 2x 9996
119600 SELL 25x 9995
119700 SELL 2x 9996
119800 SELL 26x 9995
119900 SELL 2x 9996
120000 SELL 1x 9996
120100 SELL 2x 9996
120200 SELL 4x 10002
120300 SELL 28x 9995
120400 SELL 5x 9998
120500 SELL 29x 9995
120600 SELL 10x 9998
120700 SELL 1x 9996
120800 SELL 2x 9996
120900 SELL 1x 10002
121000 SELL 2x 9996
121100 SELL 21x 9995
121200 SELL 27x 9995
121300 SELL 1x 9996
121400 SELL 20x 9995
121500 SELL 1x 10002
121600 SELL 2x 9996
121700 SELL 1x 9996
121800 SELL 27x 9995
121900 SELL 1x 10002
122000 SELL 1x 9996
122100 SELL 9x 9998
122200 SELL 2x 9996
122300 SELL 24x 9995
122400 SELL 22x 9995
122500 SELL 2x 9996
122600 SELL 4x 9998
122700 SELL 5x 10002
122800 SELL 2x 9996
122900 SELL 23x 9995
123000 SELL 27x 9995
123100 SELL 1x 10002
123200 SELL 2x 9996
123300 SELL 1x 9996
123400 SELL 1x 9996
123500 SELL 5x 9998
123600 SELL 30x 9995
123700 SELL 1x 9996
123800 SELL 2x 9996
123900 SELL 27x 9995
124000 SELL 1x 10002
124100 SELL 28x 9995
124200 SELL 2x 9996
124300 SELL 9x 9998
124400 SELL 24x 9995
124500 SELL 2x 9996
124600 SELL 30x 9995
124700 SELL 2x 9996
124800 SELL 28x 9995
124900 SELL 1x 9996
125000 SELL 27x 9995
125100 SELL 1x 9996
125200 SELL 6x 9998
125300 SELL 6x 9998
125400 SELL 2x 9996
125500 SELL 26x 9995
125600 SELL 1x 9996
125700 SELL 2x 9998
125800 SELL 1x 9996
125900 SELL 2x 10000
126000 SELL 2x 9996
126100 SELL 1x 9996
126200 SELL 4x 9998
126300 SELL 1x 9996
126400 SELL 1x 9996
126500 SELL 2x 9998
126600 SELL 10x 9998
126700 SELL 2x 9996
126800 SELL 1x 10002
126900 SELL 21x 9995
127000 SELL 2x 10002
127100 SELL 2x 9996
127200 SELL 1x 9998
127300 SELL 27x 9995
127400 SELL 1x 10002
127500 SELL 2x 9996
127600 SELL 10x 9998
127700 SELL 8x 9998
127800 SELL 2x 9996
127900 SELL 30x 9995
128000 SELL 2x 10002
128100 SELL 5x 9998
128200 SELL 2x 9996
128300 SELL 2x 9996
128400 SELL 1x 10002
128500 SELL 1x 9996
128600 SELL 2x 9998
128700 SELL 2x 9996
128800 SELL 9x 9998
128900 SELL 29x 9995
129000 SELL 2x 9996
129100 SELL 21x 9995
129200 SELL 25x 9995
129300 SELL 1x 9998
129400 SELL 20x 9995
129500 SELL 1x 9996
129600 SELL 7x 9998
129700 SELL 2x 9996
129800 SELL 26x 9995
129900 SELL 1x 9996
130000 SELL 2x 9996
130100 SELL 2x 9996
130200 SELL 24x 9995
130300 SELL 29x 9995
130400 SELL 5x 10002
130500 SELL 2x 9996
130600 SELL 1x 10002
130700 SELL 1x 9996
130800 SELL 8x 9998
130900 SELL 25x 9995
131000 SELL 1x 9996
131100 SELL 2x 9996
131200 SELL 1x 9996
131300 SELL 22x 9995
131400 SELL 23x 9995
131500 SELL 1x 9996
131600 SELL 6x 10000
131700 SELL 2x 9996
131800 SELL 2x 9998
131900 SELL 1x 9996
132000 SELL 2x 9996
132100 SELL 1x 10002
132200 SELL 2x 9996
132300 SELL 25x 9995
132400 SELL 23x 9995
132500 SELL 1x 9998
132600 SELL 4x 9998
132700 SELL 2x 9996
132800 SELL 30x 9995
132900 SELL 21x 9995
133000 SELL 2x 9996
133100 SELL 1x 9996
133200 SELL 10x 9998
133300 SELL 29x 9995
133400 SELL 5x 10000
133500 SELL 3x 9998
133600 SELL 2x 9996
133700 SELL 1x 9996
133800 SELL 2x 9996
133900 SELL 20x 9995
134000 SELL 1x 9996
134100 SELL 25x 9995
134200 SELL 7x 9998
134300 SELL 1x 9996
134400 SELL 1x 9996
134500 SELL 25x 9995
134600 SELL 1x 9996
134700 SELL 1x 9998
134800 SELL 2x 9996
134900 SELL 1x 9996
135000 SELL 3x 10002
135100 SELL 1x 10002
135200 SELL 1x 9996
135300 SELL 2x 9996
135400 SELL 1x 9996
135500 SELL 2x 9996
135600 SELL 24x 9995
135700 SELL 24x 9995
135800 SELL 2x 9996
135900 SELL 4x 10002
136000 SELL 2x 9996
136100 SELL 29x 9995
136200 SELL 21x 9995
136300 SELL 1x 9996
136400 SELL 28x 9995
136500 SELL 1x 9996
136600 SELL 27x 9995
136700 SELL 1x 9996
136800 SELL 25x 9995
136900 SELL 6x 9998
137000 SELL 1x 10002
137100 SELL 1x 10002
137200 SELL 22x 9995
137300 SELL 1x 9996
137400 SELL 22x 9995
137500 SELL 1x 9996
137600 SELL 1x 9996
137700 SELL 2x 9996
137800 SELL 2x 9996
137900 SELL 2x 9996
138000 SELL 22x 9995
138100 SELL 2x 9996
138200 SELL 1x 9996
138300 SELL 23x 9995
138400 SELL 9x 10002
138500 SELL 1x 9996
138600 SELL 1x 9996
138700 SELL 2x 9996
138800 SELL 21x 9995
138900 SELL 1x 9996
139000 SELL 1x 9996
139100 SELL 6x 10000
139200 SELL 22x 9995
139300 SELL 28x 9995
139400 SELL 1x 9996
139500 SELL 1x 9996
139600 SELL 26x 9995
139700 SELL 2x 9996
139800 SELL 2x 9996
139900 SELL 2x 9996
140000 SELL 25x 9995
140100 SELL 3x 9998
140200 SELL 1x 9996
140300 SELL 1x 9998
140400 SELL 9x 9998
140500 SELL 1x 9996
140600 SELL 2x 9996
140700 SELL 1x 9996
140800 SELL 2x 9996
140900 SELL 1x 9996
141000 SELL 1x 9996
141100 SELL 28x 9995
141200 SELL 22x 9995
141300 SELL 3x 10000
141400 SELL 26x 9995
141500 SELL 2x 9996
141600 SELL 2x 9996
141700 SELL 1x 10002
141800 SELL 21x 9995
141900 SELL 8x 9998
142000 SELL 29x 9995
142100 SELL 27x 9995
142200 SELL 21x 9995
142300 SELL 1x 9996
142400 SELL 23x 9995
142500 SELL 24x 9995
142600 SELL 2x 9996
142700 SELL 2x 9996
142800 SELL 5x 9998
142900 SELL 2x 9996
143000 SELL 2x 9996
143100 SELL 2x 9996
143200 SELL 1x 9996
143300 SELL 2x 9998
143400 SELL 1x 9996
143500 SELL 8x 9998
143600 SELL 1x 9996
143700 SELL 1x 9996
143800 SELL 4x 9998
143900 SELL 4x 10000
144000 SELL 2x 9996
144100 SELL 2x 9996
144200 SELL 6x 9998
144300 SELL 30x 9995
144400 SELL 1x 9996
144500 SELL 2x 9996
144600 SELL 2x 9998
144700 SELL 2x 9996
144800 SELL 1x 10002
144900 SELL 2x 9996
145000 SELL 1x 9996
145100 SELL 10x 9998
145200 SELL 1x 9996
145300 SELL 2x 9996
145400 SELL 1x 9996
145500 SELL 2x 9996
145600 SELL 30x 9995
145700 SELL 1x 9996
145800 SELL 1x 9998
145900 SELL 2x 10002
146000 SELL 2x 9996
146100 SELL 27x 9995
146200 SELL 2x 9996
146300 SELL 21x 9995
146400 SELL 8x 9998
146500 SELL 2x 9996
146600 SELL 2x 9996
146700 SELL 2x 9996
146800 SELL 8x 9998
146900 SELL 1x 9996
147000 SELL 1x 10002
147100 SELL 8x 9998
147200 SELL 23x 9995
147300 SELL 2x 9996
147400 SELL 1x 9996
147500 SELL 24x 9995
147600 SELL 1x 9996
147700 SELL 1x 10002
147800 SELL 1x 9996
147900 SELL 2x 9996
148000 SELL 4x 10002
148100 SELL 24x 9995
148200 SELL 2x 9996
148300 SELL 5x 10002
148400 SELL 1x 9996
148500 SELL 7x 9998
148600 SELL 1x 9996
148700 SELL 25x 9995
148800 SELL 2x 9996
148900 SELL 1x 9996
149000 SELL 1x 9996
149100 SELL 6x 9998
149200 SELL 5x 9998
149300 SELL 2x 9998
149400 SELL 24x 9995
149500 SELL 21x 9995
149600 SELL 6x 9998
149700 SELL 4x 9998
149800 SELL 2x 9996
149900 SELL 29x 9995
150000 SELL 6x 9998
150100 SELL 2x 9996
150200 SELL 3x 9998
150300 SELL 1x 10002
150400 SELL 5x 9998
150500 SELL 1x 10002
150600 SELL 1x 10002
150700 SELL 1x 9996
150800 SELL 5x 9998
150900 SELL 30x 9995
151000 SELL 6x 9998
151100 SELL 21x 9995
151200 SELL 7x 9998
151300 SELL 24x 9995
151400 SELL 2x 9996
151500 SELL 2x 9996
151600 SELL 1x 9996
151700 SELL 22x 9995
151800 SELL 26x 9995
151900 SELL 1x 9996
152000 SELL 5x 10000
152100 SELL 1x 10002
152200 SELL 5x 9998
152300 SELL 27x 9995
152400 SELL 1x 9996
152500 SELL 27x 9995
152600 SELL 8x 9998
152700 SELL 1x 9996
152800 SELL 1x 9996
152900 SELL 1x 9996
153000 SELL 2x 9996
153100 SELL 2x 9996
153200 SELL 2x 10002
153300 SELL 2x 9996
153400 SELL 20x 9995
153500 SELL 10x 9998
153600 SELL 2x 9996
153700 SELL 26x 9995
153800 SELL 2x 9996
153900 SELL 28x 9995
154000 SELL 2x 9996
154100 SELL 2x 9996
154200 SELL 1x 9996
154300 SELL 23x 9995
154400 SELL 26x 9995
154500 SELL 2x 9996
154600 SELL 2x 9998
154700 SELL 2x 9996
154800 SELL 2x 9996
154900 SELL 2x 9996
155000 SELL 2x 9996
155100 SELL 5x 10002
155200 SELL 3x 9998
155300 SELL 2x 9996
155400 SELL 1x 9996
155500 SELL 23x 9995
155600 SELL 2x 9996
155700 SELL 5x 9998
155800 SELL 28x 9995
155900 SELL 2x 9996
156000 SELL 3x 10002
156100 SELL 1x 10002
156200 SELL 1x 9996
156300 SELL 26x 9995
156400 SELL 2x 9998
156500 SELL 1x 9996
156600 SELL 5x 9998
156700 SELL 6x 9998
156800 SELL 1x 9998
156900 SELL 26x 9995
157000 SELL 3x 10000
157100 SELL 1x 9996
157200 SELL 2x 9996
157300 SELL 9x 9998
157400 SELL 2x 9996
157500 SELL 2x 9996
157600 SELL 2x 9996
157700 SELL 1x 9996
157800 SELL 1x 9996
157900 SELL 5x 9998
158000 SELL 29x 9995
158100 SELL 2x 9996
158200 SELL 2x 9996
158300 SELL 5x 9998
158400 SELL 1x 9996
158500 SELL 1x 10002
158600 SELL 1x 9996
158700 SELL 29x 9995
158800 SELL 1x 9996
158900 SELL 20x 9995
159000 SELL 1x 9996
159100 SELL 1x 9996
159200 SELL 20x 9995
159300 SELL 2x 9996
159400 SELL 1x 9996
159500 SELL 25x 9995
159600 SELL 2x 9996
159700 SELL 1x 9996
159800 SELL 6x 10002
159900 SELL 20x 9995
160000 SELL 6x 10000
160100 SELL 3x 10000
160200 SELL 2x 9996
160300 SELL 1x 9996
160400 SELL 1x 9996
160500 SELL 2x 9996
160600 SELL 1x 9996
160700 SELL 2x 9996
160800 SELL 1x 9996
160900 SELL 2x 9996
161000 SELL 2x 9996
161100 SELL 1x 9996
161200 SELL 24x 9995
161300 SELL 1x 9996
161400 SELL 1x 9996
161500 SELL 23x 9995
161600 SELL 1x 10002
161700 SELL 1x 9996
161800 SELL 2x 9998
161900 SELL 28x 9995
162000 SELL 1x 9996
162100 SELL 2x 9996
162200 SELL 3x 9998
162300 SELL 2x 9996
162400 SELL 8x 9998
162500 SELL 29x 9995
162600 SELL 2x 9996
162700 SELL 28x 9995
162800 SELL 20x 9995
162900 SELL 2x 9996
163000 SELL 8x 9998
163100 SELL 2x 9996
163200 SELL 2x 9996
163300 SELL 1x 9996
163400 SELL 1x 9996
163500 SELL 27x 9995
163600 SELL 2x 10002
163700 SELL 20x 9995
163800 SELL 2x 9996
163900 SELL 5x 10000
164000 SELL 22x 9995
164100 SELL 1x 10002
164200 SELL 23x 9995
164300 SELL 2x 9996
164400 SELL 1x 9996
164500 SELL 6x 9998
164600 SELL 2x 9996
164700 SELL 27x 9995
164800 SELL 1x 9996
164900 SELL 24x 9995
165000 SELL 1x 9996
165100 SELL 1x 9996
165200 SELL 1x 10002
165300 SELL 1x 9996
165400 SELL 2x 9996
165500 SELL 1x 9996
165600 SELL 28x 9995
165700 SELL 1x 9996
165800 SELL 2x 9998
165900 SELL 1x 9996
166000 SELL 1x 9996
166100 SELL 22x 9995
166200 SELL 1x 10002
166300 SELL 2x 9996
166400 SELL 4x 9998
166500 SELL 29x 9995
166600 SELL 2x 9996
166700 SELL 21x 9995
166800 SELL 2x 9996
166900 SELL 2x 9996
167000 SELL 2x 9996
167100 SELL 2x 9996
167200 SELL 23x 9995
167300 SELL 26x 9995
167400 SELL 1x 9996
167500 SELL 1x 9996
167600 SELL 25x 9995
167700 SELL 9x 9998
167800 SELL 2x 9996
167900 SELL 1x 9996
168000 SELL 29x 9995
168100 SELL 1x 9996
168200 SELL 25x 9995
168300 SELL 20x 9995
168400 SELL 5x 9998
168500 SELL 2x 9996
168600 SELL 9x 9998
168700 SELL 20x 9995
168800 SELL 9x 9998
168900 SELL 23x 9995
169000 SELL 1x 9996
169100 SELL 29x 9995
169200 SELL 29x 9995
169300 SELL 1x 9996
169400 SELL 2x 10002
169500 SELL 30x 9995
169600 SELL 1x 9996
169700 SELL 6x 9998
169800 SELL 2x 9996
169900 SELL 1x 9996
170000 SELL 20x 9995
170100 SELL 2x 9996
170200 SELL 1x 9996
170300 SELL 1x 9996
170400 SELL 2x 9998
170500 SELL 26x 9995
170600 SELL 2x 9996
170700 SELL 1x 9996
170800 SELL 2x 9998
170900 SELL 1x 9996
171000 SELL 2x 9996
171100 SELL 30x 9995
171200 SELL 1x 9996
171300 SELL 7x 9998
171400 SELL 1x 9996
171500 SELL 1x 9996
171600 SELL 1x 9996
171700 SELL 2x 10002
171800 SELL 22x 9995
171900 SELL 6x 10000
172000 SELL 30x 9995
172100 SELL 2x 9996
172200 SELL 9x 9998
172300 SELL 28x 9995
172400 SELL 23x 9995
172500 SELL 2x 9996
172600 SELL 2x 9996
172700 SELL 2x 9996
172800 SELL 30x 9995
172900 SELL 20x 9995
173000 SELL 6x 9998
173100 SELL 30x 9995
173200 SELL 2x 9996
173300 SELL 1x 9996
173400 SELL 2x 9996
173500 SELL 1x 9996
173600 SELL 1x 9998
173700 SELL 20x 9995
173800 SELL 29x 9995
173900 SELL 1x 9996
174000 SELL 1x 9996
174100 SELL 20x 9995
174200 SELL 1x 9996
174300 SELL 1x 9996
174400 SELL 1x 10002
174500 SELL 1x 10002
174600 SELL 28x 9995
174700 SELL 1x 9996
174800 SELL 1x 9996
174900 SELL 1x 9996
175000 SELL 1x 9996
175100 SELL 23x 9995
175200 SELL 2x 9996
175300 SELL 22x 9995
175400 SELL 27x 9995
175500 SELL 1x 9996
175600 SELL 1x 9996
175700 SELL 2x 9996
175800 SELL 26x 9995
175900 SELL 20x 9995
176000 SELL 7x 9998
176100 SELL 2x 9996
176200 SELL 1x 9996
176300 SELL 5x 9998
176400 SELL 3x 9998
176500 SELL 2x 9996
176600 SELL 2x 9996
176700 SELL 6x 9998
176800 SELL 26x 9995
176900 SELL 2x 9996
177000 SELL 1x 9996
177100 SELL 2x 9996
177200 SELL 2x 9996
177300 SELL 30x 9995
177400 SELL 1x 9996
177500 SELL 2x 9996
177600 SELL 29x 9995
177700 SELL 1x 9996
177800 SELL 2x 9996
177900 SELL 2x 9996
178000 SELL 23x 9995
178100 SELL 2x 9996
178200 SELL 21x 9995
178300 SELL 2x 9996
178400 SELL 23x 9995
178500 SELL 2x 9996
178600 SELL 3x 9998
178700 SELL 4x 9998
178800 SELL 2x 9996
178900 SELL 3x 9998
179000 SELL 2x 9996
179100 SELL 2x 9996
179200 SELL 1x 9996
179300 SELL 2x 9996
179400 SELL 5x 10000
179500 SELL 1x 10002
179600 SELL 2x 9996
179700 SELL 2x 9996
179800 SELL 28x 9995
179900 SELL 4x 10002
180000 SELL 1x 9996
180100 SELL 21x 9995
180200 SELL 1x 9996
180300 SELL 20x 9995
180400 SELL 27x 9995
180500 SELL 26x 9995
180600 SELL 1x 10002
180700 SELL 27x 9995
180800 SELL 1x 9996
180900 SELL 1x 9996
181000 SELL 9x 9998
181100 SELL 23x 9995
181200 SELL 2x 9996
181300 SELL 1x 9996
181400 SELL 1x 9996
181500 SELL 2x 9996
181600 SELL 3x 10002
181700 SELL 7x 9998
181800 SELL 1x 9996
181900 SELL 2x 9996
182000 SELL 2x 9996
182100 SELL 1x 9996
182200 SELL 7x 9998
182300 SELL 23x 9995
182400 SELL 1x 9996
182500 SELL 1x 10002
182600 SELL 2x 9996
182700 SELL 2x 9996
182800 SELL 2x 9996
182900 SELL 20x 9995
183000 SELL 1x 10002
183100 SELL 1x 9998
183200 SELL 1x 9996
183300 SELL 2x 9996
183400 SELL 2x 9996
183500 SELL 2x 9996
183600 SELL 26x 9995
183700 SELL 1x 9996
183800 SELL 2x 9996
183900 SELL 2x 9996
184000 SELL 1x 9996
184100 SELL 26x 9995
184200 SELL 1x 9996
184300 SELL 2x 9996
184400 SELL 2x 9996
184500 SELL 21x 9995
184600 SELL 2x 9996
184700 SELL 1x 9996
184800 SELL 5x 9998
184900 SELL 2x 9998
185000 SELL 1x 9996
185100 SELL 1x 9996
185200 SELL 22x 9995
185300 SELL 2x 9996
185400 SELL 8x 9998
185500 SELL 2x 9996
185600 SELL 2x 9996
185700 SELL 1x 9998
185800 SELL 2x 9996
185900 SELL 24x 9995
186000 SELL 2x 9996
186100 SELL 2x 9996
186200 SELL 1x 9996
186300 SELL 8x 9998
186400 SELL 1x 9996
186500 SELL 26x 9995
186600 SELL 28x 9995
186700 SELL 1x 9996
186800 SELL 23x 9995
186900 SELL 2x 9996
187000 SELL 30x 9995
187100 SELL 2x 9996
187200 SELL 23x 9995
187300 SELL 23x 9995
187400 SELL 27x 9995
187500 SELL 1x 9998
187600 SELL 10x 10002
187700 SELL 2x 9996
187800 SELL 8x 9998
187900 SELL 4x 9998
188000 SELL 27x 9995
188100 SELL 1x 9996
188200 SELL 1x 9996
188300 SELL 1x 9996
188400 SELL 1x 9996
188500 SELL 29x 9995
188600 SELL 24x 9995
188700 SELL 2x 9996
188800 SELL 1x 9998
188900 SELL 1x 9996
189000 SELL 1x 9996
189100 SELL 2x 9996
189200 SELL 2x 9996
189300 SELL 22x 9995
189400 SELL 2x 9996
189500 SELL 2x 9996
189600 SELL 8x 10002
189700 SELL 1x 9996
189800 SELL 23x 9995
189900 SELL 2x 9996
190000 SELL 1x 9996
190100 SELL 26x 9995
190200 SELL 30x 9995
190300 SELL 2x 9996
190400 SELL 9x 9998
190500 SELL 2x 9996
190600 SELL 2x 9996
190700 SELL 2x 9996
190800 SELL 2x 9996
190900 SELL 26x 9995
191000 SELL 2x 9996
191100 SELL 1x 9996
191200 SELL 2x 9996
191300 SELL 5x 9998
191400 SELL 1x 9998
191500 SELL 5x 9998
191600 SELL 1x 9996
191700 SELL 28x 9995
191800 SELL 28x 9995
191900 SELL 2x 9996
192000 SELL 2x 9996
192100 SELL 2x 9996
192200 SELL 27x 9995
192300 SELL 26x 9995
192400 SELL 27x 9995
192500 SELL 2x 9996
192600 SELL 2x 9996
192700 SELL 1x 9996
192800 SELL 20x 9995
192900 SELL 2x 10000
193000 SELL 28x 9995
193100 SELL 1x 9996
193200 SELL 22x 9995
193300 SELL 2x 9996
193400 SELL 24x 9995
193500 SELL 1x 9996
193600 SELL 1x 9996
193700 SELL 21x 9995
193800 SELL 1x 9998
193900 SELL 2x 9996
194000 SELL 1x 9996
194100 SELL 2x 9996
194200 SELL 1x 10002
194300 SELL 1x 9996
194400 SELL 7x 10002
194500 SELL 1x 9996
194600 SELL 2x 9996
194700 SELL 28x 9995
194800 SELL 30x 9995
194900 SELL 25x 9995
195000 SELL 1x 10002
195100 SELL 1x 9996
195200 SELL 21x 9995
195300 SELL 1x 9996
195400 SELL 5x 9998
195500 SELL 1x 10002
195600 SELL 8x 9998
195700 SELL 8x 9998
195800 SELL 1x 9996
195900 SELL 2x 9996
196000 SELL 30x 9995
196100 SELL 1x 9996
196200 SELL 2x 9996
196300 SELL 9x 9998
196400 SELL 7x 9998
196500 SELL 20x 9995
196600 SELL 24x 9995
196700 SELL 10x 9998
196800 SELL 6x 10000
196900 SELL 26x 9995
197000 SELL 1x 9996
197100 SELL 1x 10002
197200 SELL 26x 9995
197300 SELL 4x 9998
197400 SELL 1x 9996
197500 SELL 5x 9998
197600 SELL 1x 9996
197700 SELL 23x 9995
197800 SELL 1x 9996
197900 SELL 2x 9996
198000 SELL 28x 9995
198100 SELL 1x 9996
198200 SELL 2x 9996
198300 SELL 2x 9996
198400 SELL 2x 9998
198500 SELL 2x 9996
198600 SELL 1x 9996
198700 SELL 5x 9998
198800 SELL 28x 9995
198900 SELL 1x 9996
199000 SELL 2x 9996
199100 SELL 2x 9996
199200 SELL 2x 9996
199300 SELL 1x 9996
199400 SELL 4x 10002
199500 SELL 1x 9996
199600 SELL 28x 9995
199700 SELL 1x 10002
199800 SELL 1x 9996
199900 SELL 9x 9998


Submission logs:
2023-03-20T04:40:06Z Orders for product PEARLS exceeded limit of 20 set
2023-03-20T04:40:07Z Orders for product PEARLS exceeded limit of 20 set
2023-03-20T04:40:08Z Orders for product PEARLS exceeded limit of 20 set
2023-03-20T04:40:09Z Orders for product PEARLS exceeded limit of 20 set
2023-03-20T04:40:10Z Orders for product PEARLS exceeded limit of 20 set
2023-03-20T04:40:11Z Orders for product PEARLS exceeded limit of 20 set
2023-03-20T04:40:12Z Orders for product PEARLS exceeded limit of 20 set
2023-03-20T04:40:13Z Orders for product PEARLS exceeded limit of 20 set
2023-03-20T04:40:14Z Orders for product PEARLS exceeded limit of 20 set
2023-03-20T04:40:15Z Orders for product PEARLS exceeded limit of 20 set
2023-03-20T04:40:16Z Orders for product PEARLS exceeded limit of 20 set
2023-03-20T04:40:17Z Orders for product PEARLS exceeded limit of 20 set
2023-03-20T04:40:18Z Orders for product PEARLS exceeded limit of 20 set
2023-03-20T04:40:19Z Orders for product PEARLS exceeded limit of 20 set
2023-03-20T04:40:20Z Orders for product PEARLS exceeded limit of 20 set
2023-03-20T04:40:21Z Orders for product PEARLS exceeded limit of 20 set
2023-03-20T04:40:22Z Orders for product PEARLS exceeded limit of 20 set
2023-03-20T04:40:23Z Orders for product PEARLS exceeded limit of 20 set
2023-03-20T04:40:24Z Orders for product PEARLS exceeded limit of 20 set
2023-03-20T04:40:25Z Orders for product PEARLS exceeded limit of 20 set
2023-03-20T04:40:26Z Orders for product PEARLS exceeded limit of 20 set
2023-03-20T04:40:27Z Orders for product PEARLS exceeded limit of 20 set
2023-03-20T04:40:28Z Orders for product PEARLS exceeded limit of 20 set
2023-03-20T04:40:29Z Orders for product PEARLS exceeded limit of 20 set
2023-03-20T04:40:30Z Orders for product PEARLS exceeded limit of 20 set
2023-03-20T04:40:31Z Orders for product PEARLS exceeded limit of 20 set
2023-03-20T04:40:32Z Orders for product PEARLS exceeded limit of 20 set
2023-03-20T04:40:33Z Orders for product PEARLS exceeded limit of 20 set
2023-03-20T04:40:34Z Orders for product PEARLS exceeded limit of 20 set
2023-03-20T04:40:35Z Orders for product PEARLS exceeded limit of 20 set
2023-03-20T04:40:36Z Orders for product PEARLS exceeded limit of 20 set
2023-03-20T04:40:37Z Orders for product PEARLS exceeded limit of 20 set
2023-03-20T04:40:38Z Orders for product PEARLS exceeded limit of 20 set
2023-03-20T04:40:39Z Orders for product PEARLS exceeded limit of 20 set
2023-03-20T04:40:40Z Orders for product PEARLS exceeded limit of 20 set
2023-03-20T04:40:41Z Orders for product PEARLS exceeded limit of 20 set
2023-03-20T04:40:42Z Orders for product PEARLS exceeded limit of 20 set
2023-03-20T04:40:43Z Orders for product PEARLS exceeded limit of 20 set
2023-03-20T04:40:44Z Orders for product PEARLS exceeded limit of 20 set
2023-03-20T04:40:45Z Orders for product PEARLS exceeded limit of 20 set
2023-03-20T04:40:46Z Orders for product PEARLS exceeded limit of 20 set